#
# A fatal error has been detected by the Java Runtime Environment:
#
#  SIGILL (0x4) at pc=0x00007ff809a6c8a2, pid=13823, tid=259
#
# JRE version: Java(TM) SE Runtime Environment (17.0+35) (build 17+35-LTS-2724)
# Java VM: Java HotSpot(TM) 64-Bit Server VM (17+35-LTS-2724, mixed mode, sharing, tiered, compressed oops, compressed class ptrs, g1 gc, bsd-amd64)
# Problematic frame:
# C  [AppKit+0x3a28a2]  -[NSApplication _crashOnException:]+0x11f
#
# No core dump will be written. Core dumps have been disabled. To enable core dumping, try "ulimit -c unlimited" before starting Java again
#
# If you would like to submit a bug report, please visit:
#   https://bugreport.java.com/bugreport/crash.jsp
# The crash happened outside the Java Virtual Machine in native code.
# See problematic frame for where to report the bug.
#

---------------  S U M M A R Y ------------

Command Line: -Dfile.encoding=UTF-8 -Duser.country=DE -Duser.language=en -Duser.variant tud.ai1.shisen.view.Launch

Host: "MacBookAir10,1" x86_64 (EMULATED) 2400 MHz, 8 cores, 16G, Darwin 22.5.0, macOS 13.4 (22F66)
Time: Wed Jul  5 19:15:03 2023 CEST elapsed time: 0.878708 seconds (0d 0h 0m 0s)

---------------  T H R E A D  ---------------

Current thread (0x00007fcb6080fa00):  JavaThread "AppKit Thread" daemon [_thread_in_native, id=259, stack(0x0000000303e8e000,0x000000030468e000)]

Stack: [0x0000000303e8e000,0x000000030468e000],  sp=0x0000000304689270,  free space=8172k
Native frames: (J=compiled Java code, j=interpreted, Vv=VM code, C=native code)
C  [AppKit+0x3a28a2]  -[NSApplication _crashOnException:]+0x11f
C  [AppKit+0x19d20b]  __62+[CATransaction(NSCATransaction) NS_setFlushesWithDisplayLink]_block_invoke+0x359
C  [AppKit+0x9afe90]  ___NSRunLoopObserverCreateWithHandler_block_invoke+0x29
C  [CoreFoundation+0x7be27]  __CFRUNLOOP_IS_CALLING_OUT_TO_AN_OBSERVER_CALLBACK_FUNCTION__+0x17
C  [CoreFoundation+0x7bd46]  __CFRunLoopDoObservers+0x1e2
C  [CoreFoundation+0x7b2d1]  __CFRunLoopRun+0x35b
C  [CoreFoundation+0x7a91c]  CFRunLoopRunSpecific+0x230
C  [HIToolbox+0x2edad]  RunCurrentEventLoopInMode+0x124
C  [HIToolbox+0x2ebbe]  ReceiveNextEventCommon+0x291
C  [HIToolbox+0x2e918]  _BlockUntilNextEventMatchingListInModeWithFilter+0x40
C  [AppKit+0x3e5d0]  _DPSNextEvent+0x35a
C  [AppKit+0x3d47a]  -[NSApplication(NSEvent) _nextEventMatchingEventMask:untilDate:inMode:dequeue:]+0x4be
C  [libosxapp.dylib+0x459a]  -[NSApplicationAWT nextEventMatchingMask:untilDate:inMode:dequeue:]+0x7a
C  [AppKit+0x2fae8]  -[NSApplication run]+0x24a
C  [libosxapp.dylib+0x4369]  +[NSApplicationAWT runAWTLoopWithApp:]+0xa9
C  [libawt_lwawt.dylib+0x68830]  +[AWTStarter starter:headless:]+0x1f0
C  [libosxapp.dylib+0x603f]  +[ThreadUtilities invokeBlockCopy:]+0xf
C  [Foundation+0x7f793]  __NSThreadPerformPerform+0xb1
C  [CoreFoundation+0x7c906]  __CFRUNLOOP_IS_CALLING_OUT_TO_A_SOURCE0_PERFORM_FUNCTION__+0x11
C  [CoreFoundation+0x7c8a9]  __CFRunLoopDoSource0+0x9d
C  [CoreFoundation+0x7c686]  __CFRunLoopDoSources0+0xd9
C  [CoreFoundation+0x7b30a]  __CFRunLoopRun+0x394
C  [CoreFoundation+0x7a91c]  CFRunLoopRunSpecific+0x230
C  [libjli.dylib+0x70b2]  CreateExecutionEnvironment+0x182
C  [libjli.dylib+0x2c15]  JLI_Launch+0x585
C  [java+0x3c09]  main+0x189
C  0x000000020039c41f


siginfo: si_signo: 4 (SIGILL), si_code: 1 (ILL_ILLOPC), si_addr: 0x00007ff809a6c8a2

Register to memory mapping:

RAX=0x00007fcb6119de00 points into unknown readable memory: 0x65726f4320202030 | 30 20 20 20 43 6f 72 65
RBX=0x00007ff8062a6740: objc_msgSend+0 in /usr/lib/libobjc.A.dylib at 0x00007ff8062a0000
RCX=0x75f36baed9cc00f9 is an unknown value
RDX=0x0000000000000f1b is an unknown value
RSP=0x0000000304689270 is pointing into the stack for thread: 0x00007fcb6080fa00
RBP=0x00000003046892a0 is pointing into the stack for thread: 0x00007fcb6080fa00
RSI=0x0000000304688e10 is pointing into the stack for thread: 0x00007fcb6080fa00
RDI=0x00007fcb6119de00 points into unknown readable memory: 0x65726f4320202030 | 30 20 20 20 43 6f 72 65
R8 =0x0 is NULL
R9 =0x00007fcb6119ed1b points into unknown readable memory: 00 ff ff ff ff
R10=0x2020202020202020 is an unknown value
R11=0x3030783020202020 is an unknown value
R12=0x00007fcb6100b070 points into unknown readable memory: 0x0000000000000000 | 00 00 00 00 00 00 00 00
R13=0x00006000005fa120 points into unknown readable memory: 0x011dfff849d2c4a1 | a1 c4 d2 49 f8 ff 1d 01
R14=0x0000600003afa580 points into unknown readable memory: 0x021dfff849d2ce51 | 51 ce d2 49 f8 ff 1d 02
R15=0x00007ff825d59397 points into unknown readable memory: 63


Registers:
RAX=0x00007fcb6119de00, RBX=0x00007ff8062a6740, RCX=0x75f36baed9cc00f9, RDX=0x0000000000000f1b
RSP=0x0000000304689270, RBP=0x00000003046892a0, RSI=0x0000000304688e10, RDI=0x00007fcb6119de00
R8 =0x0000000000000000, R9 =0x00007fcb6119ed1b, R10=0x2020202020202020, R11=0x3030783020202020
R12=0x00007fcb6100b070, R13=0x00006000005fa120, R14=0x0000600003afa580, R15=0x00007ff825d59397
RIP=0x00007ff809a6c8a2, EFLAGS=0x0000000000000202, ERR=0x0000000000000000
  TRAPNO=0x0000000000000006

Top of Stack: (sp=0x0000000304689270)
0x0000000304689270:   03abd4d008420102 0000000000006000
0x0000000304689280:   0000000000000000 00006000005f22c0
0x0000000304689290:   00006000021a2400 00006000005fa120
0x00000003046892a0:   00000003046893e0 00007ff80986720b
0x00000003046892b0:   00007fcb620448b0 00007ff80646ecba
0x00000003046892c0:   00007fcb61a0e260 00007ff80660a72d
0x00000003046892d0:   0000000000000002 00000000ffffffff
0x00000003046892e0:   0000000000000000 ffff9ffffc549870
0x00000003046892f0:   00007ff849d1a270 00006000001f00c0
0x0000000304689300:   0000000304689380 00007ff8062c5af9
0x0000000304689310:   0000000000000280 00007ff849d178c8
0x0000000304689320:   00007ff849d178c0 0000600003ab6790
0x0000000304689330:   0000000304689380 00007ff8062a9283
0x0000000304689340:   00007ff80000000e 0000000000000000
0x0000000304689350:   00007ff849d178c0 0000600003ab6790
0x0000000304689360:   0000000000000000 ffff9ffffc549540
0x0000000304689370:   00007ff849d1a270 00006000001f00c0
0x0000000304689380:   0000000304689400 00007ff8062c5af9
0x0000000304689390:   0000000000000640 00007ff849d17c88
0x00000003046893a0:   00007ff849d17c80 0000600003ab6ac0
0x00000003046893b0:   75f36baed9cc00f9 0000600003aa43c0
0x00000003046893c0:   00007fcb6100b070 00006000005fa120
0x00000003046893d0:   0000000000000002 00006000005fa120
0x00000003046893e0:   0000000304689410 00007ff80a079e90
0x00000003046893f0:   0000600003aa43c0 00007ff8067162e4
0x0000000304689400:   0000000000000002 0000000000000000
0x0000000304689410:   0000000304689420 00007ff806715e27
0x0000000304689420:   00000003046894e0 00007ff806715d46
0x0000000304689430:   00006000005fa120 0000000000000020
0x0000000304689440:   00007ff849d2c158 00007ff806715bfb
0x0000000304689450:   0000600003af4060 0000000500002d8a
0x0000000304689460:   0000000304689430 0000600000ff4000 

Instructions: (pc=0x00007ff809a6c8a2)
0x00007ff809a6c7a2:   00 e8 84 ad 91 00 84 c0 74 40 48 8b 35 25 b6 c7
0x00007ff809a6c7b2:   3c 4c 89 f7 ff 15 64 57 51 3e 4c 8d 45 d0 41 c7
0x00007ff809a6c7c2:   00 02 01 42 08 49 89 40 04 48 8d 3d 2e d8 c5 ff
0x00007ff809a6c7d2:   48 8d 0d 97 c3 9e 00 48 89 de ba 10 00 00 00 41
0x00007ff809a6c7e2:   b9 0c 00 00 00 e8 4a a6 91 00 e8 ad 2e 82 00 48
0x00007ff809a6c7f2:   89 c3 48 89 c7 be 10 00 00 00 e8 2b ad 91 00 4c
0x00007ff809a6c802:   8b 3d 28 7a c7 3c 84 c0 74 3c 4c 89 f7 4c 89 fe
0x00007ff809a6c812:   ff 15 08 57 51 3e 4c 8d 45 d0 41 c7 00 02 01 42
0x00007ff809a6c822:   08 49 89 40 04 48 8d 3d d2 d7 c5 ff 48 8d 0d 3b
0x00007ff809a6c832:   c3 9e 00 48 89 de ba 10 00 00 00 41 b9 0c 00 00
0x00007ff809a6c842:   00 e8 ee a5 91 00 48 8b 35 89 b5 c7 3c 48 8b 1d
0x00007ff809a6c852:   ca 56 51 3e 4c 89 f7 ff d3 48 8d 3d c6 8d a7 3c
0x00007ff809a6c862:   48 89 c6 31 c0 e8 0d dd e3 ff 4c 89 f7 4c 89 fe
0x00007ff809a6c872:   ff d3 48 8b 35 9d 92 c7 3c 48 8d 15 26 7e a7 3c
0x00007ff809a6c882:   48 89 c7 ff 15 95 56 51 3e 48 8b 35 86 49 c5 3c
0x00007ff809a6c892:   48 89 c7 ff 15 85 56 51 3e 48 89 05 de 80 67 3e
0x00007ff809a6c8a2:   0f 0b 48 89 c7 e8 0c ab 91 00 31 ff 31 f6 31 c0
0x00007ff809a6c8b2:   e8 c2 dc e3 ff e8 2c ab 91 00 0f 0b eb 00 48 89
0x00007ff809a6c8c2:   c3 e8 14 ab 91 00 48 89 df e8 22 a4 91 00 e8 03
0x00007ff809a6c8d2:   ac 91 00 90 55 48 89 e5 41 57 41 56 41 55 41 54
0x00007ff809a6c8e2:   53 48 83 ec 68 4d 89 c6 f2 0f 11 4d 90 f2 0f 11
0x00007ff809a6c8f2:   45 98 49 89 cd 48 89 d3 48 8b 35 e7 91 c9 3c 48
0x00007ff809a6c902:   89 d7 ff 15 16 56 51 3e 48 83 f8 01 0f 85 9a 01
0x00007ff809a6c912:   00 00 4c 89 75 d0 31 ff e8 03 95 91 00 48 89 45
0x00007ff809a6c922:   c8 48 8b 35 6e ae c9 3c 4c 8b 25 ef 55 51 3e 48
0x00007ff809a6c932:   89 df 41 ff d4 48 89 c7 ff 15 48 56 51 3e 49 89
0x00007ff809a6c942:   c7 48 8b 35 06 55 c8 3c 48 89 df 41 ff d4 f2 0f
0x00007ff809a6c952:   11 45 b8 f2 0f 11 4d c0 48 8b 35 b7 6c c8 3c 48
0x00007ff809a6c962:   8b 05 d0 bf c7 3c 48 89 45 a0 48 8d 05 1d d9 66
0x00007ff809a6c972:   3e 4c 8b 00 ba 44 00 00 00 4c 89 ff 4c 89 e9 45
0x00007ff809a6c982:   31 c9 41 ff d4 48 85 c0 0f 84 38 01 00 00 48 89
0x00007ff809a6c992:   c3 4c 89 6d 88 48 89 df 4c 8b 35 af 54 c8 3c 4c 


Stack slot to memory mapping:
stack at sp + 0 slots: 0x03abd4d008420102 is an unknown value
stack at sp + 1 slots: 0x0000000000006000 is an unknown value
stack at sp + 2 slots: 0x0 is NULL
stack at sp + 3 slots: 0x00006000005f22c0 points into unknown readable memory: 0x434c4e47432b2b00 | 00 2b 2b 43 47 4e 4c 43
stack at sp + 4 slots: 0x00006000021a2400 points into unknown readable memory: 0x00007ff849d1a270 | 70 a2 d1 49 f8 7f 00 00
stack at sp + 5 slots: 0x00006000005fa120 points into unknown readable memory: 0x011dfff849d2c4a1 | a1 c4 d2 49 f8 ff 1d 01
stack at sp + 6 slots: 0x00000003046893e0 is pointing into the stack for thread: 0x00007fcb6080fa00
stack at sp + 7 slots: 0x00007ff80986720b: __62+[CATransaction(NSCATransaction) NS_setFlushesWithDisplayLink]_block_invoke+0x359 in /System/Library/Frameworks/AppKit.framework/Versions/C/AppKit at 0x00007ff8096ca000


---------------  P R O C E S S  ---------------

Threads class SMR info:
_java_thread_list=0x00006000034de500, length=13, elements={
0x00007fcb60809c00, 0x00007fcb61852c00, 0x00007fcb608ae600, 0x00007fcb61853800,
0x00007fcb6280a600, 0x00007fcb608aec00, 0x00007fcb62808200, 0x00007fcb608afa00,
0x00007fcb51808200, 0x00007fcb6100f200, 0x00007fcb6185fe00, 0x00007fcb6080fa00,
0x00007fcb60948e00
}

Java Threads: ( => current thread )
  0x00007fcb60809c00 JavaThread "main" [_thread_in_vm, id=16131, stack(0x0000000304711000,0x0000000304811000)]
  0x00007fcb61852c00 JavaThread "Reference Handler" daemon [_thread_blocked, id=31815, stack(0x0000000304e26000,0x0000000304f26000)]
  0x00007fcb608ae600 JavaThread "Finalizer" daemon [_thread_blocked, id=30979, stack(0x0000000304f29000,0x0000000305029000)]
  0x00007fcb61853800 JavaThread "Signal Dispatcher" daemon [_thread_blocked, id=28931, stack(0x000000030513b000,0x000000030523b000)]
  0x00007fcb6280a600 JavaThread "Service Thread" daemon [_thread_blocked, id=28163, stack(0x000000030523e000,0x000000030533e000)]
  0x00007fcb608aec00 JavaThread "Monitor Deflation Thread" daemon [_thread_blocked, id=24323, stack(0x0000000305341000,0x0000000305441000)]
  0x00007fcb62808200 JavaThread "C2 CompilerThread0" daemon [_thread_blocked, id=27651, stack(0x0000000305444000,0x0000000305544000)]
  0x00007fcb608afa00 JavaThread "C1 CompilerThread0" daemon [_thread_blocked, id=25091, stack(0x0000000305547000,0x0000000305647000)]
  0x00007fcb51808200 JavaThread "Sweeper thread" daemon [_thread_blocked, id=27139, stack(0x000000030564a000,0x000000030574a000)]
  0x00007fcb6100f200 JavaThread "Notification Thread" daemon [_thread_blocked, id=25627, stack(0x000000030574d000,0x000000030584d000)]
  0x00007fcb6185fe00 JavaThread "Common-Cleaner" daemon [_thread_blocked, id=32783, stack(0x0000000305953000,0x0000000305a53000)]
=>0x00007fcb6080fa00 JavaThread "AppKit Thread" daemon [_thread_in_native, id=259, stack(0x0000000303e8e000,0x000000030468e000)]
  0x00007fcb60948e00 JavaThread "AWT-Shutdown" [_thread_blocked, id=45371, stack(0x0000000305a56000,0x0000000305b56000)]

Other Threads:
  0x00007fcb50704080 VMThread "VM Thread" [stack: 0x0000000304d23000,0x0000000304e23000] [id=32259]
  0x00007fcb62208ad0 WatcherThread [stack: 0x0000000305850000,0x0000000305950000] [id=26119]
  0x00007fcb62104df0 GCTaskThread "GC Thread#0" [stack: 0x0000000304814000,0x0000000304914000] [id=21251]
  0x00007fcb62105490 ConcurrentGCThread "G1 Main Marker" [stack: 0x0000000304917000,0x0000000304a17000] [id=20995]
  0x00007fcb62105d10 ConcurrentGCThread "G1 Conc#0" [stack: 0x0000000304a1a000,0x0000000304b1a000] [id=17155]
  0x00007fcb620044d0 ConcurrentGCThread "G1 Refine#0" [stack: 0x0000000304b1d000,0x0000000304c1d000] [id=20227]
  0x00007fcb62004d60 ConcurrentGCThread "G1 Service" [stack: 0x0000000304c20000,0x0000000304d20000] [id=19715]

Threads with active compile tasks:

VM state: not at safepoint (normal execution)

VM Mutex/Monitor currently owned by a thread: None

Heap address: 0x0000000700000000, size: 4096 MB, Compressed Oops mode: Zero based, Oop shift amount: 3

CDS archive(s) mapped at: [0x0000000800000000-0x0000000800bd0000-0x0000000800bd0000), size 12386304, SharedBaseAddress: 0x0000000800000000, ArchiveRelocationMode: 0.
Compressed class space mapped at: 0x0000000800c00000-0x0000000840c00000, reserved size: 1073741824
Narrow klass base: 0x0000000800000000, Narrow klass shift: 0, Narrow klass range: 0x100000000

GC Precious Log:
 CPUs: 8 total, 8 available
 Memory: 16384M
 Large Page Support: Disabled
 NUMA Support: Disabled
 Compressed Oops: Enabled (Zero based)
 Heap Region Size: 2M
 Heap Min Capacity: 8M
 Heap Initial Capacity: 256M
 Heap Max Capacity: 4G
 Pre-touch: Disabled
 Parallel Workers: 8
 Concurrent Workers: 2
 Concurrent Refinement Workers: 8
 Periodic GC: Disabled

Heap:
 garbage-first heap   total 266240K, used 6100K [0x0000000700000000, 0x0000000800000000)
  region size 2048K, 3 young (6144K), 0 survivors (0K)
 Metaspace       used 2553K, committed 2688K, reserved 1056768K
  class space    used 215K, committed 320K, reserved 1048576K

Heap Regions: E=young(eden), S=young(survivor), O=old, HS=humongous(starts), HC=humongous(continues), CS=collection set, F=free, OA=open archive, CA=closed archive, TAMS=top-at-mark-start (previous, next)
|   0|0x0000000700000000, 0x0000000700000000, 0x0000000700200000|  0%| F|  |TAMS 0x0000000700000000, 0x0000000700000000| Untracked 
|   1|0x0000000700200000, 0x0000000700200000, 0x0000000700400000|  0%| F|  |TAMS 0x0000000700200000, 0x0000000700200000| Untracked 
|   2|0x0000000700400000, 0x0000000700400000, 0x0000000700600000|  0%| F|  |TAMS 0x0000000700400000, 0x0000000700400000| Untracked 
|   3|0x0000000700600000, 0x0000000700600000, 0x0000000700800000|  0%| F|  |TAMS 0x0000000700600000, 0x0000000700600000| Untracked 
|   4|0x0000000700800000, 0x0000000700800000, 0x0000000700a00000|  0%| F|  |TAMS 0x0000000700800000, 0x0000000700800000| Untracked 
|   5|0x0000000700a00000, 0x0000000700a00000, 0x0000000700c00000|  0%| F|  |TAMS 0x0000000700a00000, 0x0000000700a00000| Untracked 
|   6|0x0000000700c00000, 0x0000000700c00000, 0x0000000700e00000|  0%| F|  |TAMS 0x0000000700c00000, 0x0000000700c00000| Untracked 
|   7|0x0000000700e00000, 0x0000000700e00000, 0x0000000701000000|  0%| F|  |TAMS 0x0000000700e00000, 0x0000000700e00000| Untracked 
|   8|0x0000000701000000, 0x0000000701000000, 0x0000000701200000|  0%| F|  |TAMS 0x0000000701000000, 0x0000000701000000| Untracked 
|   9|0x0000000701200000, 0x0000000701200000, 0x0000000701400000|  0%| F|  |TAMS 0x0000000701200000, 0x0000000701200000| Untracked 
|  10|0x0000000701400000, 0x0000000701400000, 0x0000000701600000|  0%| F|  |TAMS 0x0000000701400000, 0x0000000701400000| Untracked 
|  11|0x0000000701600000, 0x0000000701600000, 0x0000000701800000|  0%| F|  |TAMS 0x0000000701600000, 0x0000000701600000| Untracked 
|  12|0x0000000701800000, 0x0000000701800000, 0x0000000701a00000|  0%| F|  |TAMS 0x0000000701800000, 0x0000000701800000| Untracked 
|  13|0x0000000701a00000, 0x0000000701a00000, 0x0000000701c00000|  0%| F|  |TAMS 0x0000000701a00000, 0x0000000701a00000| Untracked 
|  14|0x0000000701c00000, 0x0000000701c00000, 0x0000000701e00000|  0%| F|  |TAMS 0x0000000701c00000, 0x0000000701c00000| Untracked 
|  15|0x0000000701e00000, 0x0000000701e00000, 0x0000000702000000|  0%| F|  |TAMS 0x0000000701e00000, 0x0000000701e00000| Untracked 
|  16|0x0000000702000000, 0x0000000702000000, 0x0000000702200000|  0%| F|  |TAMS 0x0000000702000000, 0x0000000702000000| Untracked 
|  17|0x0000000702200000, 0x0000000702200000, 0x0000000702400000|  0%| F|  |TAMS 0x0000000702200000, 0x0000000702200000| Untracked 
|  18|0x0000000702400000, 0x0000000702400000, 0x0000000702600000|  0%| F|  |TAMS 0x0000000702400000, 0x0000000702400000| Untracked 
|  19|0x0000000702600000, 0x0000000702600000, 0x0000000702800000|  0%| F|  |TAMS 0x0000000702600000, 0x0000000702600000| Untracked 
|  20|0x0000000702800000, 0x0000000702800000, 0x0000000702a00000|  0%| F|  |TAMS 0x0000000702800000, 0x0000000702800000| Untracked 
|  21|0x0000000702a00000, 0x0000000702a00000, 0x0000000702c00000|  0%| F|  |TAMS 0x0000000702a00000, 0x0000000702a00000| Untracked 
|  22|0x0000000702c00000, 0x0000000702c00000, 0x0000000702e00000|  0%| F|  |TAMS 0x0000000702c00000, 0x0000000702c00000| Untracked 
|  23|0x0000000702e00000, 0x0000000702e00000, 0x0000000703000000|  0%| F|  |TAMS 0x0000000702e00000, 0x0000000702e00000| Untracked 
|  24|0x0000000703000000, 0x0000000703000000, 0x0000000703200000|  0%| F|  |TAMS 0x0000000703000000, 0x0000000703000000| Untracked 
|  25|0x0000000703200000, 0x0000000703200000, 0x0000000703400000|  0%| F|  |TAMS 0x0000000703200000, 0x0000000703200000| Untracked 
|  26|0x0000000703400000, 0x0000000703400000, 0x0000000703600000|  0%| F|  |TAMS 0x0000000703400000, 0x0000000703400000| Untracked 
|  27|0x0000000703600000, 0x0000000703600000, 0x0000000703800000|  0%| F|  |TAMS 0x0000000703600000, 0x0000000703600000| Untracked 
|  28|0x0000000703800000, 0x0000000703800000, 0x0000000703a00000|  0%| F|  |TAMS 0x0000000703800000, 0x0000000703800000| Untracked 
|  29|0x0000000703a00000, 0x0000000703a00000, 0x0000000703c00000|  0%| F|  |TAMS 0x0000000703a00000, 0x0000000703a00000| Untracked 
|  30|0x0000000703c00000, 0x0000000703c00000, 0x0000000703e00000|  0%| F|  |TAMS 0x0000000703c00000, 0x0000000703c00000| Untracked 
|  31|0x0000000703e00000, 0x0000000703e00000, 0x0000000704000000|  0%| F|  |TAMS 0x0000000703e00000, 0x0000000703e00000| Untracked 
|  32|0x0000000704000000, 0x0000000704000000, 0x0000000704200000|  0%| F|  |TAMS 0x0000000704000000, 0x0000000704000000| Untracked 
|  33|0x0000000704200000, 0x0000000704200000, 0x0000000704400000|  0%| F|  |TAMS 0x0000000704200000, 0x0000000704200000| Untracked 
|  34|0x0000000704400000, 0x0000000704400000, 0x0000000704600000|  0%| F|  |TAMS 0x0000000704400000, 0x0000000704400000| Untracked 
|  35|0x0000000704600000, 0x0000000704600000, 0x0000000704800000|  0%| F|  |TAMS 0x0000000704600000, 0x0000000704600000| Untracked 
|  36|0x0000000704800000, 0x0000000704800000, 0x0000000704a00000|  0%| F|  |TAMS 0x0000000704800000, 0x0000000704800000| Untracked 
|  37|0x0000000704a00000, 0x0000000704a00000, 0x0000000704c00000|  0%| F|  |TAMS 0x0000000704a00000, 0x0000000704a00000| Untracked 
|  38|0x0000000704c00000, 0x0000000704c00000, 0x0000000704e00000|  0%| F|  |TAMS 0x0000000704c00000, 0x0000000704c00000| Untracked 
|  39|0x0000000704e00000, 0x0000000704e00000, 0x0000000705000000|  0%| F|  |TAMS 0x0000000704e00000, 0x0000000704e00000| Untracked 
|  40|0x0000000705000000, 0x0000000705000000, 0x0000000705200000|  0%| F|  |TAMS 0x0000000705000000, 0x0000000705000000| Untracked 
|  41|0x0000000705200000, 0x0000000705200000, 0x0000000705400000|  0%| F|  |TAMS 0x0000000705200000, 0x0000000705200000| Untracked 
|  42|0x0000000705400000, 0x0000000705400000, 0x0000000705600000|  0%| F|  |TAMS 0x0000000705400000, 0x0000000705400000| Untracked 
|  43|0x0000000705600000, 0x0000000705600000, 0x0000000705800000|  0%| F|  |TAMS 0x0000000705600000, 0x0000000705600000| Untracked 
|  44|0x0000000705800000, 0x0000000705800000, 0x0000000705a00000|  0%| F|  |TAMS 0x0000000705800000, 0x0000000705800000| Untracked 
|  45|0x0000000705a00000, 0x0000000705a00000, 0x0000000705c00000|  0%| F|  |TAMS 0x0000000705a00000, 0x0000000705a00000| Untracked 
|  46|0x0000000705c00000, 0x0000000705c00000, 0x0000000705e00000|  0%| F|  |TAMS 0x0000000705c00000, 0x0000000705c00000| Untracked 
|  47|0x0000000705e00000, 0x0000000705e00000, 0x0000000706000000|  0%| F|  |TAMS 0x0000000705e00000, 0x0000000705e00000| Untracked 
|  48|0x0000000706000000, 0x0000000706000000, 0x0000000706200000|  0%| F|  |TAMS 0x0000000706000000, 0x0000000706000000| Untracked 
|  49|0x0000000706200000, 0x0000000706200000, 0x0000000706400000|  0%| F|  |TAMS 0x0000000706200000, 0x0000000706200000| Untracked 
|  50|0x0000000706400000, 0x0000000706400000, 0x0000000706600000|  0%| F|  |TAMS 0x0000000706400000, 0x0000000706400000| Untracked 
|  51|0x0000000706600000, 0x0000000706600000, 0x0000000706800000|  0%| F|  |TAMS 0x0000000706600000, 0x0000000706600000| Untracked 
|  52|0x0000000706800000, 0x0000000706800000, 0x0000000706a00000|  0%| F|  |TAMS 0x0000000706800000, 0x0000000706800000| Untracked 
|  53|0x0000000706a00000, 0x0000000706a00000, 0x0000000706c00000|  0%| F|  |TAMS 0x0000000706a00000, 0x0000000706a00000| Untracked 
|  54|0x0000000706c00000, 0x0000000706c00000, 0x0000000706e00000|  0%| F|  |TAMS 0x0000000706c00000, 0x0000000706c00000| Untracked 
|  55|0x0000000706e00000, 0x0000000706e00000, 0x0000000707000000|  0%| F|  |TAMS 0x0000000706e00000, 0x0000000706e00000| Untracked 
|  56|0x0000000707000000, 0x0000000707000000, 0x0000000707200000|  0%| F|  |TAMS 0x0000000707000000, 0x0000000707000000| Untracked 
|  57|0x0000000707200000, 0x0000000707200000, 0x0000000707400000|  0%| F|  |TAMS 0x0000000707200000, 0x0000000707200000| Untracked 
|  58|0x0000000707400000, 0x0000000707400000, 0x0000000707600000|  0%| F|  |TAMS 0x0000000707400000, 0x0000000707400000| Untracked 
|  59|0x0000000707600000, 0x0000000707600000, 0x0000000707800000|  0%| F|  |TAMS 0x0000000707600000, 0x0000000707600000| Untracked 
|  60|0x0000000707800000, 0x0000000707800000, 0x0000000707a00000|  0%| F|  |TAMS 0x0000000707800000, 0x0000000707800000| Untracked 
|  61|0x0000000707a00000, 0x0000000707a00000, 0x0000000707c00000|  0%| F|  |TAMS 0x0000000707a00000, 0x0000000707a00000| Untracked 
|  62|0x0000000707c00000, 0x0000000707c00000, 0x0000000707e00000|  0%| F|  |TAMS 0x0000000707c00000, 0x0000000707c00000| Untracked 
|  63|0x0000000707e00000, 0x0000000707e00000, 0x0000000708000000|  0%| F|  |TAMS 0x0000000707e00000, 0x0000000707e00000| Untracked 
|  64|0x0000000708000000, 0x0000000708000000, 0x0000000708200000|  0%| F|  |TAMS 0x0000000708000000, 0x0000000708000000| Untracked 
|  65|0x0000000708200000, 0x0000000708200000, 0x0000000708400000|  0%| F|  |TAMS 0x0000000708200000, 0x0000000708200000| Untracked 
|  66|0x0000000708400000, 0x0000000708400000, 0x0000000708600000|  0%| F|  |TAMS 0x0000000708400000, 0x0000000708400000| Untracked 
|  67|0x0000000708600000, 0x0000000708600000, 0x0000000708800000|  0%| F|  |TAMS 0x0000000708600000, 0x0000000708600000| Untracked 
|  68|0x0000000708800000, 0x0000000708800000, 0x0000000708a00000|  0%| F|  |TAMS 0x0000000708800000, 0x0000000708800000| Untracked 
|  69|0x0000000708a00000, 0x0000000708a00000, 0x0000000708c00000|  0%| F|  |TAMS 0x0000000708a00000, 0x0000000708a00000| Untracked 
|  70|0x0000000708c00000, 0x0000000708c00000, 0x0000000708e00000|  0%| F|  |TAMS 0x0000000708c00000, 0x0000000708c00000| Untracked 
|  71|0x0000000708e00000, 0x0000000708e00000, 0x0000000709000000|  0%| F|  |TAMS 0x0000000708e00000, 0x0000000708e00000| Untracked 
|  72|0x0000000709000000, 0x0000000709000000, 0x0000000709200000|  0%| F|  |TAMS 0x0000000709000000, 0x0000000709000000| Untracked 
|  73|0x0000000709200000, 0x0000000709200000, 0x0000000709400000|  0%| F|  |TAMS 0x0000000709200000, 0x0000000709200000| Untracked 
|  74|0x0000000709400000, 0x0000000709400000, 0x0000000709600000|  0%| F|  |TAMS 0x0000000709400000, 0x0000000709400000| Untracked 
|  75|0x0000000709600000, 0x0000000709600000, 0x0000000709800000|  0%| F|  |TAMS 0x0000000709600000, 0x0000000709600000| Untracked 
|  76|0x0000000709800000, 0x0000000709800000, 0x0000000709a00000|  0%| F|  |TAMS 0x0000000709800000, 0x0000000709800000| Untracked 
|  77|0x0000000709a00000, 0x0000000709a00000, 0x0000000709c00000|  0%| F|  |TAMS 0x0000000709a00000, 0x0000000709a00000| Untracked 
|  78|0x0000000709c00000, 0x0000000709c00000, 0x0000000709e00000|  0%| F|  |TAMS 0x0000000709c00000, 0x0000000709c00000| Untracked 
|  79|0x0000000709e00000, 0x0000000709e00000, 0x000000070a000000|  0%| F|  |TAMS 0x0000000709e00000, 0x0000000709e00000| Untracked 
|  80|0x000000070a000000, 0x000000070a000000, 0x000000070a200000|  0%| F|  |TAMS 0x000000070a000000, 0x000000070a000000| Untracked 
|  81|0x000000070a200000, 0x000000070a200000, 0x000000070a400000|  0%| F|  |TAMS 0x000000070a200000, 0x000000070a200000| Untracked 
|  82|0x000000070a400000, 0x000000070a400000, 0x000000070a600000|  0%| F|  |TAMS 0x000000070a400000, 0x000000070a400000| Untracked 
|  83|0x000000070a600000, 0x000000070a600000, 0x000000070a800000|  0%| F|  |TAMS 0x000000070a600000, 0x000000070a600000| Untracked 
|  84|0x000000070a800000, 0x000000070a800000, 0x000000070aa00000|  0%| F|  |TAMS 0x000000070a800000, 0x000000070a800000| Untracked 
|  85|0x000000070aa00000, 0x000000070aa00000, 0x000000070ac00000|  0%| F|  |TAMS 0x000000070aa00000, 0x000000070aa00000| Untracked 
|  86|0x000000070ac00000, 0x000000070ac00000, 0x000000070ae00000|  0%| F|  |TAMS 0x000000070ac00000, 0x000000070ac00000| Untracked 
|  87|0x000000070ae00000, 0x000000070ae00000, 0x000000070b000000|  0%| F|  |TAMS 0x000000070ae00000, 0x000000070ae00000| Untracked 
|  88|0x000000070b000000, 0x000000070b000000, 0x000000070b200000|  0%| F|  |TAMS 0x000000070b000000, 0x000000070b000000| Untracked 
|  89|0x000000070b200000, 0x000000070b200000, 0x000000070b400000|  0%| F|  |TAMS 0x000000070b200000, 0x000000070b200000| Untracked 
|  90|0x000000070b400000, 0x000000070b400000, 0x000000070b600000|  0%| F|  |TAMS 0x000000070b400000, 0x000000070b400000| Untracked 
|  91|0x000000070b600000, 0x000000070b600000, 0x000000070b800000|  0%| F|  |TAMS 0x000000070b600000, 0x000000070b600000| Untracked 
|  92|0x000000070b800000, 0x000000070b800000, 0x000000070ba00000|  0%| F|  |TAMS 0x000000070b800000, 0x000000070b800000| Untracked 
|  93|0x000000070ba00000, 0x000000070ba00000, 0x000000070bc00000|  0%| F|  |TAMS 0x000000070ba00000, 0x000000070ba00000| Untracked 
|  94|0x000000070bc00000, 0x000000070bc00000, 0x000000070be00000|  0%| F|  |TAMS 0x000000070bc00000, 0x000000070bc00000| Untracked 
|  95|0x000000070be00000, 0x000000070be00000, 0x000000070c000000|  0%| F|  |TAMS 0x000000070be00000, 0x000000070be00000| Untracked 
|  96|0x000000070c000000, 0x000000070c000000, 0x000000070c200000|  0%| F|  |TAMS 0x000000070c000000, 0x000000070c000000| Untracked 
|  97|0x000000070c200000, 0x000000070c200000, 0x000000070c400000|  0%| F|  |TAMS 0x000000070c200000, 0x000000070c200000| Untracked 
|  98|0x000000070c400000, 0x000000070c400000, 0x000000070c600000|  0%| F|  |TAMS 0x000000070c400000, 0x000000070c400000| Untracked 
|  99|0x000000070c600000, 0x000000070c600000, 0x000000070c800000|  0%| F|  |TAMS 0x000000070c600000, 0x000000070c600000| Untracked 
| 100|0x000000070c800000, 0x000000070c800000, 0x000000070ca00000|  0%| F|  |TAMS 0x000000070c800000, 0x000000070c800000| Untracked 
| 101|0x000000070ca00000, 0x000000070ca00000, 0x000000070cc00000|  0%| F|  |TAMS 0x000000070ca00000, 0x000000070ca00000| Untracked 
| 102|0x000000070cc00000, 0x000000070cc00000, 0x000000070ce00000|  0%| F|  |TAMS 0x000000070cc00000, 0x000000070cc00000| Untracked 
| 103|0x000000070ce00000, 0x000000070ce00000, 0x000000070d000000|  0%| F|  |TAMS 0x000000070ce00000, 0x000000070ce00000| Untracked 
| 104|0x000000070d000000, 0x000000070d000000, 0x000000070d200000|  0%| F|  |TAMS 0x000000070d000000, 0x000000070d000000| Untracked 
| 105|0x000000070d200000, 0x000000070d200000, 0x000000070d400000|  0%| F|  |TAMS 0x000000070d200000, 0x000000070d200000| Untracked 
| 106|0x000000070d400000, 0x000000070d400000, 0x000000070d600000|  0%| F|  |TAMS 0x000000070d400000, 0x000000070d400000| Untracked 
| 107|0x000000070d600000, 0x000000070d600000, 0x000000070d800000|  0%| F|  |TAMS 0x000000070d600000, 0x000000070d600000| Untracked 
| 108|0x000000070d800000, 0x000000070d800000, 0x000000070da00000|  0%| F|  |TAMS 0x000000070d800000, 0x000000070d800000| Untracked 
| 109|0x000000070da00000, 0x000000070da00000, 0x000000070dc00000|  0%| F|  |TAMS 0x000000070da00000, 0x000000070da00000| Untracked 
| 110|0x000000070dc00000, 0x000000070dc00000, 0x000000070de00000|  0%| F|  |TAMS 0x000000070dc00000, 0x000000070dc00000| Untracked 
| 111|0x000000070de00000, 0x000000070de00000, 0x000000070e000000|  0%| F|  |TAMS 0x000000070de00000, 0x000000070de00000| Untracked 
| 112|0x000000070e000000, 0x000000070e000000, 0x000000070e200000|  0%| F|  |TAMS 0x000000070e000000, 0x000000070e000000| Untracked 
| 113|0x000000070e200000, 0x000000070e200000, 0x000000070e400000|  0%| F|  |TAMS 0x000000070e200000, 0x000000070e200000| Untracked 
| 114|0x000000070e400000, 0x000000070e400000, 0x000000070e600000|  0%| F|  |TAMS 0x000000070e400000, 0x000000070e400000| Untracked 
| 115|0x000000070e600000, 0x000000070e600000, 0x000000070e800000|  0%| F|  |TAMS 0x000000070e600000, 0x000000070e600000| Untracked 
| 116|0x000000070e800000, 0x000000070e800000, 0x000000070ea00000|  0%| F|  |TAMS 0x000000070e800000, 0x000000070e800000| Untracked 
| 117|0x000000070ea00000, 0x000000070ea00000, 0x000000070ec00000|  0%| F|  |TAMS 0x000000070ea00000, 0x000000070ea00000| Untracked 
| 118|0x000000070ec00000, 0x000000070ec00000, 0x000000070ee00000|  0%| F|  |TAMS 0x000000070ec00000, 0x000000070ec00000| Untracked 
| 119|0x000000070ee00000, 0x000000070ee00000, 0x000000070f000000|  0%| F|  |TAMS 0x000000070ee00000, 0x000000070ee00000| Untracked 
| 120|0x000000070f000000, 0x000000070f000000, 0x000000070f200000|  0%| F|  |TAMS 0x000000070f000000, 0x000000070f000000| Untracked 
| 121|0x000000070f200000, 0x000000070f200000, 0x000000070f400000|  0%| F|  |TAMS 0x000000070f200000, 0x000000070f200000| Untracked 
| 122|0x000000070f400000, 0x000000070f400000, 0x000000070f600000|  0%| F|  |TAMS 0x000000070f400000, 0x000000070f400000| Untracked 
| 123|0x000000070f600000, 0x000000070f600000, 0x000000070f800000|  0%| F|  |TAMS 0x000000070f600000, 0x000000070f600000| Untracked 
| 124|0x000000070f800000, 0x000000070f800000, 0x000000070fa00000|  0%| F|  |TAMS 0x000000070f800000, 0x000000070f800000| Untracked 
| 125|0x000000070fa00000, 0x000000070fb11eb8, 0x000000070fc00000| 53%| E|  |TAMS 0x000000070fa00000, 0x000000070fa00000| Complete 
| 126|0x000000070fc00000, 0x000000070fe00000, 0x000000070fe00000|100%| E|CS|TAMS 0x000000070fc00000, 0x000000070fc00000| Complete 
| 127|0x000000070fe00000, 0x0000000710000000, 0x0000000710000000|100%| E|CS|TAMS 0x000000070fe00000, 0x000000070fe00000| Complete 
|2046|0x00000007ffc00000, 0x00000007ffd76000, 0x00000007ffe00000| 73%|OA|  |TAMS 0x00000007ffc00000, 0x00000007ffc00000| Untracked 
|2047|0x00000007ffe00000, 0x00000007ffe7f000, 0x0000000800000000| 24%|CA|  |TAMS 0x00000007ffe00000, 0x00000007ffe00000| Untracked 

Card table byte_map: [0x000000012275b000,0x0000000122f5b000] _byte_map_base: 0x000000011ef5b000

Marking Bits (Prev, Next): (CMBitMap*) 0x00007fcb6082bc10, (CMBitMap*) 0x00007fcb6082bc50
 Prev Bits: [0x000000012375b000, 0x000000012775b000)
 Next Bits: [0x000000012775b000, 0x000000012b75b000)

Polling page: 0x0000000100210000

Metaspace:

Usage:
  Non-class:      2.28 MB used.
      Class:    215.38 KB used.
       Both:      2.49 MB used.

Virtual space:
  Non-class space:        8.00 MB reserved,       2.31 MB ( 29%) committed,  1 nodes.
      Class space:        1.00 GB reserved,     320.00 KB ( <1%) committed,  1 nodes.
             Both:        1.01 GB reserved,       2.62 MB ( <1%) committed. 

Chunk freelists:
   Non-Class:  3.31 MB
       Class:  3.67 MB
        Both:  6.98 MB

MaxMetaspaceSize: unlimited
CompressedClassSpaceSize: 1.00 GB
Initial GC threshold: 21.00 MB
Current GC threshold: 21.00 MB
CDS: on
MetaspaceReclaimPolicy: balanced
 - commit_granule_bytes: 65536.
 - commit_granule_words: 8192.
 - virtual_space_node_default_size: 1048576.
 - enlarge_chunks_in_place: 1.
 - new_chunks_are_fully_committed: 0.
 - uncommit_free_chunks: 1.
 - use_allocation_guard: 0.
 - handle_deallocations: 1.


Internal statistics:

num_allocs_failed_limit: 0.
num_arena_births: 50.
num_arena_deaths: 0.
num_vsnodes_births: 2.
num_vsnodes_deaths: 0.
num_space_committed: 41.
num_space_uncommitted: 0.
num_chunks_returned_to_freelist: 0.
num_chunks_taken_from_freelist: 94.
num_chunk_merges: 0.
num_chunk_splits: 56.
num_chunks_enlarged: 33.
num_purges: 0.
num_inconsistent_stats: 0.

CodeHeap 'non-profiled nmethods': size=120028Kb used=106Kb max_used=106Kb free=119921Kb
 bounds [0x000000011b224000, 0x000000011b494000, 0x000000012275b000]
CodeHeap 'profiled nmethods': size=120028Kb used=605Kb max_used=605Kb free=119422Kb
 bounds [0x0000000113ced000, 0x0000000113f5d000, 0x000000011b224000]
CodeHeap 'non-nmethods': size=5704Kb used=1109Kb max_used=1121Kb free=4594Kb
 bounds [0x000000011375b000, 0x00000001139cb000, 0x0000000113ced000]
 total_blobs=792 nmethods=397 adapters=310
 compilation: enabled
              stopped_count=0, restarted_count=0
 full_count=0

Compilation events (20 events):
Event: 0.824 Thread 0x00007fcb608afa00  389       3       java.lang.reflect.Modifier::isPublic (12 bytes)
Event: 0.825 Thread 0x00007fcb608afa00 nmethod 389 0x0000000113d81710 code [0x0000000113d818a0, 0x0000000113d819f0]
Event: 0.825 Thread 0x00007fcb608afa00  391       3       java.lang.reflect.Field::setFieldAccessor (34 bytes)
Event: 0.826 Thread 0x00007fcb608afa00 nmethod 391 0x0000000113d81a90 code [0x0000000113d81c60, 0x0000000113d820a0]
Event: 0.826 Thread 0x00007fcb608afa00  390       1       java.lang.reflect.Field::getRoot (5 bytes)
Event: 0.826 Thread 0x00007fcb608afa00 nmethod 390 0x000000011b23e410 code [0x000000011b23e5a0, 0x000000011b23e670]
Event: 0.826 Thread 0x00007fcb608afa00  392       1       java.lang.reflect.Method::getName (5 bytes)
Event: 0.826 Thread 0x00007fcb608afa00 nmethod 392 0x000000011b23e710 code [0x000000011b23e8a0, 0x000000011b23e970]
Event: 0.829 Thread 0x00007fcb608afa00  393       3       java.lang.Integer::valueOf (32 bytes)
Event: 0.830 Thread 0x00007fcb608afa00 nmethod 393 0x0000000113d82190 code [0x0000000113d82360, 0x0000000113d82670]
Event: 0.830 Thread 0x00007fcb608afa00  394       3       java.nio.Buffer::remaining (20 bytes)
Event: 0.830 Thread 0x00007fcb608afa00 nmethod 394 0x0000000113d82790 code [0x0000000113d82940, 0x0000000113d82ad0]
Event: 0.835 Thread 0x00007fcb608afa00  395       3       java.util.ArrayDeque::inc (12 bytes)
Event: 0.836 Thread 0x00007fcb608afa00 nmethod 395 0x0000000113d82b90 code [0x0000000113d82d20, 0x0000000113d82e50]
Event: 0.836 Thread 0x00007fcb608afa00  396       3       java.lang.String::equalsIgnoreCase (45 bytes)
Event: 0.837 Thread 0x00007fcb608afa00 nmethod 396 0x0000000113d82f10 code [0x0000000113d83100, 0x0000000113d83640]
Event: 0.837 Thread 0x00007fcb608afa00  397   !   3       java.util.zip.ZipFile::getEntry (59 bytes)
Event: 0.838 Thread 0x00007fcb608afa00 nmethod 397 0x0000000113d83810 code [0x0000000113d83a00, 0x0000000113d83e70]
Event: 0.862 Thread 0x00007fcb608afa00  398       3       sun.awt.AWTAutoShutdown::isReadyToShutdown (37 bytes)
Event: 0.862 Thread 0x00007fcb608afa00 nmethod 398 0x0000000113d84110 code [0x0000000113d842e0, 0x0000000113d84650]

GC Heap History (0 events):
No events

Deoptimization events (0 events):
No events

Classes unloaded (0 events):
No events

Classes redefined (0 events):
No events

Internal exceptions (5 events):
Event: 0.362 Thread 0x00007fcb60809c00 Exception <a 'java/lang/ClassNotFoundException'{0x000000070ff757a8}: sun/awt/resources/spi/awtProvider> (0x000000070ff757a8) 
thrown [open/src/hotspot/share/classfile/systemDictionary.cpp, line 256]
Event: 0.403 Thread 0x00007fcb60809c00 Exception <a 'java/io/FileNotFoundException'{0x000000070ffc4310}> (0x000000070ffc4310) 
thrown [open/src/hotspot/share/prims/jni.cpp, line 516]
Event: 0.422 Thread 0x00007fcb60809c00 Exception <a 'java/io/FileNotFoundException'{0x000000070fc26268}> (0x000000070fc26268) 
thrown [open/src/hotspot/share/prims/jni.cpp, line 516]
Event: 0.423 Thread 0x00007fcb60809c00 Exception <a 'java/lang/NoSuchMethodError'{0x000000070fc27720}: 'java.lang.Object java.lang.invoke.DirectMethodHandle$Holder.invokeStaticInit(java.lang.Object)'> (0x000000070fc27720) 
thrown [open/src/hotspot/share/interpreter/linkResolver.cpp, line 766]
Event: 0.428 Thread 0x00007fcb60809c00 Exception <a 'java/lang/ClassNotFoundException'{0x000000070fc313b8}: sun/awt/resources/spi/awtosxProvider> (0x000000070fc313b8) 
thrown [open/src/hotspot/share/classfile/systemDictionary.cpp, line 256]

VM Operations (2 events):
Event: 0.705 Executing VM operation: HandshakeAllThreads
Event: 0.705 Executing VM operation: HandshakeAllThreads done

Events (20 events):
Event: 0.812 loading class java/awt/image/BufferedImage
Event: 0.812 loading class java/awt/image/WritableRenderedImage
Event: 0.812 loading class java/awt/image/RenderedImage
Event: 0.812 loading class java/awt/image/RenderedImage done
Event: 0.812 loading class java/awt/image/WritableRenderedImage done
Event: 0.812 loading class java/awt/Transparency
Event: 0.812 loading class java/awt/Transparency done
Event: 0.813 loading class java/awt/image/BufferedImage done
Event: 0.813 loading class java/awt/IllegalComponentStateException
Event: 0.813 loading class java/awt/IllegalComponentStateException done
Event: 0.813 loading class java/awt/GraphicsConfiguration
Event: 0.813 loading class java/awt/GraphicsConfiguration done
Event: 0.813 loading class java/awt/Point
Event: 0.813 loading class java/awt/geom/Point2D
Event: 0.813 loading class java/awt/geom/Point2D done
Event: 0.813 loading class java/awt/Point done
Event: 0.820 loading class jdk/internal/reflect/UnsafeQualifiedStaticIntegerFieldAccessorImpl
Event: 0.820 loading class jdk/internal/reflect/UnsafeQualifiedStaticIntegerFieldAccessorImpl done
Event: 0.838 loading class java/lang/NumberFormatException
Event: 0.838 loading class java/lang/NumberFormatException done


Dynamic libraries:
0x0000000108793000 	/Library/Java/JavaVirtualMachines/jdk-17.jdk/Contents/Home/lib/libjli.dylib
0x00007ff812a4e000 	/usr/lib/libz.1.dylib
0x00007ff812b3d000 	/usr/lib/libSystem.B.dylib
0x00007ff812b37000 	/usr/lib/system/libcache.dylib
0x00007ff812aee000 	/usr/lib/system/libcommonCrypto.dylib
0x00007ff812b1b000 	/usr/lib/system/libcompiler_rt.dylib
0x00007ff812b0d000 	/usr/lib/system/libcopyfile.dylib
0x00007ff8063d3000 	/usr/lib/system/libcorecrypto.dylib
0x00007ff806497000 	/usr/lib/system/libdispatch.dylib
0x00007ff806641000 	/usr/lib/system/libdyld.dylib
0x00007ff812b2d000 	/usr/lib/system/libkeymgr.dylib
0x00007ff812acd000 	/usr/lib/system/libmacho.dylib
0x00007ff811fd6000 	/usr/lib/system/libquarantine.dylib
0x00007ff812b2b000 	/usr/lib/system/libremovefile.dylib
0x00007ff80b1d7000 	/usr/lib/system/libsystem_asl.dylib
0x00007ff806374000 	/usr/lib/system/libsystem_blocks.dylib
0x00007ff8064e2000 	/usr/lib/system/libsystem_c.dylib
0x00007ff812b23000 	/usr/lib/system/libsystem_collections.dylib
0x00007ff8110b0000 	/usr/lib/system/libsystem_configuration.dylib
0x00007ff810155000 	/usr/lib/system/libsystem_containermanager.dylib
0x00007ff812782000 	/usr/lib/system/libsystem_coreservices.dylib
0x00007ff809227000 	/usr/lib/system/libsystem_darwin.dylib
0x00007ff812b2e000 	/usr/lib/system/libsystem_dnssd.dylib
0x00007ff8064df000 	/usr/lib/system/libsystem_featureflags.dylib
0x00007ff80666f000 	/usr/lib/system/libsystem_info.dylib
0x00007ff812a61000 	/usr/lib/system/libsystem_m.dylib
0x00007ff80646a000 	/usr/lib/system/libsystem_malloc.dylib
0x00007ff80b15a000 	/usr/lib/system/libsystem_networkextension.dylib
0x00007ff809668000 	/usr/lib/system/libsystem_notify.dylib
0x00007ff8110b4000 	/usr/lib/system/libsystem_sandbox.dylib
0x00007ff812b28000 	/usr/lib/system/libsystem_secinit.dylib
0x00007ff8065fb000 	/usr/lib/system/libsystem_kernel.dylib
0x00007ff806665000 	/usr/lib/system/libsystem_platform.dylib
0x00007ff806635000 	/usr/lib/system/libsystem_pthread.dylib
0x00007ff80cc1c000 	/usr/lib/system/libsystem_symptoms.dylib
0x00007ff8063b9000 	/usr/lib/system/libsystem_trace.dylib
0x00007ff812afa000 	/usr/lib/system/libunwind.dylib
0x00007ff806378000 	/usr/lib/system/libxpc.dylib
0x00007ff8065e6000 	/usr/lib/libc++abi.dylib
0x00007ff8062a0000 	/usr/lib/libobjc.A.dylib
0x00007ff812b05000 	/usr/lib/liboah.dylib
0x00007ff80656a000 	/usr/lib/libc++.1.dylib
0x00007ff82007f000 	/System/Library/Frameworks/Cocoa.framework/Versions/A/Cocoa
0x00007ff8096ca000 	/System/Library/Frameworks/AppKit.framework/Versions/C/AppKit
0x00007ff80c3d3000 	/System/Library/Frameworks/CoreData.framework/Versions/A/CoreData
0x00007ff8074a1000 	/System/Library/Frameworks/Foundation.framework/Versions/C/Foundation
0x00007ff80a6d2000 	/System/Library/PrivateFrameworks/UIFoundation.framework/Versions/A/UIFoundation
0x00007ffb0907b000 	/System/Library/PrivateFrameworks/CollectionViewCore.framework/Versions/A/CollectionViewCore
0x00007ff819f9e000 	/System/Library/PrivateFrameworks/RemoteViewServices.framework/Versions/A/RemoteViewServices
0x00007ff810936000 	/System/Library/PrivateFrameworks/XCTTargetBootstrap.framework/Versions/A/XCTTargetBootstrap
0x00007ff815a80000 	/System/Library/PrivateFrameworks/InternationalSupport.framework/Versions/A/InternationalSupport
0x00007ff815b09000 	/System/Library/PrivateFrameworks/UserActivity.framework/Versions/A/UserActivity
0x00007ffb1ffa8000 	/System/Library/PrivateFrameworks/WindowManagement.framework/Versions/A/WindowManagement
0x00007ff807190000 	/System/Library/Frameworks/SystemConfiguration.framework/Versions/A/SystemConfiguration
0x00007ff814e60000 	/usr/lib/libspindump.dylib
0x00007ff80a8a0000 	/System/Library/Frameworks/UniformTypeIdentifiers.framework/Versions/A/UniformTypeIdentifiers
0x00007ff80eaf2000 	/usr/lib/libapp_launch_measurement.dylib
0x00007ff80d85a000 	/System/Library/PrivateFrameworks/CoreAnalytics.framework/Versions/A/CoreAnalytics
0x00007ff80eaf5000 	/System/Library/PrivateFrameworks/CoreAutoLayout.framework/Versions/A/CoreAutoLayout
0x00007ff8101a3000 	/System/Library/Frameworks/Metal.framework/Versions/A/Metal
0x00007ff8110bf000 	/usr/lib/liblangid.dylib
0x00007ff81093b000 	/System/Library/PrivateFrameworks/CoreSVG.framework/Versions/A/CoreSVG
0x00007ff80b209000 	/System/Library/PrivateFrameworks/SkyLight.framework/Versions/A/SkyLight
0x00007ff80b5fc000 	/System/Library/Frameworks/CoreGraphics.framework/Versions/A/CoreGraphics
0x00007ff81a684000 	/System/Library/Frameworks/Accelerate.framework/Versions/A/Accelerate
0x00007ff8148d1000 	/System/Library/PrivateFrameworks/IconServices.framework/Versions/A/IconServices
0x00007ff810184000 	/System/Library/Frameworks/IOSurface.framework/Versions/A/IOSurface
0x00007ff80d885000 	/usr/lib/libDiagnosticMessagesClient.dylib
0x00007ff81dd3f000 	/System/Library/Frameworks/ApplicationServices.framework/Versions/A/ApplicationServices
0x00007ff810922000 	/System/Library/PrivateFrameworks/DFRFoundation.framework/Versions/A/DFRFoundation
0x00007ff808f96000 	/usr/lib/libicucore.A.dylib
0x00007ff81691d000 	/System/Library/Frameworks/AudioToolbox.framework/Versions/A/AudioToolbox
0x00007ff815a8b000 	/System/Library/PrivateFrameworks/DataDetectorsCore.framework/Versions/A/DataDetectorsCore
0x00007ff90e046000 	/System/Library/PrivateFrameworks/TextInput.framework/Versions/A/TextInput
0x00007ff80b172000 	/usr/lib/libMobileGestalt.dylib
0x00007ff81062a000 	/System/Library/Frameworks/Carbon.framework/Versions/A/Frameworks/HIToolbox.framework/Versions/A/HIToolbox
0x00007ff80e47f000 	/System/Library/Frameworks/QuartzCore.framework/Versions/A/QuartzCore
0x00007ff808c09000 	/System/Library/Frameworks/Security.framework/Versions/A/Security
0x00007ff819fd6000 	/System/Library/Frameworks/Carbon.framework/Versions/A/Frameworks/SpeechRecognition.framework/Versions/A/SpeechRecognition
0x00007ff80e831000 	/System/Library/PrivateFrameworks/CoreUI.framework/Versions/A/CoreUI
0x00007ff808557000 	/System/Library/Frameworks/CoreAudio.framework/Versions/A/CoreAudio
0x00007ff80d95e000 	/System/Library/Frameworks/DiskArbitration.framework/Versions/A/DiskArbitration
0x00007ff81527c000 	/System/Library/PrivateFrameworks/MultitouchSupport.framework/Versions/A/MultitouchSupport
0x00007ff80b171000 	/usr/lib/libenergytrace.dylib
0x00007ff8095ab000 	/System/Library/Frameworks/IOKit.framework/Versions/A/IOKit
0x00007ff81a3d3000 	/System/Library/Frameworks/CoreServices.framework/Versions/A/CoreServices
0x00007ff80ea8a000 	/System/Library/PrivateFrameworks/PerformanceAnalysis.framework/Versions/A/PerformanceAnalysis
0x00007ffa1e399000 	/System/Library/Frameworks/OpenGL.framework/Versions/A/OpenGL
0x00007ff80eb3d000 	/usr/lib/libxml2.2.dylib
0x00007ff811ee8000 	/System/Library/PrivateFrameworks/MobileKeyBag.framework/Versions/A/MobileKeyBag
0x00007ff80be09000 	/System/Library/Frameworks/ColorSync.framework/Versions/A/ColorSync
0x00007ff80669a000 	/System/Library/Frameworks/CoreFoundation.framework/Versions/A/CoreFoundation
0x00007ff810c8b000 	/System/Library/Frameworks/CoreImage.framework/Versions/A/CoreImage
0x00007ff808365000 	/System/Library/Frameworks/CoreText.framework/Versions/A/CoreText
0x00007ff810972000 	/System/Library/Frameworks/ImageIO.framework/Versions/A/ImageIO
0x00007ff812b43000 	/System/Library/PrivateFrameworks/SoftLinking.framework/Versions/A/SoftLinking
0x00007ff812dc4000 	/usr/lib/libcompression.dylib
0x00007ff8159b9000 	/System/Library/PrivateFrameworks/TextureIO.framework/Versions/A/TextureIO
0x00007ff8144fb000 	/usr/lib/libate.dylib
0x00007ff814289000 	/usr/lib/liblzma.5.dylib
0x00007ff812b3f000 	/usr/lib/libfakelink.dylib
0x00007ff80adb8000 	/System/Library/Frameworks/CFNetwork.framework/Versions/A/CFNetwork
0x00007ff812c7c000 	/usr/lib/libarchive.2.dylib
0x00007ff81826c000 	/System/Library/Frameworks/Combine.framework/Versions/A/Combine
0x00007ff8163ba000 	/usr/lib/swift/libswiftCore.dylib
0x00007ff90b01b000 	/usr/lib/swift/libswiftCoreFoundation.dylib
0x00007ff9090df000 	/usr/lib/swift/libswiftDarwin.dylib
0x00007ff81bc20000 	/usr/lib/swift/libswiftDispatch.dylib
0x00007ff90b037000 	/usr/lib/swift/libswiftIOKit.dylib
0x00007ff81e17e000 	/usr/lib/swift/libswiftObjectiveC.dylib
0x00007ff90b02c000 	/usr/lib/swift/libswiftXPC.dylib
0x00007ffc06b64000 	/usr/lib/swift/libswift_Concurrency.dylib
0x00007ffc06ca1000 	/usr/lib/swift/libswift_StringProcessing.dylib
0x00007ff81e182000 	/usr/lib/swift/libswiftos.dylib
0x00007ff80952e000 	/System/Library/PrivateFrameworks/CoreServicesInternal.framework/Versions/A/CoreServicesInternal
0x00007ff811ffd000 	/usr/lib/libbsm.0.dylib
0x00007ff812ad2000 	/usr/lib/system/libkxld.dylib
0x00007ff80eabe000 	/System/Library/Frameworks/CoreServices.framework/Versions/A/Frameworks/FSEvents.framework/Versions/A/FSEvents
0x00007ff809232000 	/System/Library/Frameworks/CoreServices.framework/Versions/A/Frameworks/CarbonCore.framework/Versions/A/CarbonCore
0x00007ff80d8c8000 	/System/Library/Frameworks/CoreServices.framework/Versions/A/Frameworks/Metadata.framework/Versions/A/Metadata
0x00007ff812788000 	/System/Library/Frameworks/CoreServices.framework/Versions/A/Frameworks/OSServices.framework/Versions/A/OSServices
0x00007ff812d04000 	/System/Library/Frameworks/CoreServices.framework/Versions/A/Frameworks/SearchKit.framework/Versions/A/SearchKit
0x00007ff80cba0000 	/System/Library/Frameworks/CoreServices.framework/Versions/A/Frameworks/AE.framework/Versions/A/AE
0x00007ff806b35000 	/System/Library/Frameworks/CoreServices.framework/Versions/A/Frameworks/LaunchServices.framework/Versions/A/LaunchServices
0x00007ff81423a000 	/System/Library/Frameworks/CoreServices.framework/Versions/A/Frameworks/DictionaryServices.framework/Versions/A/DictionaryServices
0x00007ff80eacb000 	/System/Library/Frameworks/CoreServices.framework/Versions/A/Frameworks/SharedFileList.framework/Versions/A/SharedFileList
0x00007ff812d8e000 	/usr/lib/libapple_nghttp2.dylib
0x00007ff80adb4000 	/usr/lib/libnetwork.dylib
0x00007ff80c852000 	/usr/lib/libsqlite3.dylib
0x00007ff80cc24000 	/System/Library/Frameworks/Network.framework/Versions/A/Network
0x00007ffb259d1000 	/usr/lib/libCoreEntitlements.dylib
0x00007ffb12aed000 	/System/Library/PrivateFrameworks/MessageSecurity.framework/Versions/A/MessageSecurity
0x00007ff80c839000 	/System/Library/PrivateFrameworks/ProtocolBuffer.framework/Versions/A/ProtocolBuffer
0x00007ff8126a4000 	/System/Library/PrivateFrameworks/AppleFSCompression.framework/Versions/A/AppleFSCompression
0x00007ff811fe5000 	/usr/lib/libcoretls.dylib
0x00007ff8142a2000 	/usr/lib/libcoretls_cfhelpers.dylib
0x00007ff812dbe000 	/usr/lib/libpam.2.dylib
0x00007ff814314000 	/usr/lib/libxar.1.dylib
0x00007ff8148ad000 	/usr/lib/libheimdal-asn1.dylib
0x00007ff812b44000 	/usr/lib/libpcap.A.dylib
0x00007ff80cc13000 	/usr/lib/libdns_services.dylib
0x00007ff8110bb000 	/System/Library/PrivateFrameworks/AppleSystemInfo.framework/Versions/A/AppleSystemInfo
0x00007ff811cef000 	/System/Library/PrivateFrameworks/IOMobileFramebuffer.framework/Versions/A/IOMobileFramebuffer
0x00007ff812773000 	/usr/lib/libbz2.1.0.dylib
0x00007ff811fd9000 	/usr/lib/libCheckFix.dylib
0x00007ff80b1ee000 	/System/Library/PrivateFrameworks/TCC.framework/Versions/A/TCC
0x00007ff8110c1000 	/System/Library/PrivateFrameworks/CoreNLP.framework/Versions/A/CoreNLP
0x00007ff80d887000 	/System/Library/PrivateFrameworks/MetadataUtilities.framework/Versions/A/MetadataUtilities
0x00007ff81200e000 	/usr/lib/libmecab.dylib
0x00007ff807210000 	/usr/lib/libCRFSuite.dylib
0x00007ff812067000 	/usr/lib/libgermantok.dylib
0x00007ff812d6a000 	/usr/lib/libThaiTokenizer.dylib
0x00007ff80d966000 	/System/Library/Frameworks/Accelerate.framework/Versions/A/Frameworks/vImage.framework/Versions/A/vImage
0x00007ff81a3a6000 	/System/Library/Frameworks/Accelerate.framework/Versions/A/Frameworks/vecLib.framework/Versions/A/vecLib
0x00007ff814356000 	/System/Library/Frameworks/Accelerate.framework/Versions/A/Frameworks/vecLib.framework/Versions/A/libvMisc.dylib
0x00007ff811aea000 	/System/Library/Frameworks/Accelerate.framework/Versions/A/Frameworks/vecLib.framework/Versions/A/libvDSP.dylib
0x00007ff806ef3000 	/System/Library/Frameworks/Accelerate.framework/Versions/A/Frameworks/vecLib.framework/Versions/A/libBLAS.dylib
0x00007ff812ea2000 	/System/Library/Frameworks/Accelerate.framework/Versions/A/Frameworks/vecLib.framework/Versions/A/libLAPACK.dylib
0x00007ff81206a000 	/System/Library/Frameworks/Accelerate.framework/Versions/A/Frameworks/vecLib.framework/Versions/A/libLinearAlgebra.dylib
0x00007ff812da9000 	/System/Library/Frameworks/Accelerate.framework/Versions/A/Frameworks/vecLib.framework/Versions/A/libSparseBLAS.dylib
0x00007ff812e9c000 	/System/Library/Frameworks/Accelerate.framework/Versions/A/Frameworks/vecLib.framework/Versions/A/libQuadrature.dylib
0x00007ff8111a7000 	/System/Library/Frameworks/Accelerate.framework/Versions/A/Frameworks/vecLib.framework/Versions/A/libBNNS.dylib
0x00007ff807119000 	/System/Library/Frameworks/Accelerate.framework/Versions/A/Frameworks/vecLib.framework/Versions/A/libSparse.dylib
0x00007ffb11d2b000 	/System/Library/PrivateFrameworks/MIL.framework/Versions/A/MIL
0x00007ff812b79000 	/usr/lib/libiconv.2.dylib
0x00007ff812acc000 	/usr/lib/libcharset.1.dylib
0x00007ff80eaa2000 	/System/Library/Frameworks/OpenDirectory.framework/Versions/A/Frameworks/CFOpenDirectory.framework/Versions/A/CFOpenDirectory
0x00007ff80ea96000 	/System/Library/Frameworks/OpenDirectory.framework/Versions/A/OpenDirectory
0x00007ff8142a4000 	/System/Library/PrivateFrameworks/APFS.framework/Versions/A/APFS
0x00007ff811f1b000 	/System/Library/Frameworks/SecurityFoundation.framework/Versions/A/SecurityFoundation
0x00007ff814322000 	/usr/lib/libutil.dylib
0x00007ffb10ca7000 	/System/Library/PrivateFrameworks/InstalledContentLibrary.framework/Versions/A/InstalledContentLibrary
0x00007ff80956e000 	/System/Library/PrivateFrameworks/CoreServicesStore.framework/Versions/A/CoreServicesStore
0x00007ffb07c1d000 	/System/Library/PrivateFrameworks/AppleMobileFileIntegrity.framework/Versions/A/AppleMobileFileIntegrity
0x00007ff90affd000 	/usr/lib/libmis.dylib
0x00007ff9198a5000 	/System/Library/PrivateFrameworks/MobileSystemServices.framework/Versions/A/MobileSystemServices
0x00007ffa1560d000 	/System/Library/PrivateFrameworks/ConfigProfileHelper.framework/Versions/A/ConfigProfileHelper
0x00007ff812d6c000 	/System/Library/PrivateFrameworks/AppleSauce.framework/Versions/A/AppleSauce
0x00007ff807e2a000 	/System/Library/PrivateFrameworks/LanguageModeling.framework/Versions/A/LanguageModeling
0x00007ff814326000 	/usr/lib/libxslt.1.dylib
0x00007ff812c6b000 	/usr/lib/libcmph.dylib
0x00007ff811cdc000 	/System/Library/PrivateFrameworks/CoreEmoji.framework/Versions/A/CoreEmoji
0x00007ff8111a2000 	/System/Library/PrivateFrameworks/LinguisticData.framework/Versions/A/LinguisticData
0x00007ff8070d0000 	/System/Library/PrivateFrameworks/Lexicon.framework/Versions/A/Lexicon
0x00007ff811fa9000 	/System/Library/PrivateFrameworks/BackgroundTaskManagement.framework/Versions/A/BackgroundTaskManagement
0x00007ffb25b13000 	/usr/lib/libTLE.dylib
0x00007ffc06bea000 	/usr/lib/swift/libswift_RegexParser.dylib
0x00007ff815146000 	/System/Library/PrivateFrameworks/AppleJPEG.framework/Versions/A/AppleJPEG
0x00007ff814892000 	/usr/lib/libexpat.1.dylib
0x00007ff815816000 	/System/Library/Frameworks/ImageIO.framework/Versions/A/Resources/libPng.dylib
0x00007ff815843000 	/System/Library/Frameworks/ImageIO.framework/Versions/A/Resources/libTIFF.dylib
0x00007ff815933000 	/System/Library/Frameworks/ImageIO.framework/Versions/A/Resources/libGIF.dylib
0x00007ff815191000 	/System/Library/Frameworks/ImageIO.framework/Versions/A/Resources/libJP2.dylib
0x00007ff8158d3000 	/System/Library/Frameworks/ImageIO.framework/Versions/A/Resources/libJPEG.dylib
0x00007ff8158ca000 	/System/Library/Frameworks/ImageIO.framework/Versions/A/Resources/libRadiance.dylib
0x00007ff8104c3000 	/System/Library/PrivateFrameworks/FontServices.framework/libFontParser.dylib
0x00007ff80cb45000 	/System/Library/PrivateFrameworks/RunningBoardServices.framework/Versions/A/RunningBoardServices
0x00007ff82072b000 	/System/Library/PrivateFrameworks/IOSurfaceAccelerator.framework/Versions/A/IOSurfaceAccelerator
0x00007ff815278000 	/System/Library/PrivateFrameworks/WatchdogClient.framework/Versions/A/WatchdogClient
0x00007ff807f90000 	/System/Library/Frameworks/CoreDisplay.framework/Versions/A/CoreDisplay
0x00007ff8103b2000 	/System/Library/Frameworks/CoreMedia.framework/Versions/A/CoreMedia
0x00007ff81019a000 	/System/Library/PrivateFrameworks/IOAccelerator.framework/Versions/A/IOAccelerator
0x00007ff80ec1c000 	/System/Library/Frameworks/CoreVideo.framework/Versions/A/CoreVideo
0x00007ff812dbc000 	/System/Library/Frameworks/MetalPerformanceShaders.framework/Versions/A/MetalPerformanceShaders
0x00007ff8152b7000 	/System/Library/Frameworks/VideoToolbox.framework/Versions/A/VideoToolbox
0x00007ff80ca83000 	/System/Library/PrivateFrameworks/BaseBoard.framework/Versions/A/BaseBoard
0x00007ff8158c3000 	/System/Library/PrivateFrameworks/GPUWrangler.framework/Versions/A/GPUWrangler
0x00007ff8158a7000 	/System/Library/PrivateFrameworks/IOPresentment.framework/Versions/A/IOPresentment
0x00007ff8158cd000 	/System/Library/PrivateFrameworks/DSExternalDisplay.framework/Versions/A/DSExternalDisplay
0x00007ffb0d19c000 	/System/Library/PrivateFrameworks/GPUCompiler.framework/Versions/31001/Libraries/libllvm-flatbuffers.dylib
0x00007ffa1e38d000 	/System/Library/Frameworks/OpenGL.framework/Versions/A/Libraries/libCoreFSCache.dylib
0x00007ffb0d198000 	/System/Library/PrivateFrameworks/GPUCompiler.framework/Versions/31001/Libraries/libGPUCompilerUtils.dylib
0x00007ff815939000 	/System/Library/PrivateFrameworks/CMCaptureCore.framework/Versions/A/CMCaptureCore
0x00007ffa22045000 	/System/Library/Frameworks/ExtensionFoundation.framework/Versions/A/ExtensionFoundation
0x00007ff81c3b8000 	/System/Library/PrivateFrameworks/CoreTime.framework/Versions/A/CoreTime
0x00007ff814e4b000 	/System/Library/PrivateFrameworks/AppServerSupport.framework/Versions/A/AppServerSupport
0x00007ff8171d3000 	/System/Library/PrivateFrameworks/perfdata.framework/Versions/A/perfdata
0x00007ff8080bc000 	/System/Library/PrivateFrameworks/AudioToolboxCore.framework/Versions/A/AudioToolboxCore
0x00007ff81038d000 	/System/Library/PrivateFrameworks/caulk.framework/Versions/A/caulk
0x00007ff816aae000 	/usr/lib/libAudioStatistics.dylib
0x00007ff90a49f000 	/System/Library/PrivateFrameworks/SystemPolicy.framework/Versions/A/SystemPolicy
0x00007ff816d49000 	/usr/lib/libSMC.dylib
0x00007ff81ff1d000 	/System/Library/Frameworks/CoreMIDI.framework/Versions/A/CoreMIDI
0x00007ff8157e4000 	/usr/lib/libAudioToolboxUtility.dylib
0x00007ff8258b0000 	/System/Library/PrivateFrameworks/OSAServicesClient.framework/Versions/A/OSAServicesClient
0x00007ff8171e0000 	/usr/lib/libperfcheck.dylib
0x00007ff814772000 	/System/Library/PrivateFrameworks/PlugInKit.framework/Versions/A/PlugInKit
0x00007ff811f0e000 	/System/Library/PrivateFrameworks/AssertionServices.framework/Versions/A/AssertionServices
0x00007ffa1e3ea000 	/System/Library/Frameworks/OpenGL.framework/Versions/A/Libraries/libGLU.dylib
0x00007ffa1e3ac000 	/System/Library/Frameworks/OpenGL.framework/Versions/A/Libraries/libGFXShared.dylib
0x00007ffa1e5ab000 	/System/Library/Frameworks/OpenGL.framework/Versions/A/Libraries/libGL.dylib
0x00007ffa1e3b5000 	/System/Library/Frameworks/OpenGL.framework/Versions/A/Libraries/libGLImage.dylib
0x00007ffa1e3a9000 	/System/Library/Frameworks/OpenGL.framework/Versions/A/Libraries/libCVMSPluginSupport.dylib
0x00007ffb25af2000 	/usr/lib/libRosetta.dylib
0x00007ffa1e394000 	/System/Library/Frameworks/OpenGL.framework/Versions/A/Libraries/libCoreVMClient.dylib
0x00007ff811030000 	/System/Library/Frameworks/MetalPerformanceShaders.framework/Versions/A/Frameworks/MPSCore.framework/Versions/A/MPSCore
0x00007ff81260e000 	/System/Library/Frameworks/MetalPerformanceShaders.framework/Versions/A/Frameworks/MPSImage.framework/Versions/A/MPSImage
0x00007ff812080000 	/System/Library/Frameworks/MetalPerformanceShaders.framework/Versions/A/Frameworks/MPSNeuralNetwork.framework/Versions/A/MPSNeuralNetwork
0x00007ff8124f1000 	/System/Library/Frameworks/MetalPerformanceShaders.framework/Versions/A/Frameworks/MPSMatrix.framework/Versions/A/MPSMatrix
0x00007ff8122ad000 	/System/Library/Frameworks/MetalPerformanceShaders.framework/Versions/A/Frameworks/MPSRayIntersector.framework/Versions/A/MPSRayIntersector
0x00007ff81252d000 	/System/Library/Frameworks/MetalPerformanceShaders.framework/Versions/A/Frameworks/MPSNDArray.framework/Versions/A/MPSNDArray
0x00007ffa2342d000 	/System/Library/Frameworks/MetalPerformanceShaders.framework/Versions/A/Frameworks/MPSFunctions.framework/Versions/A/MPSFunctions
0x00007ff806db3000 	/System/Library/PrivateFrameworks/MetalTools.framework/Versions/A/MetalTools
0x00007ff8110ba000 	/System/Library/PrivateFrameworks/AggregateDictionary.framework/Versions/A/AggregateDictionary
0x00007ff814628000 	/usr/lib/libIOReport.dylib
0x00007ffb1561e000 	/System/Library/PrivateFrameworks/PhotosensitivityProcessing.framework/Versions/A/PhotosensitivityProcessing
0x00007ffa1f070000 	/System/Library/Frameworks/OpenCL.framework/Versions/A/OpenCL
0x00007ff8149da000 	/System/Library/PrivateFrameworks/GraphVisualizer.framework/Versions/A/GraphVisualizer
0x00007ffb0d0b1000 	/System/Library/PrivateFrameworks/FontServices.framework/Versions/A/FontServices
0x00007ff814e06000 	/System/Library/PrivateFrameworks/OTSVG.framework/Versions/A/OTSVG
0x00007ff80e7e5000 	/System/Library/Frameworks/ApplicationServices.framework/Versions/A/Frameworks/ATS.framework/Versions/A/Resources/libFontRegistry.dylib
0x00007ff814e55000 	/System/Library/PrivateFrameworks/FontServices.framework/libhvf.dylib
0x00007ffb0d0b2000 	/System/Library/PrivateFrameworks/FontServices.framework/libXTFontStaticRegistryData.dylib
0x00007ff915ea8000 	/usr/lib/swift/libswiftMetal.dylib
0x00007ff90dfa7000 	/usr/lib/swift/libswiftsimd.dylib
0x00007ffb1ecf7000 	/System/Library/PrivateFrameworks/VideoToolboxParavirtualizationSupport.framework/Versions/A/VideoToolboxParavirtualizationSupport
0x00007ff814842000 	/System/Library/PrivateFrameworks/AppleVA.framework/Versions/A/AppleVA
0x00007ff816aee000 	/System/Library/Frameworks/ApplicationServices.framework/Versions/A/Frameworks/ATS.framework/Versions/A/ATS
0x00007ff80bef9000 	/System/Library/Frameworks/ApplicationServices.framework/Versions/A/Frameworks/HIServices.framework/Versions/A/HIServices
0x00007ff815945000 	/System/Library/Frameworks/ApplicationServices.framework/Versions/A/Frameworks/PrintCore.framework/Versions/A/PrintCore
0x00007ff816e9f000 	/System/Library/Frameworks/ApplicationServices.framework/Versions/A/Frameworks/QD.framework/Versions/A/QD
0x00007ff816e97000 	/System/Library/Frameworks/ApplicationServices.framework/Versions/A/Frameworks/ColorSyncLegacy.framework/Versions/A/ColorSyncLegacy
0x00007ff816ac2000 	/System/Library/Frameworks/ApplicationServices.framework/Versions/A/Frameworks/SpeechSynthesis.framework/Versions/A/SpeechSynthesis
0x00007ff815903000 	/System/Library/Frameworks/ApplicationServices.framework/Versions/A/Frameworks/ATSUI.framework/Versions/A/ATSUI
0x00007ff816e29000 	/usr/lib/libcups.2.dylib
0x00007ff8171ef000 	/System/Library/Frameworks/Kerberos.framework/Versions/A/Kerberos
0x00007ff8171fe000 	/System/Library/Frameworks/GSS.framework/Versions/A/GSS
0x00007ff816b5c000 	/usr/lib/libresolv.9.dylib
0x00007ff814e65000 	/System/Library/PrivateFrameworks/Heimdal.framework/Versions/A/Heimdal
0x00007ff81e100000 	/System/Library/Frameworks/Kerberos.framework/Versions/A/Libraries/libHeimdalProxy.dylib
0x00007ff817249000 	/System/Library/PrivateFrameworks/CommonAuth.framework/Versions/A/CommonAuth
0x00007ffa212f5000 	/System/Library/Frameworks/AVFAudio.framework/Versions/A/AVFAudio
0x00007ff8258f9000 	/System/Library/PrivateFrameworks/AXCoreUtilities.framework/Versions/A/AXCoreUtilities
0x00007ff816a40000 	/System/Library/PrivateFrameworks/AudioSession.framework/Versions/A/AudioSession
0x00007ff81803e000 	/System/Library/Frameworks/IOBluetooth.framework/Versions/A/IOBluetooth
0x00007ff814948000 	/System/Library/PrivateFrameworks/MediaExperience.framework/Versions/A/MediaExperience
0x00007ff8168ea000 	/System/Library/PrivateFrameworks/AudioSession.framework/libSessionUtility.dylib
0x00007ff816eab000 	/System/Library/PrivateFrameworks/AudioResourceArbitration.framework/Versions/A/AudioResourceArbitration
0x00007ff81afcf000 	/System/Library/PrivateFrameworks/PowerLog.framework/Versions/A/PowerLog
0x00007ff81af0e000 	/System/Library/Frameworks/CoreBluetooth.framework/Versions/A/CoreBluetooth
0x00007ff81e101000 	/System/Library/Frameworks/AudioUnit.framework/Versions/A/AudioUnit
0x00007ff811d78000 	/System/Library/PrivateFrameworks/CoreUtils.framework/Versions/A/CoreUtils
0x00007ffb0bb7f000 	/System/Library/PrivateFrameworks/CoreUtilsExtras.framework/Versions/A/CoreUtilsExtras
0x00007ffb10b36000 	/System/Library/PrivateFrameworks/IO80211.framework/Versions/A/IO80211
0x00007ff8148b6000 	/System/Library/PrivateFrameworks/IconFoundation.framework/Versions/A/IconFoundation
0x00007ff819fc6000 	/System/Library/PrivateFrameworks/SpeechRecognitionCore.framework/Versions/A/SpeechRecognitionCore
0x0000000109850000 	/Library/Java/JavaVirtualMachines/jdk-17.jdk/Contents/Home/lib/server/libjvm.dylib
0x0000000108874000 	/Library/Java/JavaVirtualMachines/jdk-17.jdk/Contents/Home/lib/libjimage.dylib
0x00000001088c1000 	/Library/Java/JavaVirtualMachines/jdk-17.jdk/Contents/Home/lib/libjava.dylib
0x00000001094a7000 	/Library/Java/JavaVirtualMachines/jdk-17.jdk/Contents/Home/lib/libnio.dylib
0x00000001094fe000 	/Library/Java/JavaVirtualMachines/jdk-17.jdk/Contents/Home/lib/libnet.dylib
0x0000000109543000 	/Library/Java/JavaVirtualMachines/jdk-17.jdk/Contents/Home/lib/libzip.dylib
0x0000000109589000 	/Library/Java/JavaVirtualMachines/jdk-17.jdk/Contents/Home/lib/libverify.dylib
0x0000000109670000 	/Library/Java/JavaVirtualMachines/jdk-17.jdk/Contents/Home/lib/libawt.dylib
0x000000012fd0a000 	/Library/Java/JavaVirtualMachines/jdk-17.jdk/Contents/Home/lib/libmlib_image.dylib
0x00007ffa22617000 	/System/Library/Frameworks/JavaRuntimeSupport.framework/Versions/A/JavaRuntimeSupport
0x00007ff909eac000 	/System/Library/Frameworks/Carbon.framework/Versions/A/Carbon
0x00007ff81c2d4000 	/System/Library/PrivateFrameworks/CoreSymbolication.framework/Versions/A/CoreSymbolication
0x00007ff821c70000 	/System/Library/Frameworks/Carbon.framework/Versions/A/Frameworks/CommonPanels.framework/Versions/A/CommonPanels
0x00007ff81da64000 	/System/Library/Frameworks/Carbon.framework/Versions/A/Frameworks/Help.framework/Versions/A/Help
0x00007ff821c74000 	/System/Library/Frameworks/Carbon.framework/Versions/A/Frameworks/ImageCapture.framework/Versions/A/ImageCapture
0x00007ff821c4c000 	/System/Library/Frameworks/Carbon.framework/Versions/A/Frameworks/OpenScripting.framework/Versions/A/OpenScripting
0x00007ff821c6c000 	/System/Library/Frameworks/Carbon.framework/Versions/A/Frameworks/Ink.framework/Versions/A/Ink
0x00007ff909ea8000 	/System/Library/Frameworks/Carbon.framework/Versions/A/Frameworks/Print.framework/Versions/A/Print
0x00007ff821c68000 	/System/Library/Frameworks/Carbon.framework/Versions/A/Frameworks/SecurityHI.framework/Versions/A/SecurityHI
0x00007ff81c295000 	/System/Library/PrivateFrameworks/DebugSymbols.framework/Versions/A/DebugSymbols
0x000000012ff6c000 	/Library/Java/JavaVirtualMachines/jdk-17.jdk/Contents/Home/lib/libawt_lwawt.dylib
0x00000001095f7000 	/Library/Java/JavaVirtualMachines/jdk-17.jdk/Contents/Home/lib/libosxapp.dylib
0x00007ff909151000 	/System/Library/Frameworks/ExceptionHandling.framework/Versions/A/ExceptionHandling
0x0000000130391000 	/Library/Java/JavaVirtualMachines/jdk-17.jdk/Contents/Home/lib/libfontmanager.dylib
0x0000000130203000 	/Library/Java/JavaVirtualMachines/jdk-17.jdk/Contents/Home/lib/libfreetype.dylib
0x00007ff81b5bd000 	/System/Library/Frameworks/FileProvider.framework/Versions/A/FileProvider
0x00007ff80c9ee000 	/System/Library/Frameworks/Accounts.framework/Versions/A/Accounts
0x00007ff80ecab000 	/System/Library/PrivateFrameworks/UserManagement.framework/Versions/A/UserManagement
0x00007ff81b757000 	/System/Library/PrivateFrameworks/GenerationalStorage.framework/Versions/A/GenerationalStorage
0x00007ff81afc4000 	/System/Library/PrivateFrameworks/SymptomDiagnosticReporter.framework/Versions/A/SymptomDiagnosticReporter
0x00007ff80a8b6000 	/System/Library/PrivateFrameworks/DesktopServicesPriv.framework/Versions/A/DesktopServicesPriv
0x00007ff809678000 	/usr/lib/libsandbox.1.dylib
0x00007ff816e8c000 	/System/Library/PrivateFrameworks/NetAuth.framework/Versions/A/NetAuth
0x00007ff817ebd000 	/System/Library/PrivateFrameworks/Sharing.framework/Versions/A/Sharing
0x00007ff80ec71000 	/System/Library/PrivateFrameworks/login.framework/Versions/A/Frameworks/loginsupport.framework/Versions/A/loginsupport
0x00007ff81d5d6000 	/System/Library/PrivateFrameworks/Apple80211.framework/Versions/A/Apple80211
0x00007ff8127b5000 	/System/Library/PrivateFrameworks/AuthKit.framework/Versions/A/AuthKit
0x00007ff811cfd000 	/System/Library/Frameworks/CoreWLAN.framework/Versions/A/CoreWLAN
0x00007ff81d5da000 	/System/Library/PrivateFrameworks/CoreWiFi.framework/Versions/A/CoreWiFi
0x00007ffa0f225000 	/System/Library/PrivateFrameworks/WiFiPeerToPeer.framework/Versions/A/WiFiPeerToPeer
0x00007ff81be3c000 	/System/Library/PrivateFrameworks/FrontBoardServices.framework/Versions/A/FrontBoardServices
0x00007ff81bed5000 	/System/Library/PrivateFrameworks/BoardServices.framework/Versions/A/BoardServices
0x00007ff81d776000 	/System/Library/PrivateFrameworks/BackBoardServices.framework/Versions/A/BackBoardServices
0x00007ff81292d000 	/System/Library/Frameworks/UserNotifications.framework/Versions/A/UserNotifications
0x00007ff817341000 	/System/Library/PrivateFrameworks/CorePhoneNumbers.framework/Versions/A/CorePhoneNumbers
0x00007ff816b89000 	/System/Library/PrivateFrameworks/MultiverseSupport.framework/Versions/A/MultiverseSupport
0x00007ff81d9f1000 	/System/Library/PrivateFrameworks/RemoteServiceDiscovery.framework/Versions/A/RemoteServiceDiscovery
0x00007ff81b0de000 	/System/Library/PrivateFrameworks/DiskManagement.framework/Versions/A/DiskManagement
0x00007ff81aff6000 	/System/Library/PrivateFrameworks/AppleIDAuthSupport.framework/Versions/A/AppleIDAuthSupport
0x00007ffa261f2000 	/System/Library/PrivateFrameworks/AAAFoundation.framework/Versions/A/AAAFoundation
0x00007ff81731a000 	/System/Library/PrivateFrameworks/KeychainCircle.framework/Versions/A/KeychainCircle
0x00007ff81da01000 	/System/Library/PrivateFrameworks/RemoteXPC.framework/Versions/A/RemoteXPC
0x00007ff81b0aa000 	/System/Library/PrivateFrameworks/MediaKit.framework/Versions/A/MediaKit
0x00007ff81b002000 	/System/Library/Frameworks/DiscRecording.framework/Versions/A/DiscRecording
0x00007ff8147b6000 	/usr/lib/libCoreStorage.dylib
0x00007ff81da6c000 	/usr/lib/libcsfde.dylib
0x00007ff818113000 	/System/Library/PrivateFrameworks/ProtectedCloudStorage.framework/Versions/A/ProtectedCloudStorage
0x00007ff81da68000 	/System/Library/PrivateFrameworks/EFILogin.framework/Versions/A/EFILogin
0x00007ff81b77d000 	/System/Library/PrivateFrameworks/OctagonTrust.framework/Versions/A/OctagonTrust
0x00007ff8147ae000 	/usr/lib/libMatch.1.dylib
0x00007ff912e7d000 	/System/Library/CoreServices/RawCamera.bundle/Contents/MacOS/RawCamera
0x00007ff817259000 	/System/Library/PrivateFrameworks/MobileAsset.framework/Versions/A/MobileAsset
0x00007ff910752000 	/System/Library/PrivateFrameworks/SoftwareUpdateCoreSupport.framework/Versions/A/SoftwareUpdateCoreSupport
0x00007ff916bab000 	/System/Library/PrivateFrameworks/SoftwareUpdateCoreConnect.framework/Versions/A/SoftwareUpdateCoreConnect
0x00007ff81e125000 	/System/Library/PrivateFrameworks/StreamingZip.framework/Versions/A/StreamingZip
0x00007ff910418000 	/System/Library/PrivateFrameworks/MSUDataAccessor.framework/Versions/A/MSUDataAccessor
0x00007ff90c8be000 	/usr/lib/libbootpolicy.dylib
0x00007ff91d5c6000 	/usr/lib/libpartition2_dynamic.dylib
0x00007ffb08725000 	/System/Library/PrivateFrameworks/CMPhoto.framework/Versions/A/CMPhoto
0x00007ff81c168000 	/System/Library/PrivateFrameworks/AppleVPA.framework/Versions/A/AppleVPA
0x00007ff815b75000 	/System/Library/Frameworks/MediaToolbox.framework/Versions/A/MediaToolbox
0x00007ff81b58d000 	/System/Library/PrivateFrameworks/CoreAVCHD.framework/Versions/A/CoreAVCHD
0x00007ff81a6cc000 	/System/Library/Frameworks/MediaAccessibility.framework/Versions/A/MediaAccessibility
0x00007ff81b589000 	/System/Library/PrivateFrameworks/Mangrove.framework/Versions/A/Mangrove
0x00007ff81b1ce000 	/System/Library/PrivateFrameworks/CoreAUC.framework/Versions/A/CoreAUC
0x00007ff90fe09000 	/System/Library/Frameworks/Accelerate.framework/Versions/A/Frameworks/vImage.framework/Versions/A/Libraries/libCGInterfaces.dylib
0x0000000138df8000 	/usr/lib/libobjc-trampolines.dylib
0x00007ffb258a3000 	/usr/lib/libAccessibilityBaseImplementations.dylib
0x00007ff80e98a000 	/System/Library/PrivateFrameworks/ViewBridge.framework/Versions/A/ViewBridge
0x000000013aa55000 	/Users/komron/IdeaProjects/shisen/native/macosx/liblwjgl.dylib
0x000000013a96b000 	/Library/Java/JavaVirtualMachines/jdk-17.jdk/Contents/Home/lib/libjawt.dylib
0x00007ffa1e5b6000 	/System/Library/Frameworks/OpenGL.framework/Versions/A/Resources/GLEngine.bundle/GLEngine
0x00007ffa1e427000 	/System/Library/Frameworks/OpenGL.framework/Versions/A/Libraries/libGLProgrammability.dylib
0x000000013ac8b000 	/System/Library/Extensions/AppleMetalOpenGLRenderer.bundle/Contents/MacOS/AppleMetalOpenGLRenderer
0x00007ffa1e738000 	/System/Library/Frameworks/OpenGL.framework/Versions/A/Resources/GLRendererFloat.bundle/GLRendererFloat
0x00007ffa1f6ba000 	/System/Library/Extensions/AGXMetal13_3.bundle/Contents/MacOS/AGXMetal13_3
0x00007ff90b00f000 	/System/Library/PrivateFrameworks/GPURawCounter.framework/Versions/A/GPURawCounter
0x00007ff8248cf000 	/System/Library/PrivateFrameworks/IOGPU.framework/Versions/A/IOGPU
0x00007ff814f1d000 	/System/Library/PrivateFrameworks/login.framework/Versions/A/login


VM Arguments:
jvm_args: -Dfile.encoding=UTF-8 -Duser.country=DE -Duser.language=en -Duser.variant 
java_command: tud.ai1.shisen.view.Launch
java_class_path (initial): /Users/komron/IdeaProjects/shisen/build/classes/java/main:/Users/komron/IdeaProjects/shisen/build/resources/main:/Users/komron/IdeaProjects/shisen/libs/eea.jar:/Users/komron/IdeaProjects/shisen/libs/junit-4.12.jar:/Users/komron/IdeaProjects/shisen/libs/slick.jar:/Users/komron/IdeaProjects/shisen/libs/lwjgl.jar:/Users/komron/IdeaProjects/shisen/libs/mockito-all-1.10.19.jar:/Users/komron/IdeaProjects/shisen/libs/hamcrest-core-1.3.jar:/Users/komron/.gradle/caches/modules-2/files-2.1/org.junit.jupiter/junit-jupiter-api/5.5.0/49cb319db20265a033394c397b55fc654c40c1df/junit-jupiter-api-5.5.0.jar:/Users/komron/.gradle/caches/modules-2/files-2.1/com.google.guava/guava/27.0.1-jre/bd41a290787b5301e63929676d792c507bbc00ae/guava-27.0.1-jre.jar:/Users/komron/.gradle/caches/modules-2/files-2.1/org.junit.platform/junit-platform-commons/1.5.0/cebf068a2d727ebc32d98693fbb385c7f11a9c9e/junit-platform-commons-1.5.0.jar:/Users/komron/.gradle/caches/modules-2/files-2.1/org.apiguardian/apiguardian-api/1.1.0/fc9dff4bb36d627bdc553de77e1f17efd790876c/apiguardian-api-1.1.0.jar:/Users/komron/.gradle/caches/modules-2/files-2.1/org.opentest4j/opentest4j/1.2.0/28c11eb91f9b6d8e200631d46e20a7f407f2a046/opentest4j-1.2.0.jar:/Users/komron/.gradle/caches/modules-2/files-2.1/com.google.guava/failureaccess/1.0.1/1dcf1de382a0bf95a3d8b0849546c88bac1292c9/failureaccess-1.0.1.jar:/Users/komron/.gradle/caches/modules-2/files-2.1/com.google.guava/listenablefuture/9999.0-empty-to-avoid-conflict-with-guava/b421526c5f297295adef1c886e5246c39d4ac629/listenablefuture-9999.0-empty-to-avoid-conflict-with-guava.jar:/Users/komron/.gradle/caches/modules-2/files-2.1/com.google.code.findbugs/jsr305/3.0.2/25ea2e8b0c338a877313bd4672d3fe056ea78f0d/jsr305-3.0.2.jar:/Users/komron/.gradle/caches/modules-2/files-2.1/org.checkerframework/checker-qual/2.5.2/cea74543d5904a30861a61b4643a5f2bb372efc4/checker-qual-2.5.2.jar:/Users/komron/.gradle/caches/modules-2/files-2.1/com.google.errorprone/error_prone_a
Launcher Type: SUN_STANDARD

[Global flags]
     intx CICompilerCount                          = 4                                         {product} {ergonomic}
     uint ConcGCThreads                            = 2                                         {product} {ergonomic}
     uint G1ConcRefinementThreads                  = 8                                         {product} {ergonomic}
   size_t G1HeapRegionSize                         = 2097152                                   {product} {ergonomic}
    uintx GCDrainStackTargetSize                   = 64                                        {product} {ergonomic}
   size_t InitialHeapSize                          = 268435456                                 {product} {ergonomic}
   size_t MarkStackSize                            = 4194304                                   {product} {ergonomic}
   size_t MaxHeapSize                              = 4294967296                                {product} {ergonomic}
   size_t MaxNewSize                               = 2575302656                                {product} {ergonomic}
   size_t MinHeapDeltaBytes                        = 2097152                                   {product} {ergonomic}
   size_t MinHeapSize                              = 8388608                                   {product} {ergonomic}
    uintx NonNMethodCodeHeapSize                   = 5839372                                {pd product} {ergonomic}
    uintx NonProfiledCodeHeapSize                  = 122909434                              {pd product} {ergonomic}
    uintx ProfiledCodeHeapSize                     = 122909434                              {pd product} {ergonomic}
    uintx ReservedCodeCacheSize                    = 251658240                              {pd product} {ergonomic}
     bool SegmentedCodeCache                       = true                                      {product} {ergonomic}
   size_t SoftMaxHeapSize                          = 4294967296                             {manageable} {ergonomic}
     bool UseCompressedClassPointers               = true                           {product lp64_product} {ergonomic}
     bool UseCompressedOops                        = true                           {product lp64_product} {ergonomic}
     bool UseG1GC                                  = true                                      {product} {ergonomic}
     bool UseNUMA                                  = false                                     {product} {ergonomic}
     bool UseNUMAInterleaving                      = false                                     {product} {ergonomic}

Logging:
Log output configuration:
 #0: stdout all=warning uptime,level,tags
 #1: stderr all=off uptime,level,tags

Environment Variables:
PATH=/usr/bin:/bin:/usr/sbin:/sbin
SHELL=/bin/bash

Signal Handlers:
   SIGSEGV: crash_handler in libjvm.dylib, mask=11100110100111111111111111111111, flags=SA_RESTART|SA_SIGINFO
    SIGBUS: crash_handler in libjvm.dylib, mask=11100110100111111111111111111111, flags=SA_RESTART|SA_SIGINFO
    SIGFPE: crash_handler in libjvm.dylib, mask=11100110100111111111111111111111, flags=SA_RESTART|SA_SIGINFO
   SIGPIPE: javaSignalHandler in libjvm.dylib, mask=11100110100111111111111111111111, flags=SA_RESTART|SA_SIGINFO
   SIGXFSZ: javaSignalHandler in libjvm.dylib, mask=11100110100111111111111111111111, flags=SA_RESTART|SA_SIGINFO
    SIGILL: crash_handler in libjvm.dylib, mask=11100110100111111111111111111111, flags=SA_RESTART|SA_SIGINFO
   SIGUSR2: SR_handler in libjvm.dylib, mask=00000000000000000000000000000000, flags=SA_RESTART|SA_SIGINFO
    SIGHUP: UserHandler in libjvm.dylib, mask=11100110100111111111111111111111, flags=SA_RESTART|SA_SIGINFO
    SIGINT: UserHandler in libjvm.dylib, mask=11100110100111111111111111111111, flags=SA_RESTART|SA_SIGINFO
   SIGTERM: UserHandler in libjvm.dylib, mask=11100110100111111111111111111111, flags=SA_RESTART|SA_SIGINFO
   SIGQUIT: UserHandler in libjvm.dylib, mask=11100110100111111111111111111111, flags=SA_RESTART|SA_SIGINFO
   SIGTRAP: crash_handler in libjvm.dylib, mask=11100110100111111111111111111111, flags=SA_RESTART|SA_SIGINFO


---------------  S Y S T E M  ---------------

OS:
uname: Darwin 22.5.0 Darwin Kernel Version 22.5.0: Mon Apr 24 20:53:44 PDT 2023; root:xnu-8796.121.2~5/RELEASE_ARM64_T8103 x86_64
OS uptime: 39 days 2:56 hours
rlimit (soft/hard): STACK 8176k/65520k , CORE 0k/infinity , NPROC 2666/4000 , NOFILE 10240/infinity , AS infinity/infinity , CPU infinity/infinity , DATA infinity/infinity , FSIZE infinity/infinity , MEMLOCK infinity/infinity , RSS infinity/infinity
load average: 3.23 3.26 2.95

CPU: (EMULATED) total 8 (initial active 8) (1 cores per cpu, 1 threads per core) family 6 model 44 stepping 0 microcode 0x0, cx8, cmov, fxsr, mmx, sse, sse2, sse3, ssse3, sse4.1, sse4.2, popcnt, tsc, tscinvbit, aes, clmul, clflush

Memory: 4k page, physical 16777216k(16240k free), swap 4194304k(1149248k free)

vm_info: Java HotSpot(TM) 64-Bit Server VM (17+35-LTS-2724) for bsd-amd64 JRE (17+35-LTS-2724), built on Aug  5 2021 22:37:01 by "mach5one" with clang Apple LLVM 12.0.0 (clang-1200.0.32.29)

END.
