#
# A fatal error has been detected by the Java Runtime Environment:
#
#  SIGSEGV (0xb) at pc=0x00007ff8062a8f7a, pid=8753, tid=11011
#
# JRE version: Java(TM) SE Runtime Environment (17.0+35) (build 17+35-LTS-2724)
# Java VM: Java HotSpot(TM) 64-Bit Server VM (17+35-LTS-2724, mixed mode, sharing, tiered, compressed oops, compressed class ptrs, g1 gc, bsd-amd64)
# Problematic frame:
# C  [libobjc.A.dylib+0x8f7a]  objc_release+0x2a
#
# No core dump will be written. Core dumps have been disabled. To enable core dumping, try "ulimit -c unlimited" before starting Java again
#
# If you would like to submit a bug report, please visit:
#   https://bugreport.java.com/bugreport/crash.jsp
# The crash happened outside the Java Virtual Machine in native code.
# See problematic frame for where to report the bug.
#

---------------  S U M M A R Y ------------

Command Line: -Dfile.encoding=UTF-8 -Duser.country=DE -Duser.language=en -Duser.variant tud.ai1.shisen.view.Launch

Host: "MacBookAir10,1" x86_64 (EMULATED) 2400 MHz, 8 cores, 16G, Darwin 22.5.0, macOS 13.4 (22F66)
Time: Wed Jul  5 18:04:52 2023 CEST elapsed time: 0.542728 seconds (0d 0h 0m 0s)

---------------  T H R E A D  ---------------

Current thread (0x00007fbc3780da00):  JavaThread "main" [_thread_in_native, id=11011, stack(0x0000000305def000,0x0000000305eef000)]

Stack: [0x0000000305def000,0x0000000305eef000],  sp=0x0000000305eee368,  free space=1020k
Native frames: (J=compiled Java code, j=interpreted, Vv=VM code, C=native code)
C  [libobjc.A.dylib+0x8f7a]  objc_release+0x2a
C  [libobjc.A.dylib+0x9c39]  objc_autoreleasePoolPop+0xe3
C  [CoreFoundation+0x3fa66]  _CFAutoreleasePoolPop+0x16
C  [Foundation+0x1f1fd]  -[NSAutoreleasePool release]+0x85
j  org.lwjgl.opengl.MacOSXContextImplementation.setView(Ljava/nio/ByteBuffer;Ljava/nio/ByteBuffer;)V+0
j  org.lwjgl.opengl.MacOSXContextImplementation.makeCurrent(Lorg/lwjgl/opengl/PeerInfo;Ljava/nio/ByteBuffer;)V+7
j  org.lwjgl.opengl.ContextGL.makeCurrent()V+46
j  org.lwjgl.opengl.DrawableGL.makeCurrent()V+14
j  org.lwjgl.opengl.Display.makeCurrent()V+3
j  org.lwjgl.opengl.Display.makeCurrentAndSetSwapInterval()V+0
j  org.lwjgl.opengl.Display.create(Lorg/lwjgl/opengl/PixelFormat;Lorg/lwjgl/opengl/Drawable;Lorg/lwjgl/opengl/ContextAttribs;)V+108
j  org.lwjgl.opengl.Display.create(Lorg/lwjgl/opengl/PixelFormat;)V+12
j  org.newdawn.slick.AppGameContainer.tryCreateDisplay(Lorg/lwjgl/opengl/PixelFormat;)V+7
j  org.newdawn.slick.AppGameContainer.access$000(Lorg/newdawn/slick/AppGameContainer;Lorg/lwjgl/opengl/PixelFormat;)V+2
j  org.newdawn.slick.AppGameContainer$2.run()Ljava/lang/Object;+36
j  java.security.AccessController.executePrivileged(Ljava/security/PrivilegedAction;Ljava/security/AccessControlContext;Ljava/lang/Class;)Ljava/lang/Object;+29 java.base@17
j  java.security.AccessController.doPrivileged(Ljava/security/PrivilegedAction;)Ljava/lang/Object;+5 java.base@17
j  org.newdawn.slick.AppGameContainer.setup()V+112
j  org.newdawn.slick.AppGameContainer.start()V+1
j  tud.ai1.shisen.view.Launch.main([Ljava/lang/String;)V+131
v  ~StubRoutines::call_stub
V  [libjvm.dylib+0x503091]  JavaCalls::call_helper(JavaValue*, methodHandle const&, JavaCallArguments*, JavaThread*)+0x2a1
V  [libjvm.dylib+0x564a82]  jni_invoke_static(JNIEnv_*, JavaValue*, _jobject*, JNICallType, _jmethodID*, JNI_ArgumentPusher*, JavaThread*)+0x152
V  [libjvm.dylib+0x567e43]  jni_CallStaticVoidMethod+0x183
C  [libjli.dylib+0x50bf]  JavaMain+0x9bf
C  [libjli.dylib+0x77e9]  ThreadJavaMain+0x9
C  [libsystem_pthread.dylib+0x61d3]  _pthread_start+0x7d
C  [libsystem_pthread.dylib+0x1bd3]  thread_start+0xf

Java frames: (J=compiled Java code, j=interpreted, Vv=VM code)
j  org.lwjgl.opengl.MacOSXContextImplementation.setView(Ljava/nio/ByteBuffer;Ljava/nio/ByteBuffer;)V+0
j  org.lwjgl.opengl.MacOSXContextImplementation.makeCurrent(Lorg/lwjgl/opengl/PeerInfo;Ljava/nio/ByteBuffer;)V+7
j  org.lwjgl.opengl.ContextGL.makeCurrent()V+46
j  org.lwjgl.opengl.DrawableGL.makeCurrent()V+14
j  org.lwjgl.opengl.Display.makeCurrent()V+3
j  org.lwjgl.opengl.Display.makeCurrentAndSetSwapInterval()V+0
j  org.lwjgl.opengl.Display.create(Lorg/lwjgl/opengl/PixelFormat;Lorg/lwjgl/opengl/Drawable;Lorg/lwjgl/opengl/ContextAttribs;)V+108
j  org.lwjgl.opengl.Display.create(Lorg/lwjgl/opengl/PixelFormat;)V+12
j  org.newdawn.slick.AppGameContainer.tryCreateDisplay(Lorg/lwjgl/opengl/PixelFormat;)V+7
j  org.newdawn.slick.AppGameContainer.access$000(Lorg/newdawn/slick/AppGameContainer;Lorg/lwjgl/opengl/PixelFormat;)V+2
j  org.newdawn.slick.AppGameContainer$2.run()Ljava/lang/Object;+36
j  java.security.AccessController.executePrivileged(Ljava/security/PrivilegedAction;Ljava/security/AccessControlContext;Ljava/lang/Class;)Ljava/lang/Object;+29 java.base@17
j  java.security.AccessController.doPrivileged(Ljava/security/PrivilegedAction;)Ljava/lang/Object;+5 java.base@17
j  org.newdawn.slick.AppGameContainer.setup()V+112
j  org.newdawn.slick.AppGameContainer.start()V+1
j  tud.ai1.shisen.view.Launch.main([Ljava/lang/String;)V+131
v  ~StubRoutines::call_stub

siginfo: si_signo: 11 (SIGSEGV), si_code: 1 (SEGV_MAPERR), si_addr: 0x00003fd5194ac200

Register to memory mapping:

RAX=0x00003fd5194ac1e0 is an unknown value
RBX=0x0000000000000001 is an unknown value
RCX=0x00007fbc3881f0e8 points into unknown readable memory: 0xa3a3a3a3a3a3a3a3 | a3 a3 a3 a3 a3 a3 a3 a3
RDX=0x00003fd5194ac1e0 is an unknown value
RSP=0x0000000305eee368 is pointing into the stack for thread: 0x00007fbc3780da00
RBP=0x0000000305eee3a0 is pointing into the stack for thread: 0x00007fbc3780da00
RSI=0x0100000000000000 is an unknown value
RDI=0x0000600000afc1e0 points into unknown readable memory: 0x00003fd5194ac1e0 | e0 c1 4a 19 d5 3f 00 00
R8 =0x00007ffffffffff8 is an unknown value
R9 =0x0 is NULL
R10=0x00007ff849d2c4a0: OBJC_CLASS_$___NSCFType+0 in /System/Library/Frameworks/CoreFoundation.framework/Versions/A/CoreFoundation at 0x00007ff80669a000
R11=0x00007ff8066ec260: -[__NSCFType release]+0 in /System/Library/Frameworks/CoreFoundation.framework/Versions/A/CoreFoundation at 0x00007ff80669a000
R12=0xa3a3a3a3a3a3a3a3 is an unknown value
R13=0x0000600000afc1e0 points into unknown readable memory: 0x00003fd5194ac1e0 | e0 c1 4a 19 d5 3f 00 00
R14=0x00007fbc3881f000 points into unknown readable memory: 0x4f545541a1a1a1a1 | a1 a1 a1 a1 41 55 54 4f
R15=0x00007fbc3881f0b8 points into unknown readable memory: 0x0000000000000000 | 00 00 00 00 00 00 00 00


Registers:
RAX=0x00003fd5194ac1e0, RBX=0x0000000000000001, RCX=0x00007fbc3881f0e8, RDX=0x00003fd5194ac1e0
RSP=0x0000000305eee368, RBP=0x0000000305eee3a0, RSI=0x0100000000000000, RDI=0x0000600000afc1e0
R8 =0x00007ffffffffff8, R9 =0x0000000000000000, R10=0x00007ff849d2c4a0, R11=0x00007ff8066ec260
R12=0xa3a3a3a3a3a3a3a3, R13=0x0000600000afc1e0, R14=0x00007fbc3881f000, R15=0x00007fbc3881f0b8
RIP=0x00007ff8062a8f7a, EFLAGS=0x0000000000000246, ERR=0x0000000000000004
  TRAPNO=0x000000000000000e

Top of Stack: (sp=0x0000000305eee368)
0x0000000305eee368:   00007ff8062ac8ec d328190a875b005e
0x0000000305eee378:   00007fbc3881f000 0000000000000000
0x0000000305eee388:   000000012e8775e8 00007fbc3881f0b8
0x0000000305eee398:   0000600000a8daa0 0000000305eee3c0
0x0000000305eee3a8:   00007ff8062a9c39 00007fbc3881f0b8
0x0000000305eee3b8:   00007ff825d559db 0000000305eee3e0
0x0000000305eee3c8:   00007ff8066d9a66 d328190a875b005e
0x0000000305eee3d8:   000000012e8775f0 0000000305eee420
0x0000000305eee3e8:   00007ff8074c01fd 0000000305eee420
0x0000000305eee3f8:   000000013b577b44 d328190a875b005e
0x0000000305eee408:   000000012e8775f0 0000000305eee4b8
0x0000000305eee418:   00007fbc3780da00 0000000305eee490
0x0000000305eee428:   0000000114275365 0000000305eee490
0x0000000305eee438:   00000001142750fb 00000001142750b6
0x0000000305eee448:   0000000305eee448 000000012e8775e8
0x0000000305eee458:   0000000305eee4b8 000000012e877b60
0x0000000305eee468:   0000000000000000 000000070fa88910
0x0000000305eee478:   000000012e8775f0 0000000000000000
0x0000000305eee488:   0000000305eee4b0 0000000305eee508
0x0000000305eee498:   000000011427142b 000000070fa88910
0x0000000305eee4a8:   0000000114272f18 000000070fa92750
0x0000000305eee4b8:   000000070fa16538 0000000305eee4c0
0x0000000305eee4c8:   000000012e8774ef 0000000305eee538
0x0000000305eee4d8:   000000012e877b60 0000000000000000
0x0000000305eee4e8:   000000070fa88910 000000012e877560
0x0000000305eee4f8:   0000000305eee4b0 0000000305eee528
0x0000000305eee508:   0000000305eee598 000000011427188f
0x0000000305eee518:   0000000000000000 000000070fa16538
0x0000000305eee528:   000000070fa92750 000000070fa16478
0x0000000305eee538:   000000070fa88a38 0000000000000001
0x0000000305eee548:   000000070fa88a48 0000000305eee540
0x0000000305eee558:   000000012e875066 0000000305eee5a8 

Instructions: (pc=0x00007ff8062a8f7a)
0x00007ff8062a8e7a:   48 89 c6 e8 0d 99 01 00 84 c0 75 23 66 f0 41 81
0x00007ff8062a8e8a:   4e 1e 00 80 48 8b 05 cb 04 ca 41 48 8b 00 48 3b
0x00007ff8062a8e9a:   45 e0 75 2c 48 83 c4 48 5b 41 5e 41 5f 5d c3 31
0x00007ff8062a8eaa:   c0 83 3d 82 c5 cd 41 00 74 da 0f b6 d0 4c 89 f7
0x00007ff8062a8eba:   be 02 00 00 00 e8 8d f1 01 00 eb c8 b0 01 eb e1
0x00007ff8062a8eca:   e8 7f fb 01 00 90 90 90 90 90 90 90 90 90 e9 0e
0x00007ff8062a8eda:   00 00 00 90 90 90 90 90 90 90 90 90 90 90 90 90
0x00007ff8062a8eea:   90 40 f6 c7 01 75 4e 48 8b 07 a8 01 74 34 48 b9
0x00007ff8062a8efa:   00 00 00 00 00 00 00 01 48 89 c2 48 c1 ea 37 74
0x00007ff8062a8f0a:   34 48 89 c2 48 01 ca 72 12 f0 48 0f b1 17 74 25
0x00007ff8062a8f1a:   a8 01 75 e4 31 f6 e9 05 db 01 00 31 f6 e9 e4 74
0x00007ff8062a8f2a:   00 00 48 b9 f8 ff ff ff ff 7f 00 00 48 21 c8 f6
0x00007ff8062a8f3a:   40 1e 01 74 df 48 89 f8 c3 90 90 90 90 90 90 90
0x00007ff8062a8f4a:   90 90 90 90 90 90 48 85 ff 0f 84 9c 00 00 00 89
0x00007ff8062a8f5a:   f8 83 e0 01 48 85 c0 0f 85 8e 00 00 00 49 b8 f8
0x00007ff8062a8f6a:   ff ff ff ff 7f 00 00 48 8b 07 48 89 c2 4c 21 c2
0x00007ff8062a8f7a:   48 8b 72 20 40 f6 c6 04 74 72 a8 01 0f 84 8c 00
0x00007ff8062a8f8a:   00 00 48 ba 00 00 00 00 00 00 80 00 48 be 00 00
0x00007ff8062a8f9a:   00 00 00 00 00 01 48 39 d0 72 50 48 89 c1 48 29
0x00007ff8062a8faa:   f1 72 17 f0 48 0f b1 0f 74 3c a8 01 75 e8 31 f6
0x00007ff8062a8fba:   ba 01 00 00 00 e9 c0 d5 01 00 48 85 d0 75 57 4c
0x00007ff8062a8fca:   23 07 41 0f b7 40 1e 0f ba e0 0c 48 8d 05 7c ca
0x00007ff8062a8fda:   f9 3f 48 8d 0d 15 ca f9 3f 48 0f 43 c8 48 8b 31
0x00007ff8062a8fea:   ff 25 20 b3 f9 3f 48 39 d1 72 d4 c3 66 83 7a 1e
0x00007ff8062a8ffa:   00 79 0e 83 e6 02 48 85 f6 74 06 f6 42 28 02 75
0x00007ff8062a900a:   1f 48 8b 35 46 cb f9 3f ff 25 f8 b2 f9 3f f6 42
0x00007ff8062a901a:   1e 01 74 9a eb d5 be 01 00 00 00 e9 2c 92 00 00
0x00007ff8062a902a:   48 8b 05 df e5 a6 43 ff e0 90 90 90 90 90 90 90
0x00007ff8062a903a:   90 90 90 90 90 e9 04 00 00 00 90 90 90 90 55 48
0x00007ff8062a904a:   89 e5 53 50 48 89 fb f6 c3 01 75 21 48 b8 07 00
0x00007ff8062a905a:   00 00 00 00 a0 00 48 23 03 48 83 f8 01 75 15 48
0x00007ff8062a906a:   89 df 48 83 c4 08 5b 5d e9 af fa 01 00 48 83 c4 


Stack slot to memory mapping:
stack at sp + 0 slots: 0x00007ff8062ac8ec: _ZN19AutoreleasePoolPage12releaseUntilEPP11objc_object+0xa8 in /usr/lib/libobjc.A.dylib at 0x00007ff8062a0000
stack at sp + 1 slots: 0xd328190a875b005e is an unknown value
stack at sp + 2 slots: 0x00007fbc3881f000 points into unknown readable memory: 0x4f545541a1a1a1a1 | a1 a1 a1 a1 41 55 54 4f
stack at sp + 3 slots: 0x0 is NULL
stack at sp + 4 slots: 0x000000012e8775e8 is pointing into metadata
stack at sp + 5 slots: 0x00007fbc3881f0b8 points into unknown readable memory: 0x0000000000000000 | 00 00 00 00 00 00 00 00
stack at sp + 6 slots: 0x0000600000a8daa0 points into unknown readable memory: 0x011dfff849d32aa9 | a9 2a d3 49 f8 ff 1d 01
stack at sp + 7 slots: 0x0000000305eee3c0 is pointing into the stack for thread: 0x00007fbc3780da00


---------------  P R O C E S S  ---------------

Threads class SMR info:
_java_thread_list=0x000060000048cc60, length=13, elements={
0x00007fbc3780da00, 0x00007fbc3782d000, 0x00007fbbf0008200, 0x00007fbc38809800,
0x00007fbc37830200, 0x00007fbc3782de00, 0x00007fbc3782e400, 0x00007fbc3782ea00,
0x00007fbc3782f000, 0x00007fbbf004bc00, 0x00007fbbf000b400, 0x00007fbc39066600,
0x00007fbc37909400
}

Java Threads: ( => current thread )
=>0x00007fbc3780da00 JavaThread "main" [_thread_in_native, id=11011, stack(0x0000000305def000,0x0000000305eef000)]
  0x00007fbc3782d000 JavaThread "Reference Handler" daemon [_thread_blocked, id=22599, stack(0x0000000306504000,0x0000000306604000)]
  0x00007fbbf0008200 JavaThread "Finalizer" daemon [_thread_blocked, id=31747, stack(0x0000000306607000,0x0000000306707000)]
  0x00007fbc38809800 JavaThread "Signal Dispatcher" daemon [_thread_blocked, id=24835, stack(0x000000030681b000,0x000000030691b000)]
  0x00007fbc37830200 JavaThread "Service Thread" daemon [_thread_blocked, id=29187, stack(0x000000030691e000,0x0000000306a1e000)]
  0x00007fbc3782de00 JavaThread "Monitor Deflation Thread" daemon [_thread_blocked, id=25091, stack(0x0000000306a21000,0x0000000306b21000)]
  0x00007fbc3782e400 JavaThread "C2 CompilerThread0" daemon [_thread_blocked, id=25347, stack(0x0000000306b24000,0x0000000306c24000)]
  0x00007fbc3782ea00 JavaThread "C1 CompilerThread0" daemon [_thread_blocked, id=25603, stack(0x0000000306c27000,0x0000000306d27000)]
  0x00007fbc3782f000 JavaThread "Sweeper thread" daemon [_thread_blocked, id=27907, stack(0x0000000306d2a000,0x0000000306e2a000)]
  0x00007fbbf004bc00 JavaThread "Notification Thread" daemon [_thread_blocked, id=27143, stack(0x0000000306e2d000,0x0000000306f2d000)]
  0x00007fbbf000b400 JavaThread "Common-Cleaner" daemon [_thread_blocked, id=26383, stack(0x0000000307033000,0x0000000307133000)]
  0x00007fbc39066600 JavaThread "AppKit Thread" daemon [_thread_in_native, id=259, stack(0x000000030556c000,0x0000000305d6c000)]
  0x00007fbc37909400 JavaThread "AWT-Shutdown" [_thread_blocked, id=45875, stack(0x00000003071bf000,0x00000003072bf000)]

Other Threads:
  0x00007fbc37708250 VMThread "VM Thread" [stack: 0x0000000306401000,0x0000000306501000] [id=22275]
  0x00007fbc27908070 WatcherThread [stack: 0x0000000306f30000,0x0000000307030000] [id=26627]
  0x00007fbc37707de0 GCTaskThread "GC Thread#0" [stack: 0x0000000305ef2000,0x0000000305ff2000] [id=21507]
  0x00007fbc38004600 ConcurrentGCThread "G1 Main Marker" [stack: 0x0000000305ff5000,0x00000003060f5000] [id=21251]
  0x00007fbc17704080 ConcurrentGCThread "G1 Conc#0" [stack: 0x00000003060f8000,0x00000003061f8000] [id=17411]
  0x00007fbc27704240 ConcurrentGCThread "G1 Refine#0" [stack: 0x00000003061fb000,0x00000003062fb000] [id=20483]
  0x00007fbc27704ad0 ConcurrentGCThread "G1 Service" [stack: 0x00000003062fe000,0x00000003063fe000] [id=18179]

Threads with active compile tasks:

VM state: not at safepoint (normal execution)

VM Mutex/Monitor currently owned by a thread: None

Heap address: 0x0000000700000000, size: 4096 MB, Compressed Oops mode: Zero based, Oop shift amount: 3

CDS archive(s) mapped at: [0x0000000800000000-0x0000000800bd0000-0x0000000800bd0000), size 12386304, SharedBaseAddress: 0x0000000800000000, ArchiveRelocationMode: 0.
Compressed class space mapped at: 0x0000000800c00000-0x0000000840c00000, reserved size: 1073741824
Narrow klass base: 0x0000000800000000, Narrow klass shift: 0, Narrow klass range: 0x100000000

GC Precious Log:
 CPUs: 8 total, 8 available
 Memory: 16384M
 Large Page Support: Disabled
 NUMA Support: Disabled
 Compressed Oops: Enabled (Zero based)
 Heap Region Size: 2M
 Heap Min Capacity: 8M
 Heap Initial Capacity: 256M
 Heap Max Capacity: 4G
 Pre-touch: Disabled
 Parallel Workers: 8
 Concurrent Workers: 2
 Concurrent Refinement Workers: 8
 Periodic GC: Disabled

Heap:
 garbage-first heap   total 266240K, used 6100K [0x0000000700000000, 0x0000000800000000)
  region size 2048K, 3 young (6144K), 0 survivors (0K)
 Metaspace       used 2330K, committed 2496K, reserved 1056768K
  class space    used 214K, committed 320K, reserved 1048576K

Heap Regions: E=young(eden), S=young(survivor), O=old, HS=humongous(starts), HC=humongous(continues), CS=collection set, F=free, OA=open archive, CA=closed archive, TAMS=top-at-mark-start (previous, next)
|   0|0x0000000700000000, 0x0000000700000000, 0x0000000700200000|  0%| F|  |TAMS 0x0000000700000000, 0x0000000700000000| Untracked 
|   1|0x0000000700200000, 0x0000000700200000, 0x0000000700400000|  0%| F|  |TAMS 0x0000000700200000, 0x0000000700200000| Untracked 
|   2|0x0000000700400000, 0x0000000700400000, 0x0000000700600000|  0%| F|  |TAMS 0x0000000700400000, 0x0000000700400000| Untracked 
|   3|0x0000000700600000, 0x0000000700600000, 0x0000000700800000|  0%| F|  |TAMS 0x0000000700600000, 0x0000000700600000| Untracked 
|   4|0x0000000700800000, 0x0000000700800000, 0x0000000700a00000|  0%| F|  |TAMS 0x0000000700800000, 0x0000000700800000| Untracked 
|   5|0x0000000700a00000, 0x0000000700a00000, 0x0000000700c00000|  0%| F|  |TAMS 0x0000000700a00000, 0x0000000700a00000| Untracked 
|   6|0x0000000700c00000, 0x0000000700c00000, 0x0000000700e00000|  0%| F|  |TAMS 0x0000000700c00000, 0x0000000700c00000| Untracked 
|   7|0x0000000700e00000, 0x0000000700e00000, 0x0000000701000000|  0%| F|  |TAMS 0x0000000700e00000, 0x0000000700e00000| Untracked 
|   8|0x0000000701000000, 0x0000000701000000, 0x0000000701200000|  0%| F|  |TAMS 0x0000000701000000, 0x0000000701000000| Untracked 
|   9|0x0000000701200000, 0x0000000701200000, 0x0000000701400000|  0%| F|  |TAMS 0x0000000701200000, 0x0000000701200000| Untracked 
|  10|0x0000000701400000, 0x0000000701400000, 0x0000000701600000|  0%| F|  |TAMS 0x0000000701400000, 0x0000000701400000| Untracked 
|  11|0x0000000701600000, 0x0000000701600000, 0x0000000701800000|  0%| F|  |TAMS 0x0000000701600000, 0x0000000701600000| Untracked 
|  12|0x0000000701800000, 0x0000000701800000, 0x0000000701a00000|  0%| F|  |TAMS 0x0000000701800000, 0x0000000701800000| Untracked 
|  13|0x0000000701a00000, 0x0000000701a00000, 0x0000000701c00000|  0%| F|  |TAMS 0x0000000701a00000, 0x0000000701a00000| Untracked 
|  14|0x0000000701c00000, 0x0000000701c00000, 0x0000000701e00000|  0%| F|  |TAMS 0x0000000701c00000, 0x0000000701c00000| Untracked 
|  15|0x0000000701e00000, 0x0000000701e00000, 0x0000000702000000|  0%| F|  |TAMS 0x0000000701e00000, 0x0000000701e00000| Untracked 
|  16|0x0000000702000000, 0x0000000702000000, 0x0000000702200000|  0%| F|  |TAMS 0x0000000702000000, 0x0000000702000000| Untracked 
|  17|0x0000000702200000, 0x0000000702200000, 0x0000000702400000|  0%| F|  |TAMS 0x0000000702200000, 0x0000000702200000| Untracked 
|  18|0x0000000702400000, 0x0000000702400000, 0x0000000702600000|  0%| F|  |TAMS 0x0000000702400000, 0x0000000702400000| Untracked 
|  19|0x0000000702600000, 0x0000000702600000, 0x0000000702800000|  0%| F|  |TAMS 0x0000000702600000, 0x0000000702600000| Untracked 
|  20|0x0000000702800000, 0x0000000702800000, 0x0000000702a00000|  0%| F|  |TAMS 0x0000000702800000, 0x0000000702800000| Untracked 
|  21|0x0000000702a00000, 0x0000000702a00000, 0x0000000702c00000|  0%| F|  |TAMS 0x0000000702a00000, 0x0000000702a00000| Untracked 
|  22|0x0000000702c00000, 0x0000000702c00000, 0x0000000702e00000|  0%| F|  |TAMS 0x0000000702c00000, 0x0000000702c00000| Untracked 
|  23|0x0000000702e00000, 0x0000000702e00000, 0x0000000703000000|  0%| F|  |TAMS 0x0000000702e00000, 0x0000000702e00000| Untracked 
|  24|0x0000000703000000, 0x0000000703000000, 0x0000000703200000|  0%| F|  |TAMS 0x0000000703000000, 0x0000000703000000| Untracked 
|  25|0x0000000703200000, 0x0000000703200000, 0x0000000703400000|  0%| F|  |TAMS 0x0000000703200000, 0x0000000703200000| Untracked 
|  26|0x0000000703400000, 0x0000000703400000, 0x0000000703600000|  0%| F|  |TAMS 0x0000000703400000, 0x0000000703400000| Untracked 
|  27|0x0000000703600000, 0x0000000703600000, 0x0000000703800000|  0%| F|  |TAMS 0x0000000703600000, 0x0000000703600000| Untracked 
|  28|0x0000000703800000, 0x0000000703800000, 0x0000000703a00000|  0%| F|  |TAMS 0x0000000703800000, 0x0000000703800000| Untracked 
|  29|0x0000000703a00000, 0x0000000703a00000, 0x0000000703c00000|  0%| F|  |TAMS 0x0000000703a00000, 0x0000000703a00000| Untracked 
|  30|0x0000000703c00000, 0x0000000703c00000, 0x0000000703e00000|  0%| F|  |TAMS 0x0000000703c00000, 0x0000000703c00000| Untracked 
|  31|0x0000000703e00000, 0x0000000703e00000, 0x0000000704000000|  0%| F|  |TAMS 0x0000000703e00000, 0x0000000703e00000| Untracked 
|  32|0x0000000704000000, 0x0000000704000000, 0x0000000704200000|  0%| F|  |TAMS 0x0000000704000000, 0x0000000704000000| Untracked 
|  33|0x0000000704200000, 0x0000000704200000, 0x0000000704400000|  0%| F|  |TAMS 0x0000000704200000, 0x0000000704200000| Untracked 
|  34|0x0000000704400000, 0x0000000704400000, 0x0000000704600000|  0%| F|  |TAMS 0x0000000704400000, 0x0000000704400000| Untracked 
|  35|0x0000000704600000, 0x0000000704600000, 0x0000000704800000|  0%| F|  |TAMS 0x0000000704600000, 0x0000000704600000| Untracked 
|  36|0x0000000704800000, 0x0000000704800000, 0x0000000704a00000|  0%| F|  |TAMS 0x0000000704800000, 0x0000000704800000| Untracked 
|  37|0x0000000704a00000, 0x0000000704a00000, 0x0000000704c00000|  0%| F|  |TAMS 0x0000000704a00000, 0x0000000704a00000| Untracked 
|  38|0x0000000704c00000, 0x0000000704c00000, 0x0000000704e00000|  0%| F|  |TAMS 0x0000000704c00000, 0x0000000704c00000| Untracked 
|  39|0x0000000704e00000, 0x0000000704e00000, 0x0000000705000000|  0%| F|  |TAMS 0x0000000704e00000, 0x0000000704e00000| Untracked 
|  40|0x0000000705000000, 0x0000000705000000, 0x0000000705200000|  0%| F|  |TAMS 0x0000000705000000, 0x0000000705000000| Untracked 
|  41|0x0000000705200000, 0x0000000705200000, 0x0000000705400000|  0%| F|  |TAMS 0x0000000705200000, 0x0000000705200000| Untracked 
|  42|0x0000000705400000, 0x0000000705400000, 0x0000000705600000|  0%| F|  |TAMS 0x0000000705400000, 0x0000000705400000| Untracked 
|  43|0x0000000705600000, 0x0000000705600000, 0x0000000705800000|  0%| F|  |TAMS 0x0000000705600000, 0x0000000705600000| Untracked 
|  44|0x0000000705800000, 0x0000000705800000, 0x0000000705a00000|  0%| F|  |TAMS 0x0000000705800000, 0x0000000705800000| Untracked 
|  45|0x0000000705a00000, 0x0000000705a00000, 0x0000000705c00000|  0%| F|  |TAMS 0x0000000705a00000, 0x0000000705a00000| Untracked 
|  46|0x0000000705c00000, 0x0000000705c00000, 0x0000000705e00000|  0%| F|  |TAMS 0x0000000705c00000, 0x0000000705c00000| Untracked 
|  47|0x0000000705e00000, 0x0000000705e00000, 0x0000000706000000|  0%| F|  |TAMS 0x0000000705e00000, 0x0000000705e00000| Untracked 
|  48|0x0000000706000000, 0x0000000706000000, 0x0000000706200000|  0%| F|  |TAMS 0x0000000706000000, 0x0000000706000000| Untracked 
|  49|0x0000000706200000, 0x0000000706200000, 0x0000000706400000|  0%| F|  |TAMS 0x0000000706200000, 0x0000000706200000| Untracked 
|  50|0x0000000706400000, 0x0000000706400000, 0x0000000706600000|  0%| F|  |TAMS 0x0000000706400000, 0x0000000706400000| Untracked 
|  51|0x0000000706600000, 0x0000000706600000, 0x0000000706800000|  0%| F|  |TAMS 0x0000000706600000, 0x0000000706600000| Untracked 
|  52|0x0000000706800000, 0x0000000706800000, 0x0000000706a00000|  0%| F|  |TAMS 0x0000000706800000, 0x0000000706800000| Untracked 
|  53|0x0000000706a00000, 0x0000000706a00000, 0x0000000706c00000|  0%| F|  |TAMS 0x0000000706a00000, 0x0000000706a00000| Untracked 
|  54|0x0000000706c00000, 0x0000000706c00000, 0x0000000706e00000|  0%| F|  |TAMS 0x0000000706c00000, 0x0000000706c00000| Untracked 
|  55|0x0000000706e00000, 0x0000000706e00000, 0x0000000707000000|  0%| F|  |TAMS 0x0000000706e00000, 0x0000000706e00000| Untracked 
|  56|0x0000000707000000, 0x0000000707000000, 0x0000000707200000|  0%| F|  |TAMS 0x0000000707000000, 0x0000000707000000| Untracked 
|  57|0x0000000707200000, 0x0000000707200000, 0x0000000707400000|  0%| F|  |TAMS 0x0000000707200000, 0x0000000707200000| Untracked 
|  58|0x0000000707400000, 0x0000000707400000, 0x0000000707600000|  0%| F|  |TAMS 0x0000000707400000, 0x0000000707400000| Untracked 
|  59|0x0000000707600000, 0x0000000707600000, 0x0000000707800000|  0%| F|  |TAMS 0x0000000707600000, 0x0000000707600000| Untracked 
|  60|0x0000000707800000, 0x0000000707800000, 0x0000000707a00000|  0%| F|  |TAMS 0x0000000707800000, 0x0000000707800000| Untracked 
|  61|0x0000000707a00000, 0x0000000707a00000, 0x0000000707c00000|  0%| F|  |TAMS 0x0000000707a00000, 0x0000000707a00000| Untracked 
|  62|0x0000000707c00000, 0x0000000707c00000, 0x0000000707e00000|  0%| F|  |TAMS 0x0000000707c00000, 0x0000000707c00000| Untracked 
|  63|0x0000000707e00000, 0x0000000707e00000, 0x0000000708000000|  0%| F|  |TAMS 0x0000000707e00000, 0x0000000707e00000| Untracked 
|  64|0x0000000708000000, 0x0000000708000000, 0x0000000708200000|  0%| F|  |TAMS 0x0000000708000000, 0x0000000708000000| Untracked 
|  65|0x0000000708200000, 0x0000000708200000, 0x0000000708400000|  0%| F|  |TAMS 0x0000000708200000, 0x0000000708200000| Untracked 
|  66|0x0000000708400000, 0x0000000708400000, 0x0000000708600000|  0%| F|  |TAMS 0x0000000708400000, 0x0000000708400000| Untracked 
|  67|0x0000000708600000, 0x0000000708600000, 0x0000000708800000|  0%| F|  |TAMS 0x0000000708600000, 0x0000000708600000| Untracked 
|  68|0x0000000708800000, 0x0000000708800000, 0x0000000708a00000|  0%| F|  |TAMS 0x0000000708800000, 0x0000000708800000| Untracked 
|  69|0x0000000708a00000, 0x0000000708a00000, 0x0000000708c00000|  0%| F|  |TAMS 0x0000000708a00000, 0x0000000708a00000| Untracked 
|  70|0x0000000708c00000, 0x0000000708c00000, 0x0000000708e00000|  0%| F|  |TAMS 0x0000000708c00000, 0x0000000708c00000| Untracked 
|  71|0x0000000708e00000, 0x0000000708e00000, 0x0000000709000000|  0%| F|  |TAMS 0x0000000708e00000, 0x0000000708e00000| Untracked 
|  72|0x0000000709000000, 0x0000000709000000, 0x0000000709200000|  0%| F|  |TAMS 0x0000000709000000, 0x0000000709000000| Untracked 
|  73|0x0000000709200000, 0x0000000709200000, 0x0000000709400000|  0%| F|  |TAMS 0x0000000709200000, 0x0000000709200000| Untracked 
|  74|0x0000000709400000, 0x0000000709400000, 0x0000000709600000|  0%| F|  |TAMS 0x0000000709400000, 0x0000000709400000| Untracked 
|  75|0x0000000709600000, 0x0000000709600000, 0x0000000709800000|  0%| F|  |TAMS 0x0000000709600000, 0x0000000709600000| Untracked 
|  76|0x0000000709800000, 0x0000000709800000, 0x0000000709a00000|  0%| F|  |TAMS 0x0000000709800000, 0x0000000709800000| Untracked 
|  77|0x0000000709a00000, 0x0000000709a00000, 0x0000000709c00000|  0%| F|  |TAMS 0x0000000709a00000, 0x0000000709a00000| Untracked 
|  78|0x0000000709c00000, 0x0000000709c00000, 0x0000000709e00000|  0%| F|  |TAMS 0x0000000709c00000, 0x0000000709c00000| Untracked 
|  79|0x0000000709e00000, 0x0000000709e00000, 0x000000070a000000|  0%| F|  |TAMS 0x0000000709e00000, 0x0000000709e00000| Untracked 
|  80|0x000000070a000000, 0x000000070a000000, 0x000000070a200000|  0%| F|  |TAMS 0x000000070a000000, 0x000000070a000000| Untracked 
|  81|0x000000070a200000, 0x000000070a200000, 0x000000070a400000|  0%| F|  |TAMS 0x000000070a200000, 0x000000070a200000| Untracked 
|  82|0x000000070a400000, 0x000000070a400000, 0x000000070a600000|  0%| F|  |TAMS 0x000000070a400000, 0x000000070a400000| Untracked 
|  83|0x000000070a600000, 0x000000070a600000, 0x000000070a800000|  0%| F|  |TAMS 0x000000070a600000, 0x000000070a600000| Untracked 
|  84|0x000000070a800000, 0x000000070a800000, 0x000000070aa00000|  0%| F|  |TAMS 0x000000070a800000, 0x000000070a800000| Untracked 
|  85|0x000000070aa00000, 0x000000070aa00000, 0x000000070ac00000|  0%| F|  |TAMS 0x000000070aa00000, 0x000000070aa00000| Untracked 
|  86|0x000000070ac00000, 0x000000070ac00000, 0x000000070ae00000|  0%| F|  |TAMS 0x000000070ac00000, 0x000000070ac00000| Untracked 
|  87|0x000000070ae00000, 0x000000070ae00000, 0x000000070b000000|  0%| F|  |TAMS 0x000000070ae00000, 0x000000070ae00000| Untracked 
|  88|0x000000070b000000, 0x000000070b000000, 0x000000070b200000|  0%| F|  |TAMS 0x000000070b000000, 0x000000070b000000| Untracked 
|  89|0x000000070b200000, 0x000000070b200000, 0x000000070b400000|  0%| F|  |TAMS 0x000000070b200000, 0x000000070b200000| Untracked 
|  90|0x000000070b400000, 0x000000070b400000, 0x000000070b600000|  0%| F|  |TAMS 0x000000070b400000, 0x000000070b400000| Untracked 
|  91|0x000000070b600000, 0x000000070b600000, 0x000000070b800000|  0%| F|  |TAMS 0x000000070b600000, 0x000000070b600000| Untracked 
|  92|0x000000070b800000, 0x000000070b800000, 0x000000070ba00000|  0%| F|  |TAMS 0x000000070b800000, 0x000000070b800000| Untracked 
|  93|0x000000070ba00000, 0x000000070ba00000, 0x000000070bc00000|  0%| F|  |TAMS 0x000000070ba00000, 0x000000070ba00000| Untracked 
|  94|0x000000070bc00000, 0x000000070bc00000, 0x000000070be00000|  0%| F|  |TAMS 0x000000070bc00000, 0x000000070bc00000| Untracked 
|  95|0x000000070be00000, 0x000000070be00000, 0x000000070c000000|  0%| F|  |TAMS 0x000000070be00000, 0x000000070be00000| Untracked 
|  96|0x000000070c000000, 0x000000070c000000, 0x000000070c200000|  0%| F|  |TAMS 0x000000070c000000, 0x000000070c000000| Untracked 
|  97|0x000000070c200000, 0x000000070c200000, 0x000000070c400000|  0%| F|  |TAMS 0x000000070c200000, 0x000000070c200000| Untracked 
|  98|0x000000070c400000, 0x000000070c400000, 0x000000070c600000|  0%| F|  |TAMS 0x000000070c400000, 0x000000070c400000| Untracked 
|  99|0x000000070c600000, 0x000000070c600000, 0x000000070c800000|  0%| F|  |TAMS 0x000000070c600000, 0x000000070c600000| Untracked 
| 100|0x000000070c800000, 0x000000070c800000, 0x000000070ca00000|  0%| F|  |TAMS 0x000000070c800000, 0x000000070c800000| Untracked 
| 101|0x000000070ca00000, 0x000000070ca00000, 0x000000070cc00000|  0%| F|  |TAMS 0x000000070ca00000, 0x000000070ca00000| Untracked 
| 102|0x000000070cc00000, 0x000000070cc00000, 0x000000070ce00000|  0%| F|  |TAMS 0x000000070cc00000, 0x000000070cc00000| Untracked 
| 103|0x000000070ce00000, 0x000000070ce00000, 0x000000070d000000|  0%| F|  |TAMS 0x000000070ce00000, 0x000000070ce00000| Untracked 
| 104|0x000000070d000000, 0x000000070d000000, 0x000000070d200000|  0%| F|  |TAMS 0x000000070d000000, 0x000000070d000000| Untracked 
| 105|0x000000070d200000, 0x000000070d200000, 0x000000070d400000|  0%| F|  |TAMS 0x000000070d200000, 0x000000070d200000| Untracked 
| 106|0x000000070d400000, 0x000000070d400000, 0x000000070d600000|  0%| F|  |TAMS 0x000000070d400000, 0x000000070d400000| Untracked 
| 107|0x000000070d600000, 0x000000070d600000, 0x000000070d800000|  0%| F|  |TAMS 0x000000070d600000, 0x000000070d600000| Untracked 
| 108|0x000000070d800000, 0x000000070d800000, 0x000000070da00000|  0%| F|  |TAMS 0x000000070d800000, 0x000000070d800000| Untracked 
| 109|0x000000070da00000, 0x000000070da00000, 0x000000070dc00000|  0%| F|  |TAMS 0x000000070da00000, 0x000000070da00000| Untracked 
| 110|0x000000070dc00000, 0x000000070dc00000, 0x000000070de00000|  0%| F|  |TAMS 0x000000070dc00000, 0x000000070dc00000| Untracked 
| 111|0x000000070de00000, 0x000000070de00000, 0x000000070e000000|  0%| F|  |TAMS 0x000000070de00000, 0x000000070de00000| Untracked 
| 112|0x000000070e000000, 0x000000070e000000, 0x000000070e200000|  0%| F|  |TAMS 0x000000070e000000, 0x000000070e000000| Untracked 
| 113|0x000000070e200000, 0x000000070e200000, 0x000000070e400000|  0%| F|  |TAMS 0x000000070e200000, 0x000000070e200000| Untracked 
| 114|0x000000070e400000, 0x000000070e400000, 0x000000070e600000|  0%| F|  |TAMS 0x000000070e400000, 0x000000070e400000| Untracked 
| 115|0x000000070e600000, 0x000000070e600000, 0x000000070e800000|  0%| F|  |TAMS 0x000000070e600000, 0x000000070e600000| Untracked 
| 116|0x000000070e800000, 0x000000070e800000, 0x000000070ea00000|  0%| F|  |TAMS 0x000000070e800000, 0x000000070e800000| Untracked 
| 117|0x000000070ea00000, 0x000000070ea00000, 0x000000070ec00000|  0%| F|  |TAMS 0x000000070ea00000, 0x000000070ea00000| Untracked 
| 118|0x000000070ec00000, 0x000000070ec00000, 0x000000070ee00000|  0%| F|  |TAMS 0x000000070ec00000, 0x000000070ec00000| Untracked 
| 119|0x000000070ee00000, 0x000000070ee00000, 0x000000070f000000|  0%| F|  |TAMS 0x000000070ee00000, 0x000000070ee00000| Untracked 
| 120|0x000000070f000000, 0x000000070f000000, 0x000000070f200000|  0%| F|  |TAMS 0x000000070f000000, 0x000000070f000000| Untracked 
| 121|0x000000070f200000, 0x000000070f200000, 0x000000070f400000|  0%| F|  |TAMS 0x000000070f200000, 0x000000070f200000| Untracked 
| 122|0x000000070f400000, 0x000000070f400000, 0x000000070f600000|  0%| F|  |TAMS 0x000000070f400000, 0x000000070f400000| Untracked 
| 123|0x000000070f600000, 0x000000070f600000, 0x000000070f800000|  0%| F|  |TAMS 0x000000070f600000, 0x000000070f600000| Untracked 
| 124|0x000000070f800000, 0x000000070f800000, 0x000000070fa00000|  0%| F|  |TAMS 0x000000070f800000, 0x000000070f800000| Untracked 
| 125|0x000000070fa00000, 0x000000070fae2ca0, 0x000000070fc00000| 44%| E|  |TAMS 0x000000070fa00000, 0x000000070fa00000| Complete 
| 126|0x000000070fc00000, 0x000000070fe00000, 0x000000070fe00000|100%| E|CS|TAMS 0x000000070fc00000, 0x000000070fc00000| Complete 
| 127|0x000000070fe00000, 0x0000000710000000, 0x0000000710000000|100%| E|CS|TAMS 0x000000070fe00000, 0x000000070fe00000| Complete 
|2046|0x00000007ffc00000, 0x00000007ffd76000, 0x00000007ffe00000| 73%|OA|  |TAMS 0x00000007ffc00000, 0x00000007ffc00000| Untracked 
|2047|0x00000007ffe00000, 0x00000007ffe7f000, 0x0000000800000000| 24%|CA|  |TAMS 0x00000007ffe00000, 0x00000007ffe00000| Untracked 

Card table byte_map: [0x0000000123268000,0x0000000123a68000] _byte_map_base: 0x000000011fa68000

Marking Bits (Prev, Next): (CMBitMap*) 0x00007fbc3880a210, (CMBitMap*) 0x00007fbc3880a250
 Prev Bits: [0x0000000124268000, 0x0000000128268000)
 Next Bits: [0x0000000128268000, 0x000000012c268000)

Polling page: 0x0000000100d1e000

Metaspace:

Usage:
  Non-class:      2.07 MB used.
      Class:    214.87 KB used.
       Both:      2.28 MB used.

Virtual space:
  Non-class space:        8.00 MB reserved,       2.12 MB ( 27%) committed,  1 nodes.
      Class space:        1.00 GB reserved,     320.00 KB ( <1%) committed,  1 nodes.
             Both:        1.01 GB reserved,       2.44 MB ( <1%) committed. 

Chunk freelists:
   Non-Class:  3.52 MB
       Class:  3.67 MB
        Both:  7.18 MB

MaxMetaspaceSize: unlimited
CompressedClassSpaceSize: 1.00 GB
Initial GC threshold: 21.00 MB
Current GC threshold: 21.00 MB
CDS: on
MetaspaceReclaimPolicy: balanced
 - commit_granule_bytes: 65536.
 - commit_granule_words: 8192.
 - virtual_space_node_default_size: 1048576.
 - enlarge_chunks_in_place: 1.
 - new_chunks_are_fully_committed: 0.
 - uncommit_free_chunks: 1.
 - use_allocation_guard: 0.
 - handle_deallocations: 1.


Internal statistics:

num_allocs_failed_limit: 0.
num_arena_births: 50.
num_arena_deaths: 0.
num_vsnodes_births: 2.
num_vsnodes_deaths: 0.
num_space_committed: 39.
num_space_uncommitted: 0.
num_chunks_returned_to_freelist: 0.
num_chunks_taken_from_freelist: 91.
num_chunk_merges: 0.
num_chunk_splits: 53.
num_chunks_enlarged: 30.
num_purges: 0.
num_inconsistent_stats: 0.

CodeHeap 'non-profiled nmethods': size=120028Kb used=106Kb max_used=106Kb free=119921Kb
 bounds [0x000000011bd31000, 0x000000011bfa1000, 0x0000000123268000]
CodeHeap 'profiled nmethods': size=120028Kb used=588Kb max_used=588Kb free=119440Kb
 bounds [0x00000001147fa000, 0x0000000114a6a000, 0x000000011bd31000]
CodeHeap 'non-nmethods': size=5704Kb used=1110Kb max_used=1122Kb free=4593Kb
 bounds [0x0000000114268000, 0x00000001144d8000, 0x00000001147fa000]
 total_blobs=784 nmethods=389 adapters=310
 compilation: enabled
              stopped_count=0, restarted_count=0
 full_count=0

Compilation events (20 events):
Event: 0.529 Thread 0x00007fbc3782ea00  382       3       java.lang.Object::equals (11 bytes)
Event: 0.529 Thread 0x00007fbc3782ea00 nmethod 382 0x000000011488a690 code [0x000000011488a820, 0x000000011488a990]
Event: 0.529 Thread 0x00007fbc3782ea00  380       1       java.lang.reflect.Field::getRoot (5 bytes)
Event: 0.529 Thread 0x00007fbc3782ea00 nmethod 380 0x000000011bd4b010 code [0x000000011bd4b1a0, 0x000000011bd4b270]
Event: 0.530 Thread 0x00007fbc3782ea00  383       1       java.lang.reflect.Method::getName (5 bytes)
Event: 0.530 Thread 0x00007fbc3782e400  384       4       java.util.zip.ZipUtils::CENNAM (9 bytes)
Event: 0.530 Thread 0x00007fbc3782ea00 nmethod 383 0x000000011bd4b310 code [0x000000011bd4b4a0, 0x000000011bd4b570]
Event: 0.530 Thread 0x00007fbc3782e400 nmethod 384 0x000000011bd4b610 code [0x000000011bd4b7a0, 0x000000011bd4b858]
Event: 0.531 Thread 0x00007fbc3782ea00  385       3       java.lang.Integer::valueOf (32 bytes)
Event: 0.531 Thread 0x00007fbc3782ea00 nmethod 385 0x000000011488aa10 code [0x000000011488abe0, 0x000000011488aef0]
Event: 0.531 Thread 0x00007fbc3782ea00  386       3       java.nio.Buffer::remaining (20 bytes)
Event: 0.531 Thread 0x00007fbc3782ea00 nmethod 386 0x000000011488b010 code [0x000000011488b1c0, 0x000000011488b350]
Event: 0.531 Thread 0x00007fbc3782ea00  387       3       java.util.ArrayDeque::inc (12 bytes)
Event: 0.532 Thread 0x00007fbc3782ea00 nmethod 387 0x000000011488b410 code [0x000000011488b5a0, 0x000000011488b6d0]
Event: 0.532 Thread 0x00007fbc3782ea00  388       3       java.lang.String::equalsIgnoreCase (45 bytes)
Event: 0.533 Thread 0x00007fbc3782ea00 nmethod 388 0x000000011488b790 code [0x000000011488b980, 0x000000011488bec0]
Event: 0.533 Thread 0x00007fbc3782ea00  389   !   3       java.util.zip.ZipFile::getEntry (59 bytes)
Event: 0.533 Thread 0x00007fbc3782ea00 nmethod 389 0x000000011488c090 code [0x000000011488c280, 0x000000011488c6f0]
Event: 0.538 Thread 0x00007fbc3782ea00  390       3       sun.awt.AWTAutoShutdown::isReadyToShutdown (37 bytes)
Event: 0.538 Thread 0x00007fbc3782ea00 nmethod 390 0x000000011488c990 code [0x000000011488cb60, 0x000000011488ced0]

GC Heap History (0 events):
No events

Deoptimization events (0 events):
No events

Classes unloaded (0 events):
No events

Classes redefined (0 events):
No events

Internal exceptions (5 events):
Event: 0.127 Thread 0x00007fbc3780da00 Exception <a 'java/lang/ClassNotFoundException'{0x000000070ff757a8}: sun/awt/resources/spi/awtProvider> (0x000000070ff757a8) 
thrown [open/src/hotspot/share/classfile/systemDictionary.cpp, line 256]
Event: 0.162 Thread 0x00007fbc3780da00 Exception <a 'java/io/FileNotFoundException'{0x000000070ffc4310}> (0x000000070ffc4310) 
thrown [open/src/hotspot/share/prims/jni.cpp, line 516]
Event: 0.178 Thread 0x00007fbc3780da00 Exception <a 'java/io/FileNotFoundException'{0x000000070fc26268}> (0x000000070fc26268) 
thrown [open/src/hotspot/share/prims/jni.cpp, line 516]
Event: 0.179 Thread 0x00007fbc3780da00 Exception <a 'java/lang/NoSuchMethodError'{0x000000070fc27720}: 'java.lang.Object java.lang.invoke.DirectMethodHandle$Holder.invokeStaticInit(java.lang.Object)'> (0x000000070fc27720) 
thrown [open/src/hotspot/share/interpreter/linkResolver.cpp, line 766]
Event: 0.183 Thread 0x00007fbc3780da00 Exception <a 'java/lang/ClassNotFoundException'{0x000000070fc313b8}: sun/awt/resources/spi/awtosxProvider> (0x000000070fc313b8) 
thrown [open/src/hotspot/share/classfile/systemDictionary.cpp, line 256]

VM Operations (2 events):
Event: 0.411 Executing VM operation: HandshakeAllThreads
Event: 0.411 Executing VM operation: HandshakeAllThreads done

Events (20 events):
Event: 0.510 loading class java/awt/Point
Event: 0.510 loading class java/awt/geom/Point2D
Event: 0.510 loading class java/awt/geom/Point2D done
Event: 0.510 loading class java/awt/Point done
Event: 0.510 loading class java/awt/GraphicsConfiguration
Event: 0.512 loading class java/awt/GraphicsConfiguration done
Event: 0.512 loading class java/awt/Image
Event: 0.512 loading class java/awt/Image done
Event: 0.512 loading class java/awt/image/BufferedImage
Event: 0.515 loading class java/awt/image/WritableRenderedImage
Event: 0.516 loading class java/awt/image/RenderedImage
Event: 0.516 loading class java/awt/image/RenderedImage done
Event: 0.516 loading class java/awt/image/WritableRenderedImage done
Event: 0.516 loading class java/awt/Transparency
Event: 0.516 loading class java/awt/Transparency done
Event: 0.516 loading class java/awt/image/BufferedImage done
Event: 0.527 loading class jdk/internal/reflect/UnsafeQualifiedStaticIntegerFieldAccessorImpl
Event: 0.527 loading class jdk/internal/reflect/UnsafeQualifiedStaticIntegerFieldAccessorImpl done
Event: 0.533 loading class java/lang/NumberFormatException
Event: 0.533 loading class java/lang/NumberFormatException done


Dynamic libraries:
0x00000001092a0000 	/Library/Java/JavaVirtualMachines/jdk-17.jdk/Contents/Home/lib/libjli.dylib
0x00007ff812a4e000 	/usr/lib/libz.1.dylib
0x00007ff812b3d000 	/usr/lib/libSystem.B.dylib
0x00007ff812b37000 	/usr/lib/system/libcache.dylib
0x00007ff812aee000 	/usr/lib/system/libcommonCrypto.dylib
0x00007ff812b1b000 	/usr/lib/system/libcompiler_rt.dylib
0x00007ff812b0d000 	/usr/lib/system/libcopyfile.dylib
0x00007ff8063d3000 	/usr/lib/system/libcorecrypto.dylib
0x00007ff806497000 	/usr/lib/system/libdispatch.dylib
0x00007ff806641000 	/usr/lib/system/libdyld.dylib
0x00007ff812b2d000 	/usr/lib/system/libkeymgr.dylib
0x00007ff812acd000 	/usr/lib/system/libmacho.dylib
0x00007ff811fd6000 	/usr/lib/system/libquarantine.dylib
0x00007ff812b2b000 	/usr/lib/system/libremovefile.dylib
0x00007ff80b1d7000 	/usr/lib/system/libsystem_asl.dylib
0x00007ff806374000 	/usr/lib/system/libsystem_blocks.dylib
0x00007ff8064e2000 	/usr/lib/system/libsystem_c.dylib
0x00007ff812b23000 	/usr/lib/system/libsystem_collections.dylib
0x00007ff8110b0000 	/usr/lib/system/libsystem_configuration.dylib
0x00007ff810155000 	/usr/lib/system/libsystem_containermanager.dylib
0x00007ff812782000 	/usr/lib/system/libsystem_coreservices.dylib
0x00007ff809227000 	/usr/lib/system/libsystem_darwin.dylib
0x00007ff812b2e000 	/usr/lib/system/libsystem_dnssd.dylib
0x00007ff8064df000 	/usr/lib/system/libsystem_featureflags.dylib
0x00007ff80666f000 	/usr/lib/system/libsystem_info.dylib
0x00007ff812a61000 	/usr/lib/system/libsystem_m.dylib
0x00007ff80646a000 	/usr/lib/system/libsystem_malloc.dylib
0x00007ff80b15a000 	/usr/lib/system/libsystem_networkextension.dylib
0x00007ff809668000 	/usr/lib/system/libsystem_notify.dylib
0x00007ff8110b4000 	/usr/lib/system/libsystem_sandbox.dylib
0x00007ff812b28000 	/usr/lib/system/libsystem_secinit.dylib
0x00007ff8065fb000 	/usr/lib/system/libsystem_kernel.dylib
0x00007ff806665000 	/usr/lib/system/libsystem_platform.dylib
0x00007ff806635000 	/usr/lib/system/libsystem_pthread.dylib
0x00007ff80cc1c000 	/usr/lib/system/libsystem_symptoms.dylib
0x00007ff8063b9000 	/usr/lib/system/libsystem_trace.dylib
0x00007ff812afa000 	/usr/lib/system/libunwind.dylib
0x00007ff806378000 	/usr/lib/system/libxpc.dylib
0x00007ff8065e6000 	/usr/lib/libc++abi.dylib
0x00007ff8062a0000 	/usr/lib/libobjc.A.dylib
0x00007ff812b05000 	/usr/lib/liboah.dylib
0x00007ff80656a000 	/usr/lib/libc++.1.dylib
0x00007ff82007f000 	/System/Library/Frameworks/Cocoa.framework/Versions/A/Cocoa
0x00007ff8096ca000 	/System/Library/Frameworks/AppKit.framework/Versions/C/AppKit
0x00007ff80c3d3000 	/System/Library/Frameworks/CoreData.framework/Versions/A/CoreData
0x00007ff8074a1000 	/System/Library/Frameworks/Foundation.framework/Versions/C/Foundation
0x00007ff80a6d2000 	/System/Library/PrivateFrameworks/UIFoundation.framework/Versions/A/UIFoundation
0x00007ffb0907b000 	/System/Library/PrivateFrameworks/CollectionViewCore.framework/Versions/A/CollectionViewCore
0x00007ff819f9e000 	/System/Library/PrivateFrameworks/RemoteViewServices.framework/Versions/A/RemoteViewServices
0x00007ff810936000 	/System/Library/PrivateFrameworks/XCTTargetBootstrap.framework/Versions/A/XCTTargetBootstrap
0x00007ff815a80000 	/System/Library/PrivateFrameworks/InternationalSupport.framework/Versions/A/InternationalSupport
0x00007ff815b09000 	/System/Library/PrivateFrameworks/UserActivity.framework/Versions/A/UserActivity
0x00007ffb1ffa8000 	/System/Library/PrivateFrameworks/WindowManagement.framework/Versions/A/WindowManagement
0x00007ff807190000 	/System/Library/Frameworks/SystemConfiguration.framework/Versions/A/SystemConfiguration
0x00007ff814e60000 	/usr/lib/libspindump.dylib
0x00007ff80a8a0000 	/System/Library/Frameworks/UniformTypeIdentifiers.framework/Versions/A/UniformTypeIdentifiers
0x00007ff80eaf2000 	/usr/lib/libapp_launch_measurement.dylib
0x00007ff80d85a000 	/System/Library/PrivateFrameworks/CoreAnalytics.framework/Versions/A/CoreAnalytics
0x00007ff80eaf5000 	/System/Library/PrivateFrameworks/CoreAutoLayout.framework/Versions/A/CoreAutoLayout
0x00007ff8101a3000 	/System/Library/Frameworks/Metal.framework/Versions/A/Metal
0x00007ff8110bf000 	/usr/lib/liblangid.dylib
0x00007ff81093b000 	/System/Library/PrivateFrameworks/CoreSVG.framework/Versions/A/CoreSVG
0x00007ff80b209000 	/System/Library/PrivateFrameworks/SkyLight.framework/Versions/A/SkyLight
0x00007ff80b5fc000 	/System/Library/Frameworks/CoreGraphics.framework/Versions/A/CoreGraphics
0x00007ff81a684000 	/System/Library/Frameworks/Accelerate.framework/Versions/A/Accelerate
0x00007ff8148d1000 	/System/Library/PrivateFrameworks/IconServices.framework/Versions/A/IconServices
0x00007ff810184000 	/System/Library/Frameworks/IOSurface.framework/Versions/A/IOSurface
0x00007ff80d885000 	/usr/lib/libDiagnosticMessagesClient.dylib
0x00007ff81dd3f000 	/System/Library/Frameworks/ApplicationServices.framework/Versions/A/ApplicationServices
0x00007ff810922000 	/System/Library/PrivateFrameworks/DFRFoundation.framework/Versions/A/DFRFoundation
0x00007ff808f96000 	/usr/lib/libicucore.A.dylib
0x00007ff81691d000 	/System/Library/Frameworks/AudioToolbox.framework/Versions/A/AudioToolbox
0x00007ff815a8b000 	/System/Library/PrivateFrameworks/DataDetectorsCore.framework/Versions/A/DataDetectorsCore
0x00007ff90e046000 	/System/Library/PrivateFrameworks/TextInput.framework/Versions/A/TextInput
0x00007ff80b172000 	/usr/lib/libMobileGestalt.dylib
0x00007ff81062a000 	/System/Library/Frameworks/Carbon.framework/Versions/A/Frameworks/HIToolbox.framework/Versions/A/HIToolbox
0x00007ff80e47f000 	/System/Library/Frameworks/QuartzCore.framework/Versions/A/QuartzCore
0x00007ff808c09000 	/System/Library/Frameworks/Security.framework/Versions/A/Security
0x00007ff819fd6000 	/System/Library/Frameworks/Carbon.framework/Versions/A/Frameworks/SpeechRecognition.framework/Versions/A/SpeechRecognition
0x00007ff80e831000 	/System/Library/PrivateFrameworks/CoreUI.framework/Versions/A/CoreUI
0x00007ff808557000 	/System/Library/Frameworks/CoreAudio.framework/Versions/A/CoreAudio
0x00007ff80d95e000 	/System/Library/Frameworks/DiskArbitration.framework/Versions/A/DiskArbitration
0x00007ff81527c000 	/System/Library/PrivateFrameworks/MultitouchSupport.framework/Versions/A/MultitouchSupport
0x00007ff80b171000 	/usr/lib/libenergytrace.dylib
0x00007ff8095ab000 	/System/Library/Frameworks/IOKit.framework/Versions/A/IOKit
0x00007ff81a3d3000 	/System/Library/Frameworks/CoreServices.framework/Versions/A/CoreServices
0x00007ff80ea8a000 	/System/Library/PrivateFrameworks/PerformanceAnalysis.framework/Versions/A/PerformanceAnalysis
0x00007ffa1e399000 	/System/Library/Frameworks/OpenGL.framework/Versions/A/OpenGL
0x00007ff80eb3d000 	/usr/lib/libxml2.2.dylib
0x00007ff811ee8000 	/System/Library/PrivateFrameworks/MobileKeyBag.framework/Versions/A/MobileKeyBag
0x00007ff80be09000 	/System/Library/Frameworks/ColorSync.framework/Versions/A/ColorSync
0x00007ff80669a000 	/System/Library/Frameworks/CoreFoundation.framework/Versions/A/CoreFoundation
0x00007ff810c8b000 	/System/Library/Frameworks/CoreImage.framework/Versions/A/CoreImage
0x00007ff808365000 	/System/Library/Frameworks/CoreText.framework/Versions/A/CoreText
0x00007ff810972000 	/System/Library/Frameworks/ImageIO.framework/Versions/A/ImageIO
0x00007ff812b43000 	/System/Library/PrivateFrameworks/SoftLinking.framework/Versions/A/SoftLinking
0x00007ff812dc4000 	/usr/lib/libcompression.dylib
0x00007ff8159b9000 	/System/Library/PrivateFrameworks/TextureIO.framework/Versions/A/TextureIO
0x00007ff8144fb000 	/usr/lib/libate.dylib
0x00007ff814289000 	/usr/lib/liblzma.5.dylib
0x00007ff812b3f000 	/usr/lib/libfakelink.dylib
0x00007ff80adb8000 	/System/Library/Frameworks/CFNetwork.framework/Versions/A/CFNetwork
0x00007ff812c7c000 	/usr/lib/libarchive.2.dylib
0x00007ff81826c000 	/System/Library/Frameworks/Combine.framework/Versions/A/Combine
0x00007ff8163ba000 	/usr/lib/swift/libswiftCore.dylib
0x00007ff90b01b000 	/usr/lib/swift/libswiftCoreFoundation.dylib
0x00007ff9090df000 	/usr/lib/swift/libswiftDarwin.dylib
0x00007ff81bc20000 	/usr/lib/swift/libswiftDispatch.dylib
0x00007ff90b037000 	/usr/lib/swift/libswiftIOKit.dylib
0x00007ff81e17e000 	/usr/lib/swift/libswiftObjectiveC.dylib
0x00007ff90b02c000 	/usr/lib/swift/libswiftXPC.dylib
0x00007ffc06b64000 	/usr/lib/swift/libswift_Concurrency.dylib
0x00007ffc06ca1000 	/usr/lib/swift/libswift_StringProcessing.dylib
0x00007ff81e182000 	/usr/lib/swift/libswiftos.dylib
0x00007ff80952e000 	/System/Library/PrivateFrameworks/CoreServicesInternal.framework/Versions/A/CoreServicesInternal
0x00007ff811ffd000 	/usr/lib/libbsm.0.dylib
0x00007ff812ad2000 	/usr/lib/system/libkxld.dylib
0x00007ff80eabe000 	/System/Library/Frameworks/CoreServices.framework/Versions/A/Frameworks/FSEvents.framework/Versions/A/FSEvents
0x00007ff809232000 	/System/Library/Frameworks/CoreServices.framework/Versions/A/Frameworks/CarbonCore.framework/Versions/A/CarbonCore
0x00007ff80d8c8000 	/System/Library/Frameworks/CoreServices.framework/Versions/A/Frameworks/Metadata.framework/Versions/A/Metadata
0x00007ff812788000 	/System/Library/Frameworks/CoreServices.framework/Versions/A/Frameworks/OSServices.framework/Versions/A/OSServices
0x00007ff812d04000 	/System/Library/Frameworks/CoreServices.framework/Versions/A/Frameworks/SearchKit.framework/Versions/A/SearchKit
0x00007ff80cba0000 	/System/Library/Frameworks/CoreServices.framework/Versions/A/Frameworks/AE.framework/Versions/A/AE
0x00007ff806b35000 	/System/Library/Frameworks/CoreServices.framework/Versions/A/Frameworks/LaunchServices.framework/Versions/A/LaunchServices
0x00007ff81423a000 	/System/Library/Frameworks/CoreServices.framework/Versions/A/Frameworks/DictionaryServices.framework/Versions/A/DictionaryServices
0x00007ff80eacb000 	/System/Library/Frameworks/CoreServices.framework/Versions/A/Frameworks/SharedFileList.framework/Versions/A/SharedFileList
0x00007ff812d8e000 	/usr/lib/libapple_nghttp2.dylib
0x00007ff80adb4000 	/usr/lib/libnetwork.dylib
0x00007ff80c852000 	/usr/lib/libsqlite3.dylib
0x00007ff80cc24000 	/System/Library/Frameworks/Network.framework/Versions/A/Network
0x00007ffb259d1000 	/usr/lib/libCoreEntitlements.dylib
0x00007ffb12aed000 	/System/Library/PrivateFrameworks/MessageSecurity.framework/Versions/A/MessageSecurity
0x00007ff80c839000 	/System/Library/PrivateFrameworks/ProtocolBuffer.framework/Versions/A/ProtocolBuffer
0x00007ff8126a4000 	/System/Library/PrivateFrameworks/AppleFSCompression.framework/Versions/A/AppleFSCompression
0x00007ff811fe5000 	/usr/lib/libcoretls.dylib
0x00007ff8142a2000 	/usr/lib/libcoretls_cfhelpers.dylib
0x00007ff812dbe000 	/usr/lib/libpam.2.dylib
0x00007ff814314000 	/usr/lib/libxar.1.dylib
0x00007ff8148ad000 	/usr/lib/libheimdal-asn1.dylib
0x00007ff812b44000 	/usr/lib/libpcap.A.dylib
0x00007ff80cc13000 	/usr/lib/libdns_services.dylib
0x00007ff8110bb000 	/System/Library/PrivateFrameworks/AppleSystemInfo.framework/Versions/A/AppleSystemInfo
0x00007ff811cef000 	/System/Library/PrivateFrameworks/IOMobileFramebuffer.framework/Versions/A/IOMobileFramebuffer
0x00007ff812773000 	/usr/lib/libbz2.1.0.dylib
0x00007ff811fd9000 	/usr/lib/libCheckFix.dylib
0x00007ff80b1ee000 	/System/Library/PrivateFrameworks/TCC.framework/Versions/A/TCC
0x00007ff8110c1000 	/System/Library/PrivateFrameworks/CoreNLP.framework/Versions/A/CoreNLP
0x00007ff80d887000 	/System/Library/PrivateFrameworks/MetadataUtilities.framework/Versions/A/MetadataUtilities
0x00007ff81200e000 	/usr/lib/libmecab.dylib
0x00007ff807210000 	/usr/lib/libCRFSuite.dylib
0x00007ff812067000 	/usr/lib/libgermantok.dylib
0x00007ff812d6a000 	/usr/lib/libThaiTokenizer.dylib
0x00007ff80d966000 	/System/Library/Frameworks/Accelerate.framework/Versions/A/Frameworks/vImage.framework/Versions/A/vImage
0x00007ff81a3a6000 	/System/Library/Frameworks/Accelerate.framework/Versions/A/Frameworks/vecLib.framework/Versions/A/vecLib
0x00007ff814356000 	/System/Library/Frameworks/Accelerate.framework/Versions/A/Frameworks/vecLib.framework/Versions/A/libvMisc.dylib
0x00007ff811aea000 	/System/Library/Frameworks/Accelerate.framework/Versions/A/Frameworks/vecLib.framework/Versions/A/libvDSP.dylib
0x00007ff806ef3000 	/System/Library/Frameworks/Accelerate.framework/Versions/A/Frameworks/vecLib.framework/Versions/A/libBLAS.dylib
0x00007ff812ea2000 	/System/Library/Frameworks/Accelerate.framework/Versions/A/Frameworks/vecLib.framework/Versions/A/libLAPACK.dylib
0x00007ff81206a000 	/System/Library/Frameworks/Accelerate.framework/Versions/A/Frameworks/vecLib.framework/Versions/A/libLinearAlgebra.dylib
0x00007ff812da9000 	/System/Library/Frameworks/Accelerate.framework/Versions/A/Frameworks/vecLib.framework/Versions/A/libSparseBLAS.dylib
0x00007ff812e9c000 	/System/Library/Frameworks/Accelerate.framework/Versions/A/Frameworks/vecLib.framework/Versions/A/libQuadrature.dylib
0x00007ff8111a7000 	/System/Library/Frameworks/Accelerate.framework/Versions/A/Frameworks/vecLib.framework/Versions/A/libBNNS.dylib
0x00007ff807119000 	/System/Library/Frameworks/Accelerate.framework/Versions/A/Frameworks/vecLib.framework/Versions/A/libSparse.dylib
0x00007ffb11d2b000 	/System/Library/PrivateFrameworks/MIL.framework/Versions/A/MIL
0x00007ff812b79000 	/usr/lib/libiconv.2.dylib
0x00007ff812acc000 	/usr/lib/libcharset.1.dylib
0x00007ff80eaa2000 	/System/Library/Frameworks/OpenDirectory.framework/Versions/A/Frameworks/CFOpenDirectory.framework/Versions/A/CFOpenDirectory
0x00007ff80ea96000 	/System/Library/Frameworks/OpenDirectory.framework/Versions/A/OpenDirectory
0x00007ff8142a4000 	/System/Library/PrivateFrameworks/APFS.framework/Versions/A/APFS
0x00007ff811f1b000 	/System/Library/Frameworks/SecurityFoundation.framework/Versions/A/SecurityFoundation
0x00007ff814322000 	/usr/lib/libutil.dylib
0x00007ffb10ca7000 	/System/Library/PrivateFrameworks/InstalledContentLibrary.framework/Versions/A/InstalledContentLibrary
0x00007ff80956e000 	/System/Library/PrivateFrameworks/CoreServicesStore.framework/Versions/A/CoreServicesStore
0x00007ffb07c1d000 	/System/Library/PrivateFrameworks/AppleMobileFileIntegrity.framework/Versions/A/AppleMobileFileIntegrity
0x00007ff90affd000 	/usr/lib/libmis.dylib
0x00007ff9198a5000 	/System/Library/PrivateFrameworks/MobileSystemServices.framework/Versions/A/MobileSystemServices
0x00007ffa1560d000 	/System/Library/PrivateFrameworks/ConfigProfileHelper.framework/Versions/A/ConfigProfileHelper
0x00007ff812d6c000 	/System/Library/PrivateFrameworks/AppleSauce.framework/Versions/A/AppleSauce
0x00007ff807e2a000 	/System/Library/PrivateFrameworks/LanguageModeling.framework/Versions/A/LanguageModeling
0x00007ff814326000 	/usr/lib/libxslt.1.dylib
0x00007ff812c6b000 	/usr/lib/libcmph.dylib
0x00007ff811cdc000 	/System/Library/PrivateFrameworks/CoreEmoji.framework/Versions/A/CoreEmoji
0x00007ff8111a2000 	/System/Library/PrivateFrameworks/LinguisticData.framework/Versions/A/LinguisticData
0x00007ff8070d0000 	/System/Library/PrivateFrameworks/Lexicon.framework/Versions/A/Lexicon
0x00007ff811fa9000 	/System/Library/PrivateFrameworks/BackgroundTaskManagement.framework/Versions/A/BackgroundTaskManagement
0x00007ffb25b13000 	/usr/lib/libTLE.dylib
0x00007ffc06bea000 	/usr/lib/swift/libswift_RegexParser.dylib
0x00007ff815146000 	/System/Library/PrivateFrameworks/AppleJPEG.framework/Versions/A/AppleJPEG
0x00007ff814892000 	/usr/lib/libexpat.1.dylib
0x00007ff815816000 	/System/Library/Frameworks/ImageIO.framework/Versions/A/Resources/libPng.dylib
0x00007ff815843000 	/System/Library/Frameworks/ImageIO.framework/Versions/A/Resources/libTIFF.dylib
0x00007ff815933000 	/System/Library/Frameworks/ImageIO.framework/Versions/A/Resources/libGIF.dylib
0x00007ff815191000 	/System/Library/Frameworks/ImageIO.framework/Versions/A/Resources/libJP2.dylib
0x00007ff8158d3000 	/System/Library/Frameworks/ImageIO.framework/Versions/A/Resources/libJPEG.dylib
0x00007ff8158ca000 	/System/Library/Frameworks/ImageIO.framework/Versions/A/Resources/libRadiance.dylib
0x00007ff8104c3000 	/System/Library/PrivateFrameworks/FontServices.framework/libFontParser.dylib
0x00007ff80cb45000 	/System/Library/PrivateFrameworks/RunningBoardServices.framework/Versions/A/RunningBoardServices
0x00007ff82072b000 	/System/Library/PrivateFrameworks/IOSurfaceAccelerator.framework/Versions/A/IOSurfaceAccelerator
0x00007ff815278000 	/System/Library/PrivateFrameworks/WatchdogClient.framework/Versions/A/WatchdogClient
0x00007ff807f90000 	/System/Library/Frameworks/CoreDisplay.framework/Versions/A/CoreDisplay
0x00007ff8103b2000 	/System/Library/Frameworks/CoreMedia.framework/Versions/A/CoreMedia
0x00007ff81019a000 	/System/Library/PrivateFrameworks/IOAccelerator.framework/Versions/A/IOAccelerator
0x00007ff80ec1c000 	/System/Library/Frameworks/CoreVideo.framework/Versions/A/CoreVideo
0x00007ff812dbc000 	/System/Library/Frameworks/MetalPerformanceShaders.framework/Versions/A/MetalPerformanceShaders
0x00007ff8152b7000 	/System/Library/Frameworks/VideoToolbox.framework/Versions/A/VideoToolbox
0x00007ff80ca83000 	/System/Library/PrivateFrameworks/BaseBoard.framework/Versions/A/BaseBoard
0x00007ff8158c3000 	/System/Library/PrivateFrameworks/GPUWrangler.framework/Versions/A/GPUWrangler
0x00007ff8158a7000 	/System/Library/PrivateFrameworks/IOPresentment.framework/Versions/A/IOPresentment
0x00007ff8158cd000 	/System/Library/PrivateFrameworks/DSExternalDisplay.framework/Versions/A/DSExternalDisplay
0x00007ffb0d19c000 	/System/Library/PrivateFrameworks/GPUCompiler.framework/Versions/31001/Libraries/libllvm-flatbuffers.dylib
0x00007ffa1e38d000 	/System/Library/Frameworks/OpenGL.framework/Versions/A/Libraries/libCoreFSCache.dylib
0x00007ffb0d198000 	/System/Library/PrivateFrameworks/GPUCompiler.framework/Versions/31001/Libraries/libGPUCompilerUtils.dylib
0x00007ff815939000 	/System/Library/PrivateFrameworks/CMCaptureCore.framework/Versions/A/CMCaptureCore
0x00007ffa22045000 	/System/Library/Frameworks/ExtensionFoundation.framework/Versions/A/ExtensionFoundation
0x00007ff81c3b8000 	/System/Library/PrivateFrameworks/CoreTime.framework/Versions/A/CoreTime
0x00007ff814e4b000 	/System/Library/PrivateFrameworks/AppServerSupport.framework/Versions/A/AppServerSupport
0x00007ff8171d3000 	/System/Library/PrivateFrameworks/perfdata.framework/Versions/A/perfdata
0x00007ff8080bc000 	/System/Library/PrivateFrameworks/AudioToolboxCore.framework/Versions/A/AudioToolboxCore
0x00007ff81038d000 	/System/Library/PrivateFrameworks/caulk.framework/Versions/A/caulk
0x00007ff816aae000 	/usr/lib/libAudioStatistics.dylib
0x00007ff90a49f000 	/System/Library/PrivateFrameworks/SystemPolicy.framework/Versions/A/SystemPolicy
0x00007ff816d49000 	/usr/lib/libSMC.dylib
0x00007ff81ff1d000 	/System/Library/Frameworks/CoreMIDI.framework/Versions/A/CoreMIDI
0x00007ff8157e4000 	/usr/lib/libAudioToolboxUtility.dylib
0x00007ff8258b0000 	/System/Library/PrivateFrameworks/OSAServicesClient.framework/Versions/A/OSAServicesClient
0x00007ff8171e0000 	/usr/lib/libperfcheck.dylib
0x00007ff814772000 	/System/Library/PrivateFrameworks/PlugInKit.framework/Versions/A/PlugInKit
0x00007ff811f0e000 	/System/Library/PrivateFrameworks/AssertionServices.framework/Versions/A/AssertionServices
0x00007ffa1e3ea000 	/System/Library/Frameworks/OpenGL.framework/Versions/A/Libraries/libGLU.dylib
0x00007ffa1e3ac000 	/System/Library/Frameworks/OpenGL.framework/Versions/A/Libraries/libGFXShared.dylib
0x00007ffa1e5ab000 	/System/Library/Frameworks/OpenGL.framework/Versions/A/Libraries/libGL.dylib
0x00007ffa1e3b5000 	/System/Library/Frameworks/OpenGL.framework/Versions/A/Libraries/libGLImage.dylib
0x00007ffa1e3a9000 	/System/Library/Frameworks/OpenGL.framework/Versions/A/Libraries/libCVMSPluginSupport.dylib
0x00007ffb25af2000 	/usr/lib/libRosetta.dylib
0x00007ffa1e394000 	/System/Library/Frameworks/OpenGL.framework/Versions/A/Libraries/libCoreVMClient.dylib
0x00007ff811030000 	/System/Library/Frameworks/MetalPerformanceShaders.framework/Versions/A/Frameworks/MPSCore.framework/Versions/A/MPSCore
0x00007ff81260e000 	/System/Library/Frameworks/MetalPerformanceShaders.framework/Versions/A/Frameworks/MPSImage.framework/Versions/A/MPSImage
0x00007ff812080000 	/System/Library/Frameworks/MetalPerformanceShaders.framework/Versions/A/Frameworks/MPSNeuralNetwork.framework/Versions/A/MPSNeuralNetwork
0x00007ff8124f1000 	/System/Library/Frameworks/MetalPerformanceShaders.framework/Versions/A/Frameworks/MPSMatrix.framework/Versions/A/MPSMatrix
0x00007ff8122ad000 	/System/Library/Frameworks/MetalPerformanceShaders.framework/Versions/A/Frameworks/MPSRayIntersector.framework/Versions/A/MPSRayIntersector
0x00007ff81252d000 	/System/Library/Frameworks/MetalPerformanceShaders.framework/Versions/A/Frameworks/MPSNDArray.framework/Versions/A/MPSNDArray
0x00007ffa2342d000 	/System/Library/Frameworks/MetalPerformanceShaders.framework/Versions/A/Frameworks/MPSFunctions.framework/Versions/A/MPSFunctions
0x00007ff806db3000 	/System/Library/PrivateFrameworks/MetalTools.framework/Versions/A/MetalTools
0x00007ff8110ba000 	/System/Library/PrivateFrameworks/AggregateDictionary.framework/Versions/A/AggregateDictionary
0x00007ff814628000 	/usr/lib/libIOReport.dylib
0x00007ffb1561e000 	/System/Library/PrivateFrameworks/PhotosensitivityProcessing.framework/Versions/A/PhotosensitivityProcessing
0x00007ffa1f070000 	/System/Library/Frameworks/OpenCL.framework/Versions/A/OpenCL
0x00007ff8149da000 	/System/Library/PrivateFrameworks/GraphVisualizer.framework/Versions/A/GraphVisualizer
0x00007ffb0d0b1000 	/System/Library/PrivateFrameworks/FontServices.framework/Versions/A/FontServices
0x00007ff814e06000 	/System/Library/PrivateFrameworks/OTSVG.framework/Versions/A/OTSVG
0x00007ff80e7e5000 	/System/Library/Frameworks/ApplicationServices.framework/Versions/A/Frameworks/ATS.framework/Versions/A/Resources/libFontRegistry.dylib
0x00007ff814e55000 	/System/Library/PrivateFrameworks/FontServices.framework/libhvf.dylib
0x00007ffb0d0b2000 	/System/Library/PrivateFrameworks/FontServices.framework/libXTFontStaticRegistryData.dylib
0x00007ff915ea8000 	/usr/lib/swift/libswiftMetal.dylib
0x00007ff90dfa7000 	/usr/lib/swift/libswiftsimd.dylib
0x00007ffb1ecf7000 	/System/Library/PrivateFrameworks/VideoToolboxParavirtualizationSupport.framework/Versions/A/VideoToolboxParavirtualizationSupport
0x00007ff814842000 	/System/Library/PrivateFrameworks/AppleVA.framework/Versions/A/AppleVA
0x00007ff816aee000 	/System/Library/Frameworks/ApplicationServices.framework/Versions/A/Frameworks/ATS.framework/Versions/A/ATS
0x00007ff80bef9000 	/System/Library/Frameworks/ApplicationServices.framework/Versions/A/Frameworks/HIServices.framework/Versions/A/HIServices
0x00007ff815945000 	/System/Library/Frameworks/ApplicationServices.framework/Versions/A/Frameworks/PrintCore.framework/Versions/A/PrintCore
0x00007ff816e9f000 	/System/Library/Frameworks/ApplicationServices.framework/Versions/A/Frameworks/QD.framework/Versions/A/QD
0x00007ff816e97000 	/System/Library/Frameworks/ApplicationServices.framework/Versions/A/Frameworks/ColorSyncLegacy.framework/Versions/A/ColorSyncLegacy
0x00007ff816ac2000 	/System/Library/Frameworks/ApplicationServices.framework/Versions/A/Frameworks/SpeechSynthesis.framework/Versions/A/SpeechSynthesis
0x00007ff815903000 	/System/Library/Frameworks/ApplicationServices.framework/Versions/A/Frameworks/ATSUI.framework/Versions/A/ATSUI
0x00007ff816e29000 	/usr/lib/libcups.2.dylib
0x00007ff8171ef000 	/System/Library/Frameworks/Kerberos.framework/Versions/A/Kerberos
0x00007ff8171fe000 	/System/Library/Frameworks/GSS.framework/Versions/A/GSS
0x00007ff816b5c000 	/usr/lib/libresolv.9.dylib
0x00007ff814e65000 	/System/Library/PrivateFrameworks/Heimdal.framework/Versions/A/Heimdal
0x00007ff81e100000 	/System/Library/Frameworks/Kerberos.framework/Versions/A/Libraries/libHeimdalProxy.dylib
0x00007ff817249000 	/System/Library/PrivateFrameworks/CommonAuth.framework/Versions/A/CommonAuth
0x00007ffa212f5000 	/System/Library/Frameworks/AVFAudio.framework/Versions/A/AVFAudio
0x00007ff8258f9000 	/System/Library/PrivateFrameworks/AXCoreUtilities.framework/Versions/A/AXCoreUtilities
0x00007ff816a40000 	/System/Library/PrivateFrameworks/AudioSession.framework/Versions/A/AudioSession
0x00007ff81803e000 	/System/Library/Frameworks/IOBluetooth.framework/Versions/A/IOBluetooth
0x00007ff814948000 	/System/Library/PrivateFrameworks/MediaExperience.framework/Versions/A/MediaExperience
0x00007ff8168ea000 	/System/Library/PrivateFrameworks/AudioSession.framework/libSessionUtility.dylib
0x00007ff816eab000 	/System/Library/PrivateFrameworks/AudioResourceArbitration.framework/Versions/A/AudioResourceArbitration
0x00007ff81afcf000 	/System/Library/PrivateFrameworks/PowerLog.framework/Versions/A/PowerLog
0x00007ff81af0e000 	/System/Library/Frameworks/CoreBluetooth.framework/Versions/A/CoreBluetooth
0x00007ff81e101000 	/System/Library/Frameworks/AudioUnit.framework/Versions/A/AudioUnit
0x00007ff811d78000 	/System/Library/PrivateFrameworks/CoreUtils.framework/Versions/A/CoreUtils
0x00007ffb0bb7f000 	/System/Library/PrivateFrameworks/CoreUtilsExtras.framework/Versions/A/CoreUtilsExtras
0x00007ffb10b36000 	/System/Library/PrivateFrameworks/IO80211.framework/Versions/A/IO80211
0x00007ff8148b6000 	/System/Library/PrivateFrameworks/IconFoundation.framework/Versions/A/IconFoundation
0x00007ff819fc6000 	/System/Library/PrivateFrameworks/SpeechRecognitionCore.framework/Versions/A/SpeechRecognitionCore
0x000000010a35d000 	/Library/Java/JavaVirtualMachines/jdk-17.jdk/Contents/Home/lib/server/libjvm.dylib
0x0000000109381000 	/Library/Java/JavaVirtualMachines/jdk-17.jdk/Contents/Home/lib/libjimage.dylib
0x00000001093ce000 	/Library/Java/JavaVirtualMachines/jdk-17.jdk/Contents/Home/lib/libjava.dylib
0x0000000109fbe000 	/Library/Java/JavaVirtualMachines/jdk-17.jdk/Contents/Home/lib/libnio.dylib
0x000000010a015000 	/Library/Java/JavaVirtualMachines/jdk-17.jdk/Contents/Home/lib/libnet.dylib
0x000000010a05a000 	/Library/Java/JavaVirtualMachines/jdk-17.jdk/Contents/Home/lib/libzip.dylib
0x000000010a0a0000 	/Library/Java/JavaVirtualMachines/jdk-17.jdk/Contents/Home/lib/libverify.dylib
0x000000010a188000 	/Library/Java/JavaVirtualMachines/jdk-17.jdk/Contents/Home/lib/libawt.dylib
0x000000012e268000 	/Library/Java/JavaVirtualMachines/jdk-17.jdk/Contents/Home/lib/libmlib_image.dylib
0x00007ffa22617000 	/System/Library/Frameworks/JavaRuntimeSupport.framework/Versions/A/JavaRuntimeSupport
0x00007ff909eac000 	/System/Library/Frameworks/Carbon.framework/Versions/A/Carbon
0x00007ff81c2d4000 	/System/Library/PrivateFrameworks/CoreSymbolication.framework/Versions/A/CoreSymbolication
0x00007ff821c70000 	/System/Library/Frameworks/Carbon.framework/Versions/A/Frameworks/CommonPanels.framework/Versions/A/CommonPanels
0x00007ff81da64000 	/System/Library/Frameworks/Carbon.framework/Versions/A/Frameworks/Help.framework/Versions/A/Help
0x00007ff821c74000 	/System/Library/Frameworks/Carbon.framework/Versions/A/Frameworks/ImageCapture.framework/Versions/A/ImageCapture
0x00007ff821c4c000 	/System/Library/Frameworks/Carbon.framework/Versions/A/Frameworks/OpenScripting.framework/Versions/A/OpenScripting
0x00007ff821c6c000 	/System/Library/Frameworks/Carbon.framework/Versions/A/Frameworks/Ink.framework/Versions/A/Ink
0x00007ff909ea8000 	/System/Library/Frameworks/Carbon.framework/Versions/A/Frameworks/Print.framework/Versions/A/Print
0x00007ff821c68000 	/System/Library/Frameworks/Carbon.framework/Versions/A/Frameworks/SecurityHI.framework/Versions/A/SecurityHI
0x00007ff81c295000 	/System/Library/PrivateFrameworks/DebugSymbols.framework/Versions/A/DebugSymbols
0x0000000130a1b000 	/Library/Java/JavaVirtualMachines/jdk-17.jdk/Contents/Home/lib/libawt_lwawt.dylib
0x000000010a10f000 	/Library/Java/JavaVirtualMachines/jdk-17.jdk/Contents/Home/lib/libosxapp.dylib
0x00007ff909151000 	/System/Library/Frameworks/ExceptionHandling.framework/Versions/A/ExceptionHandling
0x0000000130e40000 	/Library/Java/JavaVirtualMachines/jdk-17.jdk/Contents/Home/lib/libfontmanager.dylib
0x0000000130cb2000 	/Library/Java/JavaVirtualMachines/jdk-17.jdk/Contents/Home/lib/libfreetype.dylib
0x00007ff81b5bd000 	/System/Library/Frameworks/FileProvider.framework/Versions/A/FileProvider
0x00007ff80c9ee000 	/System/Library/Frameworks/Accounts.framework/Versions/A/Accounts
0x00007ff80ecab000 	/System/Library/PrivateFrameworks/UserManagement.framework/Versions/A/UserManagement
0x00007ff81b757000 	/System/Library/PrivateFrameworks/GenerationalStorage.framework/Versions/A/GenerationalStorage
0x00007ff81afc4000 	/System/Library/PrivateFrameworks/SymptomDiagnosticReporter.framework/Versions/A/SymptomDiagnosticReporter
0x00007ff80a8b6000 	/System/Library/PrivateFrameworks/DesktopServicesPriv.framework/Versions/A/DesktopServicesPriv
0x00007ff809678000 	/usr/lib/libsandbox.1.dylib
0x00007ff816e8c000 	/System/Library/PrivateFrameworks/NetAuth.framework/Versions/A/NetAuth
0x00007ff817ebd000 	/System/Library/PrivateFrameworks/Sharing.framework/Versions/A/Sharing
0x00007ff80ec71000 	/System/Library/PrivateFrameworks/login.framework/Versions/A/Frameworks/loginsupport.framework/Versions/A/loginsupport
0x00007ff81d5d6000 	/System/Library/PrivateFrameworks/Apple80211.framework/Versions/A/Apple80211
0x00007ff8127b5000 	/System/Library/PrivateFrameworks/AuthKit.framework/Versions/A/AuthKit
0x00007ff811cfd000 	/System/Library/Frameworks/CoreWLAN.framework/Versions/A/CoreWLAN
0x00007ff81d5da000 	/System/Library/PrivateFrameworks/CoreWiFi.framework/Versions/A/CoreWiFi
0x00007ffa0f225000 	/System/Library/PrivateFrameworks/WiFiPeerToPeer.framework/Versions/A/WiFiPeerToPeer
0x00007ff81be3c000 	/System/Library/PrivateFrameworks/FrontBoardServices.framework/Versions/A/FrontBoardServices
0x00007ff81bed5000 	/System/Library/PrivateFrameworks/BoardServices.framework/Versions/A/BoardServices
0x00007ff81d776000 	/System/Library/PrivateFrameworks/BackBoardServices.framework/Versions/A/BackBoardServices
0x00007ff81292d000 	/System/Library/Frameworks/UserNotifications.framework/Versions/A/UserNotifications
0x00007ff817341000 	/System/Library/PrivateFrameworks/CorePhoneNumbers.framework/Versions/A/CorePhoneNumbers
0x00007ff816b89000 	/System/Library/PrivateFrameworks/MultiverseSupport.framework/Versions/A/MultiverseSupport
0x00007ff81d9f1000 	/System/Library/PrivateFrameworks/RemoteServiceDiscovery.framework/Versions/A/RemoteServiceDiscovery
0x00007ff81b0de000 	/System/Library/PrivateFrameworks/DiskManagement.framework/Versions/A/DiskManagement
0x00007ff81aff6000 	/System/Library/PrivateFrameworks/AppleIDAuthSupport.framework/Versions/A/AppleIDAuthSupport
0x00007ffa261f2000 	/System/Library/PrivateFrameworks/AAAFoundation.framework/Versions/A/AAAFoundation
0x00007ff81731a000 	/System/Library/PrivateFrameworks/KeychainCircle.framework/Versions/A/KeychainCircle
0x00007ff81da01000 	/System/Library/PrivateFrameworks/RemoteXPC.framework/Versions/A/RemoteXPC
0x00007ff81b0aa000 	/System/Library/PrivateFrameworks/MediaKit.framework/Versions/A/MediaKit
0x00007ff81b002000 	/System/Library/Frameworks/DiscRecording.framework/Versions/A/DiscRecording
0x00007ff8147b6000 	/usr/lib/libCoreStorage.dylib
0x00007ff81da6c000 	/usr/lib/libcsfde.dylib
0x00007ff818113000 	/System/Library/PrivateFrameworks/ProtectedCloudStorage.framework/Versions/A/ProtectedCloudStorage
0x00007ff81da68000 	/System/Library/PrivateFrameworks/EFILogin.framework/Versions/A/EFILogin
0x00007ff81b77d000 	/System/Library/PrivateFrameworks/OctagonTrust.framework/Versions/A/OctagonTrust
0x00007ff8147ae000 	/usr/lib/libMatch.1.dylib
0x00007ff912e7d000 	/System/Library/CoreServices/RawCamera.bundle/Contents/MacOS/RawCamera
0x00007ff817259000 	/System/Library/PrivateFrameworks/MobileAsset.framework/Versions/A/MobileAsset
0x00007ff910752000 	/System/Library/PrivateFrameworks/SoftwareUpdateCoreSupport.framework/Versions/A/SoftwareUpdateCoreSupport
0x00007ff916bab000 	/System/Library/PrivateFrameworks/SoftwareUpdateCoreConnect.framework/Versions/A/SoftwareUpdateCoreConnect
0x00007ff81e125000 	/System/Library/PrivateFrameworks/StreamingZip.framework/Versions/A/StreamingZip
0x00007ff910418000 	/System/Library/PrivateFrameworks/MSUDataAccessor.framework/Versions/A/MSUDataAccessor
0x00007ff90c8be000 	/usr/lib/libbootpolicy.dylib
0x00007ff91d5c6000 	/usr/lib/libpartition2_dynamic.dylib
0x00007ffb08725000 	/System/Library/PrivateFrameworks/CMPhoto.framework/Versions/A/CMPhoto
0x00007ff81c168000 	/System/Library/PrivateFrameworks/AppleVPA.framework/Versions/A/AppleVPA
0x00007ff815b75000 	/System/Library/Frameworks/MediaToolbox.framework/Versions/A/MediaToolbox
0x00007ff81b58d000 	/System/Library/PrivateFrameworks/CoreAVCHD.framework/Versions/A/CoreAVCHD
0x00007ff81a6cc000 	/System/Library/Frameworks/MediaAccessibility.framework/Versions/A/MediaAccessibility
0x00007ff81b589000 	/System/Library/PrivateFrameworks/Mangrove.framework/Versions/A/Mangrove
0x00007ff81b1ce000 	/System/Library/PrivateFrameworks/CoreAUC.framework/Versions/A/CoreAUC
0x00007ff90fe09000 	/System/Library/Frameworks/Accelerate.framework/Versions/A/Frameworks/vImage.framework/Versions/A/Libraries/libCGInterfaces.dylib
0x00000001398fa000 	/usr/lib/libobjc-trampolines.dylib
0x00007ffb258a3000 	/usr/lib/libAccessibilityBaseImplementations.dylib
0x00007ff80e98a000 	/System/Library/PrivateFrameworks/ViewBridge.framework/Versions/A/ViewBridge
0x00007ff814631000 	/System/Library/PrivateFrameworks/CrashReporterSupport.framework/Versions/A/CrashReporterSupport
0x00007ff918aad000 	/System/Library/PrivateFrameworks/OSAnalytics.framework/Versions/A/OSAnalytics
0x00007ff924c56000 	/System/Library/PrivateFrameworks/Symbolication.framework/Versions/A/Symbolication
0x00007ff90afce000 	/System/Library/PrivateFrameworks/MallocStackLogging.framework/Versions/A/MallocStackLogging
0x000000013b561000 	/Users/komron/IdeaProjects/shisen/native/macosx/liblwjgl.dylib
0x000000013b047000 	/Library/Java/JavaVirtualMachines/jdk-17.jdk/Contents/Home/lib/libjawt.dylib
0x00007ffa1e5b6000 	/System/Library/Frameworks/OpenGL.framework/Versions/A/Resources/GLEngine.bundle/GLEngine
0x00007ffa1e427000 	/System/Library/Frameworks/OpenGL.framework/Versions/A/Libraries/libGLProgrammability.dylib
0x000000013b797000 	/System/Library/Extensions/AppleMetalOpenGLRenderer.bundle/Contents/MacOS/AppleMetalOpenGLRenderer
0x00007ffa1e738000 	/System/Library/Frameworks/OpenGL.framework/Versions/A/Resources/GLRendererFloat.bundle/GLRendererFloat
0x00007ffa1f6ba000 	/System/Library/Extensions/AGXMetal13_3.bundle/Contents/MacOS/AGXMetal13_3
0x00007ff90b00f000 	/System/Library/PrivateFrameworks/GPURawCounter.framework/Versions/A/GPURawCounter
0x00007ff8248cf000 	/System/Library/PrivateFrameworks/IOGPU.framework/Versions/A/IOGPU
0x00007ff814f1d000 	/System/Library/PrivateFrameworks/login.framework/Versions/A/login


VM Arguments:
jvm_args: -Dfile.encoding=UTF-8 -Duser.country=DE -Duser.language=en -Duser.variant 
java_command: tud.ai1.shisen.view.Launch
java_class_path (initial): /Users/komron/IdeaProjects/shisen/build/classes/java/main:/Users/komron/IdeaProjects/shisen/build/resources/main:/Users/komron/IdeaProjects/shisen/libs/eea.jar:/Users/komron/IdeaProjects/shisen/libs/junit-4.12.jar:/Users/komron/IdeaProjects/shisen/libs/slick.jar:/Users/komron/IdeaProjects/shisen/libs/lwjgl.jar:/Users/komron/IdeaProjects/shisen/libs/mockito-all-1.10.19.jar:/Users/komron/IdeaProjects/shisen/libs/hamcrest-core-1.3.jar:/Users/komron/.gradle/caches/modules-2/files-2.1/org.junit.jupiter/junit-jupiter-api/5.5.0/49cb319db20265a033394c397b55fc654c40c1df/junit-jupiter-api-5.5.0.jar:/Users/komron/.gradle/caches/modules-2/files-2.1/com.google.guava/guava/27.0.1-jre/bd41a290787b5301e63929676d792c507bbc00ae/guava-27.0.1-jre.jar:/Users/komron/.gradle/caches/modules-2/files-2.1/org.junit.platform/junit-platform-commons/1.5.0/cebf068a2d727ebc32d98693fbb385c7f11a9c9e/junit-platform-commons-1.5.0.jar:/Users/komron/.gradle/caches/modules-2/files-2.1/org.apiguardian/apiguardian-api/1.1.0/fc9dff4bb36d627bdc553de77e1f17efd790876c/apiguardian-api-1.1.0.jar:/Users/komron/.gradle/caches/modules-2/files-2.1/org.opentest4j/opentest4j/1.2.0/28c11eb91f9b6d8e200631d46e20a7f407f2a046/opentest4j-1.2.0.jar:/Users/komron/.gradle/caches/modules-2/files-2.1/com.google.guava/failureaccess/1.0.1/1dcf1de382a0bf95a3d8b0849546c88bac1292c9/failureaccess-1.0.1.jar:/Users/komron/.gradle/caches/modules-2/files-2.1/com.google.guava/listenablefuture/9999.0-empty-to-avoid-conflict-with-guava/b421526c5f297295adef1c886e5246c39d4ac629/listenablefuture-9999.0-empty-to-avoid-conflict-with-guava.jar:/Users/komron/.gradle/caches/modules-2/files-2.1/com.google.code.findbugs/jsr305/3.0.2/25ea2e8b0c338a877313bd4672d3fe056ea78f0d/jsr305-3.0.2.jar:/Users/komron/.gradle/caches/modules-2/files-2.1/org.checkerframework/checker-qual/2.5.2/cea74543d5904a30861a61b4643a5f2bb372efc4/checker-qual-2.5.2.jar:/Users/komron/.gradle/caches/modules-2/files-2.1/com.google.errorprone/error_prone_a
Launcher Type: SUN_STANDARD

[Global flags]
     intx CICompilerCount                          = 4                                         {product} {ergonomic}
     uint ConcGCThreads                            = 2                                         {product} {ergonomic}
     uint G1ConcRefinementThreads                  = 8                                         {product} {ergonomic}
   size_t G1HeapRegionSize                         = 2097152                                   {product} {ergonomic}
    uintx GCDrainStackTargetSize                   = 64                                        {product} {ergonomic}
   size_t InitialHeapSize                          = 268435456                                 {product} {ergonomic}
   size_t MarkStackSize                            = 4194304                                   {product} {ergonomic}
   size_t MaxHeapSize                              = 4294967296                                {product} {ergonomic}
   size_t MaxNewSize                               = 2575302656                                {product} {ergonomic}
   size_t MinHeapDeltaBytes                        = 2097152                                   {product} {ergonomic}
   size_t MinHeapSize                              = 8388608                                   {product} {ergonomic}
    uintx NonNMethodCodeHeapSize                   = 5839372                                {pd product} {ergonomic}
    uintx NonProfiledCodeHeapSize                  = 122909434                              {pd product} {ergonomic}
    uintx ProfiledCodeHeapSize                     = 122909434                              {pd product} {ergonomic}
    uintx ReservedCodeCacheSize                    = 251658240                              {pd product} {ergonomic}
     bool SegmentedCodeCache                       = true                                      {product} {ergonomic}
   size_t SoftMaxHeapSize                          = 4294967296                             {manageable} {ergonomic}
     bool UseCompressedClassPointers               = true                           {product lp64_product} {ergonomic}
     bool UseCompressedOops                        = true                           {product lp64_product} {ergonomic}
     bool UseG1GC                                  = true                                      {product} {ergonomic}
     bool UseNUMA                                  = false                                     {product} {ergonomic}
     bool UseNUMAInterleaving                      = false                                     {product} {ergonomic}

Logging:
Log output configuration:
 #0: stdout all=warning uptime,level,tags
 #1: stderr all=off uptime,level,tags

Environment Variables:
PATH=/usr/bin:/bin:/usr/sbin:/sbin
SHELL=/bin/bash

Signal Handlers:
   SIGSEGV: crash_handler in libjvm.dylib, mask=11100110100111111111111111111111, flags=SA_RESTART|SA_SIGINFO
    SIGBUS: crash_handler in libjvm.dylib, mask=11100110100111111111111111111111, flags=SA_RESTART|SA_SIGINFO
    SIGFPE: crash_handler in libjvm.dylib, mask=11100110100111111111111111111111, flags=SA_RESTART|SA_SIGINFO
   SIGPIPE: javaSignalHandler in libjvm.dylib, mask=11100110100111111111111111111111, flags=SA_RESTART|SA_SIGINFO
   SIGXFSZ: javaSignalHandler in libjvm.dylib, mask=11100110100111111111111111111111, flags=SA_RESTART|SA_SIGINFO
    SIGILL: crash_handler in libjvm.dylib, mask=11100110100111111111111111111111, flags=SA_RESTART|SA_SIGINFO
   SIGUSR2: SR_handler in libjvm.dylib, mask=00000000000000000000000000000000, flags=SA_RESTART|SA_SIGINFO
    SIGHUP: UserHandler in libjvm.dylib, mask=11100110100111111111111111111111, flags=SA_RESTART|SA_SIGINFO
    SIGINT: UserHandler in libjvm.dylib, mask=11100110100111111111111111111111, flags=SA_RESTART|SA_SIGINFO
   SIGTERM: UserHandler in libjvm.dylib, mask=11100110100111111111111111111111, flags=SA_RESTART|SA_SIGINFO
   SIGQUIT: UserHandler in libjvm.dylib, mask=11100110100111111111111111111111, flags=SA_RESTART|SA_SIGINFO
   SIGTRAP: crash_handler in libjvm.dylib, mask=11100110100111111111111111111111, flags=SA_RESTART|SA_SIGINFO


---------------  S Y S T E M  ---------------

OS:
uname: Darwin 22.5.0 Darwin Kernel Version 22.5.0: Mon Apr 24 20:53:44 PDT 2023; root:xnu-8796.121.2~5/RELEASE_ARM64_T8103 x86_64
OS uptime: 39 days 1:46 hours
rlimit (soft/hard): STACK 8176k/65520k , CORE 0k/infinity , NPROC 2666/4000 , NOFILE 10240/infinity , AS infinity/infinity , CPU infinity/infinity , DATA infinity/infinity , FSIZE infinity/infinity , MEMLOCK infinity/infinity , RSS infinity/infinity
load average: 2.15 1.94 1.96

CPU: (EMULATED) total 8 (initial active 8) (1 cores per cpu, 1 threads per core) family 6 model 44 stepping 0 microcode 0x0, cx8, cmov, fxsr, mmx, sse, sse2, sse3, ssse3, sse4.1, sse4.2, popcnt, tsc, tscinvbit, aes, clmul, clflush

Memory: 4k page, physical 16777216k(17608k free), swap 4194304k(1108288k free)

vm_info: Java HotSpot(TM) 64-Bit Server VM (17+35-LTS-2724) for bsd-amd64 JRE (17+35-LTS-2724), built on Aug  5 2021 22:37:01 by "mach5one" with clang Apple LLVM 12.0.0 (clang-1200.0.32.29)

END.
